"../../../Engine/Content/ArtTools/RenderToTexture/Enums/RenderToTexture_Enum.uasset" 0
"../../../Engine/Content/ArtTools/RenderToTexture/Enums/RenderToTexture_Flipbook_Enum.uasset" 1
"../../../Engine/Content/ArtTools/RenderToTexture/Enums/RenderToTexture_Imposter_Enum.uasset" 2
"../../../Engine/Content/EditorBlueprintResources/StandardMacros.uasset" 3
"../../../Engine/Content/ArtTools/RenderToTexture/Enums/EIntTypes.uasset" 4
"../../../Engine/Content/ArtTools/RenderToTexture/Macros/RenderToTextureFunctionLibrary.uasset" 5
"../../../Engine/Content/ArtTools/RenderToTexture/Enums/EFloatTypes.uasset" 6
"../../../Engine/Content/ArtTools/RenderToTexture/Macros/RenderToTextureMacros.uasset" 7
"../../../Engine/Content/Functions/Engine_MaterialFunctions01/Opacity/CameraDepthFade.uasset" 8
"../../../Engine/Content/EngineMaterials/T_Default_Material_Grid_M.uasset" 9
"../../../Engine/Content/EngineMaterials/T_Default_Material_Grid_N.uasset" 10
"../../../Engine/Content/EngineMaterials/WorldGridMaterial.uasset" 11
"../../../Engine/Content/ArtTools/RenderToTexture/Meshes/S_1_Unit_Plane.uasset" 12
"../../../Engine/Content/EngineMaterials/DefaultPhysicalMaterial.uasset" 13
"../../../Engine/Content/BufferVisualization/AmbientOcclusion.uasset" 14
"../../../Engine/Content/BufferVisualization/BaseColor.uasset" 15
"../../../Engine/Content/BufferVisualization/CustomDepth.uasset" 16
"../../../Engine/Content/Functions/Engine_MaterialFunctions02/Utility/VectorLength.uasset" 17
"../../../Engine/Content/BufferVisualization/CustomDepthWorldUnits.uasset" 18
"../../../Engine/Content/Functions/Engine_MaterialFunctions02/Utility/BreakOutFloat2Components.uasset" 19
"../../../Engine/Content/Functions/Engine_MaterialFunctions01/Texturing/ScaleUVsByCenter.uasset" 20
"../../../Engine/Content/Functions/Engine_MaterialFunctions02/ScreenResolution.uasset" 21
"../../../Engine/Content/Functions/Engine_MaterialFunctions02/Texturing/ScreenAlignedUVs.uasset" 22
"../../../Engine/Content/Functions/Engine_MaterialFunctions02/Utility/MakeFloat2.uasset" 23
"../../../Engine/Content/Functions/Engine_MaterialFunctions02/Utility/MakeFloat3.uasset" 24
"../../../Engine/Content/EngineMaterials/MiniFont.uasset" 25
"../../../Engine/Content/BufferVisualization/CustomStencil.uasset" 26
"../../../Engine/Content/BufferVisualization/FinalImage.uasset" 27
"../../../Engine/Content/BufferVisualization/LightingModel.uasset" 28
"../../../Engine/Content/BufferVisualization/MaterialAO.uasset" 29
"../../../Engine/Content/BufferVisualization/Metallic.uasset" 30
"../../../Engine/Content/BufferVisualization/Opacity.uasset" 31
"../../../Engine/Content/BufferVisualization/PostTonemapHDRColor.uasset" 32
"../../../Engine/Content/BufferVisualization/PreTonemapHDRColor.uasset" 33
"../../../Engine/Content/BufferVisualization/Roughness.uasset" 34
"../../../Engine/Content/BufferVisualization/SceneColor.uasset" 35
"../../../Engine/Content/BufferVisualization/SceneDepth.uasset" 36
"../../../Engine/Content/BufferVisualization/SceneDepthWorldUnits.uasset" 37
"../../../Engine/Content/BufferVisualization/SeparateTranslucencyA.uasset" 38
"../../../Engine/Content/BufferVisualization/SeparateTranslucencyRGB.uasset" 39
"../../../Engine/Content/BufferVisualization/Specular.uasset" 40
"../../../Engine/Content/BufferVisualization/SubsurfaceColor.uasset" 41
"../../../Engine/Content/BufferVisualization/WorldNormal.uasset" 42
"../../../Engine/Content/EditorLandscapeResources/DataLayer.uasset" 43
"../../../Engine/Content/EditorLandscapeResources/DefaultAlphaTexture.uasset" 44
"../../../Engine/Content/EditorLandscapeResources/LandscapeGizmoHeight_Mat.uasset" 45
"../../../Engine/Content/EditorLandscapeResources/LandscapeGizmo_Mat.uasset" 46
"../../../Engine/Content/EditorLandscapeResources/LandscapeGizmo_Mat_Copied.uasset" 47
"../../../Engine/Content/EditorLandscapeResources/SplineEditorMeshMat.uasset" 48
"../../../Engine/Content/EditorLandscapeResources/SplineEditorMesh.uasset" 49
"../../../Engine/Content/EditorMaterials/Cross.uasset" 50
"../../../Engine/Content/EditorMaterials/Cross_Mat.uasset" 51
"../../../Engine/Content/EditorMaterials/GizmoMaterial.uasset" 52
"../../../Engine/Content/Functions/Engine_MaterialFunctions02/Utility/Sign.uasset" 53
"../../../Engine/Content/Functions/Engine_MaterialFunctions02/Utility/Round.uasset" 54
"../../../Engine/Content/Functions/Engine_MaterialFunctions02/ExampleContent/Textures/flipbook.uasset" 55
"../../../Engine/Content/Functions/Engine_MaterialFunctions02/Texturing/FlipBook.uasset" 56
"../../../Engine/Content/EditorResources/T_EditorHelp.uasset" 57
"../../../Engine/Content/EditorMaterials/HelpActorMaterial.uasset" 58
"../../../Engine/Content/EditorMaterials/CompositeARGBLayer.uasset" 59
"../../../Engine/Content/EditorMaterials/TilingAALineIntegral.uasset" 60
"../../../Engine/Content/EditorMaterials/TilingAALineBoxFiltered.uasset" 61
"../../../Engine/Content/Functions/Engine_MaterialFunctions03/Procedurals/ComputeFilterWidth.uasset" 62
"../../../Engine/Content/EditorMaterials/TilingAADots.uasset" 63
"../../../Engine/Content/EditorMaterials/Cascade/CASC_Cross.uasset" 64
"../../../Engine/Content/EditorMaterials/Cascade/CASC_None.uasset" 65
"../../../Engine/Content/Functions/Engine_MaterialFunctions03/Blends/Blend_Screen.uasset" 66
"../../../Engine/Content/EditorMaterials/TilingAAGrid.uasset" 67
"../../../Engine/Content/EditorMaterials/LevelGridMaterial.uasset" 68
"../../../Engine/Content/EditorMaterials/MakeCompositeARGBLayer.uasset" 69
"../../../Engine/Content/EditorResources/LevelGrid1DStripes.uasset" 70
"../../../Engine/Content/EditorMaterials/TextureGridCascaded1D.uasset" 71
"../../../Engine/Content/EditorMaterials/TextureGridCascaded2D.uasset" 72
"../../../Engine/Content/EditorMaterials/LevelGridMaterial2.uasset" 73
"../../../Engine/Content/EditorMaterials/MAT_Groups_Toggle.uasset" 74
"../../../Engine/Content/EditorMaterials/MAT_Groups_Visibility.uasset" 75
"../../../Engine/Content/EditorMaterials/AntialiasedGridFloor.uasset" 76
"../../../Engine/Content/EditorResources/TilePatine_D.uasset" 77
"../../../Engine/Content/EditorResources/TilePatine_N.uasset" 78
"../../../Engine/Content/EngineMaterials/Grid.uasset" 79
"../../../Engine/Content/EditorMaterials/PersonaFloorMat.uasset" 80
"../../../Engine/Content/EditorMaterials/PhAT_BoneSelectedMaterial.uasset" 81
"../../../Engine/Content/EditorMaterials/PhAT_ElemSelectedMaterial.uasset" 82
"../../../Engine/Content/EditorMaterials/PhAT_NoCollisionMaterial.uasset" 83
"../../../Engine/Content/EditorMaterials/PhAT_UnselectedMaterial.uasset" 84
"../../../Engine/Content/EditorMaterials/PreviewShadowIndicator.uasset" 85
"../../../Engine/Content/EditorMaterials/PreviewShadowIndicatorMaterial.uasset" 86
"../../../Engine/Content/EditorMaterials/TargetIcon.uasset" 87
"../../../Engine/Content/EditorMaterials/Tick.uasset" 88
"../../../Engine/Content/EditorMaterials/Tick_Mat.uasset" 89
"../../../Engine/Content/EditorMaterials/WidgetGridVertexColorMaterial.uasset" 90
"../../../Engine/Content/EditorMaterials/WidgetGridVertexColorMaterial_Ma.uasset" 91
"../../../Engine/Content/EditorMaterials/WidgetMaterial.uasset" 92
"../../../Engine/Content/EditorMaterials/WidgetMaterial_Current.uasset" 93
"../../../Engine/Content/EditorMaterials/WidgetMaterial_X.uasset" 94
"../../../Engine/Content/EditorMaterials/WidgetMaterial_Y.uasset" 95
"../../../Engine/Content/EditorMaterials/WidgetMaterial_Z.uasset" 96
"../../../Engine/Content/EditorMaterials/WidgetVertexColorMaterial.uasset" 97
"../../../Engine/Content/EditorMaterials/AssetViewer/EpicQuadPanorama_CC+EV1.uasset" 98
"../../../Engine/Content/EditorMaterials/MatineeGroups/MAT_ColorTrack.uasset" 99
"../../../Engine/Content/EditorMaterials/MatineeGroups/MAT_Groups_Anim.uasset" 100
"../../../Engine/Content/EditorMaterials/MatineeGroups/MAT_Groups_AudioMaster.uasset" 101
"../../../Engine/Content/EditorMaterials/MatineeGroups/MAT_Groups_Director.uasset" 102
"../../../Engine/Content/EditorMaterials/MatineeGroups/MAT_Groups_Event.uasset" 103
"../../../Engine/Content/EditorMaterials/MatineeGroups/MAT_Groups_Fade.uasset" 104
"../../../Engine/Content/EditorMaterials/MatineeGroups/MAT_Groups_Float.uasset" 105
"../../../Engine/Content/EditorMaterials/MatineeGroups/MAT_Groups_Move.uasset" 106
"../../../Engine/Content/EditorMaterials/MatineeGroups/MAT_Groups_Slomo.uasset" 107
"../../../Engine/Content/EditorMaterials/MatineeGroups/MAT_Groups_Sound.uasset" 108
"../../../Engine/Content/EditorMaterials/MatineeGroups/MAT_Groups_Vector.uasset" 109
"../../../Engine/Content/EditorMaterials/ParticleSystems/PSysThumbnail_NoImage.uasset" 110
"../../../Engine/Content/EditorMaterials/ParticleSystems/PSysThumbnail_OOD.uasset" 111
"../../../Engine/Content/EditorMaterials/Thumbnails/FloorPlaneMaterial.uasset" 112
"../../../Engine/Content/EditorMeshes/EditorCylinder.uasset" 113
"../../../Engine/Content/EditorMeshes/EditorPlane.uasset" 114
"../../../Engine/Content/EditorMaterials/Thumbnails/SkySphereMaterial.uasset" 115
"../../../Engine/Content/EditorMeshes/EditorSkySphere.uasset" 116
"../../../Engine/Content/EditorMeshes/EditorSphere.uasset" 117
"../../../Engine/Content/EditorResources/MatineeCam_D.uasset" 118
"../../../Engine/Content/EditorMaterials/MatineeCam_mat.uasset" 119
"../../../Engine/Content/EditorMeshes/MatineeCam_SM.uasset" 120
"../../../Engine/Content/Functions/Engine_MaterialFunctions01/Shading/ConvertFromDiffSpec.uasset" 121
"../../../Engine/Content/EditorMaterials/GridMaterial.uasset" 122
"../../../Engine/Content/EditorMeshes/PhAT_FloorBox.uasset" 123
"../../../Engine/Content/EditorMaterials/Camera/CineMat.uasset" 124
"../../../Engine/Content/EditorMaterials/Camera/MI_CineMat_CameraBody.uasset" 125
"../../../Engine/Content/EngineDebugMaterials/M_SimpleOpaque.uasset" 126
"../../../Engine/Content/EditorMaterials/Camera/MI_CineMat_CamViewFinder.uasset" 127
"../../../Engine/Content/EditorMeshes/Camera/SM_CineCam.uasset" 128
"../../../Engine/Content/EditorMaterials/Camera/MI_CineMat_Rig.uasset" 129
"../../../Engine/Content/EditorMeshes/Camera/SM_CraneRig_Arm.uasset" 130
"../../../Engine/Content/EditorMeshes/Camera/SM_CraneRig_Base.uasset" 131
"../../../Engine/Content/EditorMeshes/Camera/SM_CraneRig_Body.uasset" 132
"../../../Engine/Content/EditorMeshes/Camera/SM_CraneRig_Mount.uasset" 133
"../../../Engine/Content/EditorMeshes/Camera/SM_RailRig_Mount.uasset" 134
"../../../Engine/Content/EditorMeshes/Camera/SM_RailRig_Track.uasset" 135
"../../../Engine/Content/EditorMeshes/ColorCalibrator/M_ChromeBall.uasset" 136
"../../../Engine/Content/EditorMeshes/ColorCalibrator/M_ClearCoat.uasset" 137
"../../../Engine/Content/EditorMeshes/ColorCalibrator/M_ClearCoatBlack.uasset" 138
"../../../Engine/Content/EditorMeshes/ColorCalibrator/T_ColorGrid.uasset" 139
"../../../Engine/Content/EditorMeshes/ColorCalibrator/M_ColorGrid.uasset" 140
"../../../Engine/Content/EditorMeshes/ColorCalibrator/M_GreyBall.uasset" 141
"../../../Engine/Content/EditorMeshes/ColorCalibrator/SM_ColorCalibrator.uasset" 142
"../../../Engine/Content/EditorResources/Bad.uasset" 143
"../../../Engine/Content/EditorResources/BSPVertex.uasset" 144
"../../../Engine/Content/EditorResources/EmptyActor.uasset" 145
"../../../Engine/Content/EditorResources/MatInstActSprite.uasset" 146
"../../../Engine/Content/EditorResources/RGBTable16x1_AssetViewer.uasset" 147
"../../../Engine/Content/EditorResources/SceneManager.uasset" 148
"../../../Engine/Content/EditorResources/SmallFont.uasset" 149
"../../../Engine/Content/EditorResources/S_Actor.uasset" 150
"../../../Engine/Content/EditorResources/S_DecalActorIcon.uasset" 151
"../../../Engine/Content/EditorResources/S_Emitter.uasset" 152
"../../../Engine/Content/EditorResources/S_ExpoHeightFog.uasset" 153
"../../../Engine/Content/EditorResources/S_FTest.uasset" 154
"../../../Engine/Content/EditorResources/S_KBSJoint.uasset" 155
"../../../Engine/Content/EditorResources/S_KHinge.uasset" 156
"../../../Engine/Content/EditorResources/S_KPrismatic.uasset" 157
"../../../Engine/Content/EditorResources/S_LevelSequence.uasset" 158
"../../../Engine/Content/EditorResources/S_NavP.uasset" 159
"../../../Engine/Content/EditorResources/S_Note.uasset" 160
"../../../Engine/Content/EditorResources/S_Player.uasset" 161
"../../../Engine/Content/EditorResources/S_PortalActorIcon2.uasset" 162
"../../../Engine/Content/EditorResources/S_RadForce.uasset" 163
"../../../Engine/Content/EditorResources/S_ReflActorIcon.uasset" 164
"../../../Engine/Content/EditorResources/S_Terrain.uasset" 165
"../../../Engine/Content/EditorResources/S_TextRenderActorIcon.uasset" 166
"../../../Engine/Content/EditorResources/S_Thruster.uasset" 167
"../../../Engine/Content/EditorResources/S_Trigger.uasset" 168
"../../../Engine/Content/EditorResources/S_VectorFieldVol.uasset" 169
"../../../Engine/Content/EditorResources/S_WindDirectional.uasset" 170
"../../../Engine/Content/EditorResources/AI/S_NavLink.uasset" 171
"../../../Engine/Content/EditorResources/LightIcons/SkyLight.uasset" 172
"../../../Engine/Content/EditorResources/LightIcons/S_LightDirectional.uasset" 173
"../../../Engine/Content/EditorResources/LightIcons/S_LightDirectionalMove.uasset" 174
"../../../Engine/Content/EditorResources/LightIcons/S_LightError.uasset" 175
"../../../Engine/Content/EditorResources/LightIcons/S_LightPoint.uasset" 176
"../../../Engine/Content/EditorResources/LightIcons/S_LightPointMove.uasset" 177
"../../../Engine/Content/EditorResources/LightIcons/S_LightSpot.uasset" 178
"../../../Engine/Content/EditorResources/LightIcons/S_LightSpotMove.uasset" 179
"../../../Engine/Content/EditorResources/SequenceRecorder/Countdown.uasset" 180
"../../../Engine/Content/EditorResources/SequenceRecorder/RecordingIndicator.uasset" 181
"../../../Engine/Content/EditorResources/Spline/T_Loft_Spline.uasset" 182
"../../../Engine/Content/EditorSounds/Notifications/CompileFailed.uasset" 183
"../../../Engine/Content/EditorSounds/Notifications/CompileFailed_Cue.uasset" 184
"../../../Engine/Content/EditorSounds/Notifications/CompileSuccess.uasset" 185
"../../../Engine/Content/EditorSounds/Notifications/CompileStart_Cue.uasset" 186
"../../../Engine/Content/EditorSounds/Notifications/CompileSuccess_Cue.uasset" 187
"../../../Engine/Content/EngineDamageTypes/DmgTypeBP_Environmental.uasset" 188
"../../../Engine/Content/EngineDebugMaterials/HeatmapGradient.uasset" 189
"../../../Engine/Content/EngineDebugMaterials/BoneWeightMaterial.uasset" 190
"../../../Engine/Content/EngineDebugMaterials/DebugMeshMaterial.uasset" 191
"../../../Engine/Content/EngineDebugMaterials/GeomMaterial.uasset" 192
"../../../Engine/Content/EngineDebugMaterials/LevelColorationLitMaterial.uasset" 193
"../../../Engine/Content/EngineDebugMaterials/LevelColorationUnlitMaterial.uasset" 194
"../../../Engine/Content/EngineMaterials/DefaultWhiteGrid.uasset" 195
"../../../Engine/Content/EngineDebugMaterials/MAT_LevelColorationLitLightmapUV.uasset" 196
"../../../Engine/Content/EngineDebugMaterials/M_SimpleTranslucent.uasset" 197
"../../../Engine/Content/EngineDebugMaterials/ShadedLevelColorationLitMaterial.uasset" 198
"../../../Engine/Content/EngineDebugMaterials/ShadedLevelColorationUnlitMateri.uasset" 199
"../../../Engine/Content/EngineDebugMaterials/VertexColorMaterial.uasset" 200
"../../../Engine/Content/EngineDebugMaterials/VertexColorViewMode_AlphaAsColor.uasset" 201
"../../../Engine/Content/EngineDebugMaterials/VertexColorViewMode_BlueOnly.uasset" 202
"../../../Engine/Content/EngineDebugMaterials/VertexColorViewMode_ColorOnly.uasset" 203
"../../../Engine/Content/EngineDebugMaterials/VertexColorViewMode_GreenOnly.uasset" 204
"../../../Engine/Content/EngineDebugMaterials/VertexColorViewMode_RedOnly.uasset" 205
"../../../Engine/Content/EngineDebugMaterials/WireframeMaterial.uasset" 206
"../../../Engine/Content/EngineFonts/Faces/RobotoBold.uasset" 207
"../../../Engine/Content/EngineFonts/Faces/RobotoBoldItalic.uasset" 208
"../../../Engine/Content/EngineFonts/Faces/RobotoItalic.uasset" 209
"../../../Engine/Content/EngineFonts/Faces/RobotoLight.uasset" 210
"../../../Engine/Content/EngineFonts/Faces/RobotoRegular.uasset" 211
"../../../Engine/Content/EngineFonts/Roboto.uasset" 212
"../../../Engine/Content/EngineFonts/Faces/RobotoTiny.uasset" 213
"../../../Engine/Content/EngineFonts/RobotoTiny.uasset" 214
"../../../Engine/Content/EngineFonts/SmallFont.uasset" 215
"../../../Engine/Content/EngineFonts/TinyFont.uasset" 216
"../../../Engine/Content/EngineResources/WhiteSquareTexture.uasset" 217
"../../../Engine/Content/EngineMaterials/BlinkingCaret.uasset" 218
"../../../Engine/Content/EngineMaterials/DefaultBokeh.uasset" 219
"../../../Engine/Content/EngineMaterials/DefaultDiffuse.uasset" 220
"../../../Engine/Content/EngineMaterials/DefaultDeferredDecalMaterial.uasset" 221
"../../../Engine/Content/EngineMaterials/DefaultLightFunctionMaterial.uasset" 222
"../../../Engine/Content/EngineMaterials/DefaultNormal.uasset" 223
"../../../Engine/Content/EngineMaterials/DefaultPostProcessMaterial.uasset" 224
"../../../Engine/Content/EngineFonts/RobotoDistanceField.uasset" 225
"../../../Engine/Content/EngineMaterials/DefaultTextMaterialOpaque.uasset" 226
"../../../Engine/Content/EngineMaterials/EditorBrushMaterial.uasset" 227
"../../../Engine/Content/EngineMaterials/Good64x64TilingNoiseHighFreq.uasset" 228
"../../../Engine/Content/EngineMaterials/Grid_N.uasset" 229
"../../../Engine/Content/EngineMaterials/HighResolutionScreenshotMaskFunction.uasset" 230
"../../../Engine/Content/EngineMaterials/HighResScreenshot.uasset" 231
"../../../Engine/Content/EngineMaterials/HighResScreenshotCaptureRegion.uasset" 232
"../../../Engine/Content/EngineMaterials/HighResScreenshotMask.uasset" 233
"../../../Engine/Content/EngineMaterials/LandscapeHolePhysicalMaterial.uasset" 234
"../../../Engine/Content/EngineMaterials/InvalidLightmapSettings.uasset" 235
"../../../Engine/Content/EngineMaterials/M_InvalidLightmapSettings.uasset" 236
"../../../Engine/Content/EngineMaterials/PaperDiffuse.uasset" 237
"../../../Engine/Content/EngineMaterials/PaperNormal.uasset" 238
"../../../Engine/Content/EngineMaterials/PhAT_JointLimitMaterial.uasset" 239
"../../../Engine/Content/EngineMaterials/PhysMat_Rubber.uasset" 240
"../../../Engine/Content/EngineMaterials/PreintegratedSkinBRDF.uasset" 241
"../../../Engine/Content/EngineMaterials/RemoveSurfaceMaterial.uasset" 242
"../../../Engine/Content/EngineMaterials/WeightMapPlaceholderTexture.uasset" 243
"../../../Engine/Content/EngineMaterials/Widget3DPassThrough.uasset" 244
"../../../Engine/Content/EngineMaterials/Widget3DPassThrough_Masked.uasset" 245
"../../../Engine/Content/EngineMaterials/Widget3DPassThrough_Opaque.uasset" 246
"../../../Engine/Content/EngineMaterials/Widget3DPassThrough_Masked_OneSided.uasset" 247
"../../../Engine/Content/EngineMaterials/Widget3DPassThrough_Opaque_OneSided.uasset" 248
"../../../Engine/Content/EngineMaterials/Widget3DPassThrough_Translucent.uasset" 249
"../../../Engine/Content/EngineMaterials/Widget3DPassThrough_Translucent_OneSided.uasset" 250
"../../../Engine/Content/EngineMaterials/DefaultMaterial.uasset" 251
"../../../Engine/Content/EngineMeshes/Cube.uasset" 252
"../../../Engine/Content/EngineMeshes/Cylinder.uasset" 253
"../../../Engine/Content/EngineMeshes/Sphere.uasset" 254
"../../../Engine/Content/EngineResources/Black.uasset" 255
"../../../Engine/Content/EngineResources/DefaultTexture.uasset" 256
"../../../Engine/Content/EngineResources/DefaultTextureCube.uasset" 257
"../../../Engine/Content/EngineResources/GradientTexture0.uasset" 258
"../../../Engine/Content/EngineResources/StreamingPauseIcon.uasset" 259
"../../../Engine/Content/EngineResources/M_StreamingPause.uasset" 260
"../../../Engine/Content/EngineSounds/Master.uasset" 261
"../../../Engine/Content/Functions/Engine_MaterialFunctions01/Shading/PowerToRoughness.uasset" 262
"../../../Engine/Content/Maps/Templates/Thumbnails/Default.uasset" 263
"../../../Engine/Content/Maps/Templates/Thumbnails/VR-Basic.uasset" 264
"../../../Engine/Content/MapTemplates/Sky/DaylightAmbientCubemap.uasset" 265
"../../../Engine/Content/MobileResources/T_MobileControls_texture.uasset" 266
"../../../Engine/Content/MobileResources/T_MobileMenu2.uasset" 267
"../../../Engine/Content/MobileResources/HUD/AnalogHat.uasset" 268
"../../../Engine/Content/MobileResources/HUD/VirtualJoystick_Background.uasset" 269
"../../../Engine/Content/MobileResources/HUD/VirtualJoystick_Thumb.uasset" 270
"../../../Engine/Content/MobileResources/HUD/DefaultVirtualJoysticks.uasset" 271
"../../../Engine/Content/MobileResources/HUD/LeftVirtualJoystickOnly.uasset" 272
"../../../Engine/Content/MobileResources/HUD/MobileHUDButton1_off.uasset" 273
"../../../Engine/Content/MobileResources/HUD/MobileHUDButton1_on.uasset" 274
"../../../Engine/Content/MobileResources/HUD/MobileHUDButton2_off.uasset" 275
"../../../Engine/Content/MobileResources/HUD/MobileHUDButton2_on.uasset" 276
"../../../Engine/Content/MobileResources/HUD/MobileHUDButton3.uasset" 277
"../../../Engine/Content/MobileResources/HUD/MobileHUDButtonFire.uasset" 278
"../../../Engine/Content/MobileResources/HUD/MobileHUDDirectionPad.uasset" 279
"../../../Engine/Content/MobileResources/HUD/MobileHUDDirectionPad2.uasset" 280
"../../../Engine/Content/MobileResources/HUD/MobileHUDDirectionPad3.uasset" 281
"../../../Engine/Content/MobileResources/HUD/MobileHUDDirectionStick.uasset" 282
"../../../Engine/Content/MobileResources/HUD/T_Castle_ThumbstickInner.uasset" 283
"../../../Engine/Content/MobileResources/HUD/T_Castle_ThumbstickOutter.uasset" 284
"../../../Engine/Content/Tutorial/ContentIntroCurve.uasset" 285
"../../../Engine/Content/Tutorial/Basics/TutorialAssets/icon_tab_Levels_40x.uasset" 286
"../../../Engine/Content/Tutorial/BlueprintTutorials/TutorialAssets/BlueprintInterface_64x.uasset" 287
"../../../Engine/Content/Tutorial/BlueprintTutorials/TutorialAssets/BlueprintMacroLibrary_64x.uasset" 288
"../../../Engine/Content/Tutorial/BlueprintTutorials/TutorialAssets/Blueprint_64x.uasset" 289
"../../../Engine/Content/Tutorial/BlueprintTutorials/TutorialAssets/Tutorial_BP_Interface.uasset" 290
"../../../Engine/Content/Tutorial/Foliage/TutorialAssets/Foliage.uasset" 291
"../../../Engine/Content/Tutorial/Landscape/TutorialAssets/Landscape.uasset" 292
"../../../Engine/Content/Tutorial/Paper2D/TutorialAssets/Paper2DFlipbook_TutorialIcon.uasset" 293
"../../../Engine/Content/Tutorial/Paper2D/TutorialAssets/Paper2DSprite_TutorialIcon.uasset" 294
"../../../Engine/Content/Tutorial/SubEditors/TutorialAssets/icon_Editor_Preferences_General_40x.uasset" 295
"../../../Engine/Content/Tutorial/SubEditors/TutorialAssets/icon_ShowSkeletalMeshes_40x.uasset" 296
"../../../Engine/Content/Tutorial/SubEditors/TutorialAssets/TutorialMaterial.uasset" 297
"../../../Engine/Content/Tutorial/SubEditors/TutorialAssets/T_SmokeSubUV_8X8.uasset" 298
"../../../Engine/Content/Tutorial/SubEditors/TutorialAssets/T_soft_smoke.uasset" 299
"../../../Engine/Content/Tutorial/SubEditors/TutorialAssets/M_smoke_subUV_blackbody.uasset" 300
"../../../Engine/Content/Tutorial/SubEditors/TutorialAssets/TutorialParticleSystem.uasset" 301
"../../../Engine/Content/EditorMeshes/EditorCube.uasset" 302
"../../../Engine/Content/Tutorial/SubEditors/TutorialAssets/Tutorial_DM.uasset" 303
"../../../Engine/Content/VREditor/Devices/Generic/GenericHMDMaterial.uasset" 304
"../../../Engine/Content/VREditor/Devices/Generic/GenericHMD.uasset" 305
"../../../Engine/Content/VREditor/FloatingText/LineMaterial.uasset" 306
"../../../Engine/Content/VREditor/FloatingText/JointSphere.uasset" 307
"../../../Engine/Content/VREditor/FloatingText/LineSegmentCylinder.uasset" 308
"../../../Engine/Content/VREditor/Fonts/VRText_RobotoLarge.uasset" 309
"../../../Engine/Content/VREditor/Fonts/VRTextMaterial.uasset" 310
"../../../Engine/Content/VREditor/Fonts/TranslucentVRTextMaterial.uasset" 311
"../../../Engine/Content/VREditor/LaserPointer/VR_LaserPower_01.uasset" 312
"../../../Engine/Content/VREditor/LaserPointer/LaserPointerMaterial.uasset" 313
"../../../Engine/Content/VREditor/LaserPointer/LaserPointerMaterialInst.uasset" 314
"../../../Engine/Content/VREditor/LaserPointer/TranslucentLaserPointerMaterialInst.uasset" 315
"../../../Engine/Content/VREditor/LaserPointer/LaserPointerMesh.uasset" 316
"../../../Engine/Content/VREditor/Sounds/VR_grab_Cue.uasset" 317
"../../../Engine/Content/VREditor/Sounds/VR_teleport_Cue.uasset" 318
"../../../Engine/Content/VREditor/TransformGizmo/TransformGizmoMaterial.uasset" 319
"../../../Engine/Content/VREditor/TransformGizmo/TranslucentTransformGizmoMaterial.uasset" 320
"../../../Engine/Content/VREditor/TransformGizmo/BoundingBoxCorner.uasset" 321
"../../../Engine/Content/VREditor/TransformGizmo/BoundingBoxEdge.uasset" 322
"../../../Engine/Content/VREditor/TransformGizmo/PlaneTranslationHandle.uasset" 323
"../../../Engine/Content/VREditor/TransformGizmo/RotationHandle.uasset" 324
"../../../Engine/Content/VREditor/TransformGizmo/RotationHandleFull.uasset" 325
"../../../Engine/Content/VREditor/TransformGizmo/StretchingHandle.uasset" 326
"../../../Engine/Content/VREditor/TransformGizmo/TranslateHandleLong.uasset" 327
"../../../Engine/Content/VREditor/TransformGizmo/TranslationHandle.uasset" 328
"../../../Engine/Content/VREditor/TransformGizmo/UniformScaleHandle.uasset" 329
"../../../Engine/Content/VREditor/Tutorial/UMG/Specialized/AnimsForHands.uasset" 330
"../../../Engine/Content/VREditor/UI/CloseButtonMesh.uasset" 331
"../../../Engine/Content/VREditor/UI/SelectionBarMesh.uasset" 332
"../../../Engine/Content/Functions/Engine_MaterialFunctions01/Gradient/RadialGradient.uasset" 333
"../../../Engine/Content/VREditor/WorldMovementGrid/SimpleGrid.uasset" 334
"../../../Engine/Content/VREditor/WorldMovementGrid/GridMaterial.uasset" 335
"../../../Engine/Content/Functions/Engine_MaterialFunctions01/Density/ExponentialDensity.uasset" 336
"../../../Engine/Content/VREditor/WorldMovementGrid/GridPostProcess.uasset" 337
"../../../Engine/Content/EditorLandscapeResources/FlattenHeightMat.uasset" 338
"../../../Engine/Content/VREditor/WorldMovementGrid/PlaneMesh.uasset" 339
"../../../RTS_TowerDefense/Content/AnimStarterPack/UE4_Mannequin/Mesh/UE4_Mannequin_Skeleton.uasset" 340
"../../../RTS_TowerDefense/Content/AnimStarterPack/Crouch_Idle_Rifle_Hip.uasset" 341
"../../../RTS_TowerDefense/Content/AnimStarterPack/Idle_Rifle_Hip.uasset" 342
"../../../RTS_TowerDefense/Content/AnimStarterPack/Jump_From_Jog.uasset" 343
"../../../RTS_TowerDefense/Content/AnimStarterPack/Jump_From_Stand.uasset" 344
"../../../RTS_TowerDefense/Content/AnimStarterPack/Crouch_Walk_Bwd_Rifle_Hip.uasset" 345
"../../../RTS_TowerDefense/Content/AnimStarterPack/Crouch_Walk_Fwd_Rifle_Hip.uasset" 346
"../../../RTS_TowerDefense/Content/AnimStarterPack/Crouch_Walk_Lt_Rifle_Hip.uasset" 347
"../../../RTS_TowerDefense/Content/AnimStarterPack/Crouch_Walk_Rt_Rifle_Hip.uasset" 348
"../../../RTS_TowerDefense/Content/AnimStarterPack/BS_CrouchWalk.uasset" 349
"../../../RTS_TowerDefense/Content/AnimStarterPack/Jog_Bwd_Rifle.uasset" 350
"../../../RTS_TowerDefense/Content/AnimStarterPack/Jog_Fwd_Rifle.uasset" 351
"../../../RTS_TowerDefense/Content/AnimStarterPack/Jog_Lt_Rifle.uasset" 352
"../../../RTS_TowerDefense/Content/AnimStarterPack/Jog_Rt_Rifle.uasset" 353
"../../../RTS_TowerDefense/Content/AnimStarterPack/BS_Jog.uasset" 354
"../../../Engine/Content/Functions/Engine_MaterialFunctions02/Utility/BlendAngleCorrectedNormals.uasset" 355
"../../../Engine/Content/Functions/MaterialLayerFunctions/MatLayerBlend_AO.uasset" 356
"../../../Engine/Content/Functions/MaterialLayerFunctions/MatLayerBlend_NormalBlend.uasset" 357
"../../../Engine/Content/Functions/MaterialLayerFunctions/MatLayerBlend_Simple.uasset" 358
"../../../RTS_TowerDefense/Content/AnimStarterPack/UE4_Mannequin/Materials/MaterialLayers/T_ML_Rubber_Blue_01_D.uasset" 359
"../../../RTS_TowerDefense/Content/AnimStarterPack/UE4_Mannequin/Materials/MaterialLayers/T_ML_Rubber_Blue_01_N.uasset" 360
"../../../RTS_TowerDefense/Content/AnimStarterPack/UE4_Mannequin/Materials/MaterialLayers/ML_GlossyBlack_Latex_UE4.uasset" 361
"../../../RTS_TowerDefense/Content/AnimStarterPack/UE4_Mannequin/Materials/MaterialLayers/ML_Plastic_Shiny_Beige.uasset" 362
"../../../RTS_TowerDefense/Content/AnimStarterPack/UE4_Mannequin/Textures/UE4_LOGO_CARD.uasset" 363
"../../../RTS_TowerDefense/Content/AnimStarterPack/UE4_Mannequin/Materials/MaterialLayers/ML_Plastic_Shiny_Beige_LOGO.uasset" 364
"../../../RTS_TowerDefense/Content/AnimStarterPack/UE4_Mannequin/Materials/MaterialLayers/T_ML_Aluminum01.uasset" 365
"../../../RTS_TowerDefense/Content/AnimStarterPack/UE4_Mannequin/Materials/MaterialLayers/T_ML_Aluminum01_N.uasset" 366
"../../../RTS_TowerDefense/Content/AnimStarterPack/UE4_Mannequin/Materials/MaterialLayers/ML_SoftMetal_UE4.uasset" 367
"../../../RTS_TowerDefense/Content/AnimStarterPack/UE4_Mannequin/Textures/UE4_Mannequin__normals.uasset" 368
"../../../RTS_TowerDefense/Content/AnimStarterPack/UE4_Mannequin/Textures/UE4_Mannequin_MAT_MASKA.uasset" 369
"../../../RTS_TowerDefense/Content/AnimStarterPack/UE4_Mannequin/Textures/UE4_Mannequin_occlusion_Mobile.uasset" 370
"../../../RTS_TowerDefense/Content/AnimStarterPack/UE4_Mannequin/Materials/M_UE4Man_Body.uasset" 371
"../../../RTS_TowerDefense/Content/AnimStarterPack/UE4_Mannequin/Textures/UE4Man_Logo_N.uasset" 372
"../../../RTS_TowerDefense/Content/AnimStarterPack/UE4_Mannequin/Materials/M_UE4Man_ChestLogo.uasset" 373
"../../../RTS_TowerDefense/Content/AnimStarterPack/UE4_Mannequin/Mesh/SK_Mannequin_PhysicsAsset.uasset" 374
"../../../RTS_TowerDefense/Content/AnimStarterPack/UE4_Mannequin/Mesh/SK_Mannequin.uasset" 375
"../../../RTS_TowerDefense/Content/AnimStarterPack/Ue4ASP_Character.uasset" 376
"../../../RTS_TowerDefense/Content/ThirdPersonBP/Blueprints/UE4ASP_HeroTPP_AnimBlueprint.uasset" 377
"../../../RTS_TowerDefense/Content/ThirdPersonBP/Blueprints/GatheringCrouchIdle.uasset" 378
"../../../RTS_TowerDefense/Content/ThirdPersonBP/Blueprints/GatheringCrouchToStand.uasset" 379
"../../../RTS_TowerDefense/Content/ThirdPersonBP/Blueprints/GatheringStandToCrouch.uasset" 380
"../../../RTS_TowerDefense/Content/ThirdPersonBP/Blueprints/GatheringMontage.uasset" 381
"../../../RTS_TowerDefense/Content/ThirdPersonBP/Blueprints/ResourceEnum.uasset" 382
"../../../RTS_TowerDefense/Content/ThirdPersonBP/Blueprints/MasterResource.uasset" 383
"../../../RTS_TowerDefense/Content/RTSCam/M_Basic_Wall.uasset" 384
"../../../RTS_TowerDefense/Content/ThirdPersonBP/Blueprints/Shape_Cube.uasset" 385
"../../../RTS_TowerDefense/Content/ThirdPersonBP/Blueprints/MasterDeposit.uasset" 386
"../../../RTS_TowerDefense/Content/RTS_TowerDefense/Mannequin/Character/Mesh/UE4_Mannequin_Skeleton.uasset" 387
"../../../RTS_TowerDefense/Content/RTS_TowerDefense/Mannequin/Animations/ThirdPerson_Jump.uasset" 388
"../../../RTS_TowerDefense/Content/RTS_TowerDefense/Mannequin/Animations/ThirdPersonJump_Loop.uasset" 389
"../../../RTS_TowerDefense/Content/RTS_TowerDefense/Mannequin/Animations/ThirdPersonJump_Start.uasset" 390
"../../../RTS_TowerDefense/Content/RTS_TowerDefense/Mannequin/Animations/ThirdPersonIdle.uasset" 391
"../../../RTS_TowerDefense/Content/RTS_TowerDefense/Mannequin/Animations/ThirdPersonRun.uasset" 392
"../../../RTS_TowerDefense/Content/RTS_TowerDefense/Mannequin/Animations/ThirdPersonWalk.uasset" 393
"../../../RTS_TowerDefense/Content/RTS_TowerDefense/Mannequin/Animations/ThirdPerson_IdleRun_2D.uasset" 394
"../../../RTS_TowerDefense/Content/RTS_TowerDefense/Mannequin/Animations/ThirdPerson_AnimBP.uasset" 395
"../../../RTS_TowerDefense/Content/RTS_TowerDefense/Blueprints/Buildings/TechnologyBuildings/TechZone.uasset" 396
"../../../RTS_TowerDefense/Content/RTS_TowerDefense/Zombie/Meshes/Zombie_LOD0_Skeleton.uasset" 397
"../../../RTS_TowerDefense/Content/RTS_TowerDefense/Zombie/Animations/z1_attack1.uasset" 398
"../../../RTS_TowerDefense/Content/RTS_TowerDefense/Zombie/Animations/z1_die2.uasset" 399
"../../../RTS_TowerDefense/Content/RTS_TowerDefense/Zombie/Animations/z1_eating_2_idle.uasset" 400
"../../../RTS_TowerDefense/Content/RTS_TowerDefense/Zombie/Animations/z1_eating_loop.uasset" 401
"../../../RTS_TowerDefense/Content/RTS_TowerDefense/Zombie/Animations/z1_grave_2_idle.uasset" 402
"../../../RTS_TowerDefense/Content/RTS_TowerDefense/Zombie/Animations/z1_idle.uasset" 403
"../../../RTS_TowerDefense/Content/RTS_TowerDefense/Zombie/Animations/z1_idle_alert.uasset" 404
"../../../RTS_TowerDefense/Content/RTS_TowerDefense/Zombie/Animations/z1_moveF.uasset" 405
"../../../RTS_TowerDefense/Content/RTS_TowerDefense/Zombie/Animations/z1_runF.uasset" 406
"../../../RTS_TowerDefense/Content/RTS_TowerDefense/Zombie/Animations/ZombieAnimation.uasset" 407
"../../../RTS_TowerDefense/Content/RTS_TowerDefense/Zombie/Textures/Body_Diff_4k.uasset" 408
"../../../RTS_TowerDefense/Content/RTS_TowerDefense/Zombie/Textures/Body_Normal_4k.uasset" 409
"../../../RTS_TowerDefense/Content/RTS_TowerDefense/Zombie/Textures/EyeMask.uasset" 410
"../../../RTS_TowerDefense/Content/RTS_TowerDefense/Zombie/Textures/Z1_Rough_AO_Clean_4k.uasset" 411
"../../../RTS_TowerDefense/Content/RTS_TowerDefense/Zombie/Materials/BodyMat.uasset" 412
"../../../RTS_TowerDefense/Content/RTS_TowerDefense/Zombie/Materials/BodyMat_Inst.uasset" 413
"../../../RTS_TowerDefense/Content/RTS_TowerDefense/Zombie/Meshes/Zombie_LOD0_PhysicsAsset.uasset" 414
"../../../RTS_TowerDefense/Content/RTS_TowerDefense/Zombie/Meshes/Zombie_LOD0.uasset" 415
"../../../RTS_TowerDefense/Content/RTS_TowerDefense/Blueprints/fightingUnit.uasset" 416
"../../../RTS_TowerDefense/Content/RTS_TowerDefense/Blueprints/Buildings/FightingBuildings/FightingBuilding.uasset" 417
"../../../RTS_TowerDefense/Content/RTS_TowerDefense/Blueprints/AI/Troops/Troop.uasset" 418
"../../../RTS_TowerDefense/Content/RTS_TowerDefense/Blueprints/AI/Troops/EnnemyTroop.uasset" 419
"../../../RTS_TowerDefense/Content/RTS_TowerDefense/Blueprints/Buildings/FightingBuildings/DefenseArea.uasset" 420
"../../../RTS_TowerDefense/Content/RTS_TowerDefense/Blueprints/Buildings/FightingBuildings/DefendedInstallation.uasset" 421
"../../../RTS_TowerDefense/Content/RTS_TowerDefense/Interfaces/I_HUD.uasset" 422
"../../../RTS_TowerDefense/Content/RTS_TowerDefense/Libraries/FunctionLibrary.uasset" 423
"../../../RTS_TowerDefense/Content/RTS_TowerDefense/Blueprints/AI/Troops/Attack_spawn.uasset" 424
"../../../RTS_TowerDefense/Content/RTS_TowerDefense/Blueprints/Buildings/FightingBuildings/AttackedInstallation.uasset" 425
"../../../RTS_TowerDefense/Content/RTS_TowerDefense/Blueprints/Buildings/FightingBuildings/AttackedDoor.uasset" 426
"../../../RTS_TowerDefense/Content/RTS_TowerDefense/Blueprints/AI/Troops/AttackTroop.uasset" 427
"../../../RTS_TowerDefense/Content/RTS_TowerDefense/Mannequin/Character/Materials/MaterialLayers/T_ML_Rubber_Blue_01_D.uasset" 428
"../../../RTS_TowerDefense/Content/RTS_TowerDefense/Mannequin/Character/Materials/MaterialLayers/T_ML_Rubber_Blue_01_N.uasset" 429
"../../../RTS_TowerDefense/Content/RTS_TowerDefense/Mannequin/Character/Materials/MaterialLayers/ML_GlossyBlack_Latex_UE4.uasset" 430
"../../../RTS_TowerDefense/Content/RTS_TowerDefense/Mannequin/Character/Materials/MaterialLayers/ML_Plastic_Shiny_Beige.uasset" 431
"../../../RTS_TowerDefense/Content/RTS_TowerDefense/Mannequin/Character/Textures/UE4_LOGO_CARD.uasset" 432
"../../../RTS_TowerDefense/Content/RTS_TowerDefense/Mannequin/Character/Materials/MaterialLayers/ML_Plastic_Shiny_Beige_LOGO.uasset" 433
"../../../RTS_TowerDefense/Content/RTS_TowerDefense/Mannequin/Character/Materials/MaterialLayers/T_ML_Aluminum01.uasset" 434
"../../../RTS_TowerDefense/Content/RTS_TowerDefense/Mannequin/Character/Materials/MaterialLayers/T_ML_Aluminum01_N.uasset" 435
"../../../RTS_TowerDefense/Content/RTS_TowerDefense/Mannequin/Character/Materials/MaterialLayers/ML_SoftMetal_UE4.uasset" 436
"../../../RTS_TowerDefense/Content/RTS_TowerDefense/Mannequin/Character/Textures/UE4_Mannequin__normals.uasset" 437
"../../../RTS_TowerDefense/Content/RTS_TowerDefense/Mannequin/Character/Textures/UE4_Mannequin_MAT_MASKA.uasset" 438
"../../../RTS_TowerDefense/Content/RTS_TowerDefense/Mannequin/Character/Materials/M_UE4Man_Body.uasset" 439
"../../../RTS_TowerDefense/Content/RTS_TowerDefense/Mannequin/Character/Textures/UE4Man_Logo_N.uasset" 440
"../../../RTS_TowerDefense/Content/RTS_TowerDefense/Mannequin/Character/Materials/M_UE4Man_ChestLogo.uasset" 441
"../../../RTS_TowerDefense/Content/RTS_TowerDefense/Mannequin/Character/Mesh/SK_Mannequin_PhysicsAsset.uasset" 442
"../../../RTS_TowerDefense/Content/RTS_TowerDefense/Mannequin/Character/Mesh/SK_Mannequin.uasset" 443
"../../../RTS_TowerDefense/Content/RTS_TowerDefense/Blueprints/AI/Troops/AttackSoldier.uasset" 444
"../../../RTS_TowerDefense/Content/InfinityBladeAdversaries/Enemy/Enemy_Golem/Textures/T_Golem_DGold.uasset" 445
"../../../RTS_TowerDefense/Content/InfinityBladeAdversaries/Enemy/Enemy_Golem/Textures/T_Golem_Gold_M.uasset" 446
"../../../RTS_TowerDefense/Content/InfinityBladeAdversaries/Enemy/Enemy_Golem/Textures/T_GolemGold_N.uasset" 447
"../../../RTS_TowerDefense/Content/InfinityBladeAdversaries/Enemy/Enemy_Golem/Materials/CharM_Fire_Golem.uasset" 448
"../../../RTS_TowerDefense/Content/InfinityBladeAdversaries/Enemy/SK_Mannequin_Skeleton.uasset" 449
"../../../RTS_TowerDefense/Content/InfinityBladeAdversaries/Enemy/Enemy_Golem/SK_Fire_Golem.uasset" 450
"../../../RTS_TowerDefense/Content/RTS_TowerDefense/Blueprints/AI/Troops/AttackWarrior.uasset" 451
"../../../RTS_TowerDefense/Content/RTS_TowerDefense/Blueprints/AI/Troops/AttackZombie.uasset" 452
"../../../RTS_TowerDefense/Content/RTS_TowerDefense/Blueprints/AI/Troops/Ennemy_spawn.uasset" 453
"../../../RTS_TowerDefense/Content/RTS_TowerDefense/Structs/ConstructionStruct.uasset" 454
"../../../RTS_TowerDefense/Content/RTS_TowerDefense/Materials/Ghost_M.uasset" 455
"../../../RTS_TowerDefense/Content/RTS_TowerDefense/Materials/Ghost_M_Inst.uasset" 456
"../../../RTS_TowerDefense/Content/RTS_TowerDefense/Materials/GhostError_M_Inst.uasset" 457
"../../../RTS_TowerDefense/Content/RTS_TowerDefense/Blueprints/Buildings/TechnologyBuildings/GhostBuilding_BP.uasset" 458
"../../../RTS_TowerDefense/Content/RTS_TowerDefense/Blueprints/Buildings/TechnologyBuildings/Houses/HousesMaster_BP.uasset" 459
"../../../RTS_TowerDefense/Content/RTS_TowerDefense/Textures/Apartments.uasset" 460
"../../../RTS_TowerDefense/Content/RTS_TowerDefense/Textures/Apartments_Normal.uasset" 461
"../../../RTS_TowerDefense/Content/RTS_TowerDefense/Textures/Apartments_Spec.uasset" 462
"../../../RTS_TowerDefense/Content/RTS_TowerDefense/Materials/M_House.uasset" 463
"../../../RTS_TowerDefense/Content/RTS_TowerDefense/Meshes/Apartments.uasset" 464
"../../../RTS_TowerDefense/Content/StarterContent/Materials/M_Basic_Wall.uasset" 465
"../../../RTS_TowerDefense/Content/StarterContent/Shapes/Shape_Cube.uasset" 466
"../../../RTS_TowerDefense/Content/RTS_TowerDefense/Blueprints/Buildings/TechnologyBuildings/Houses/BaseHouse_BP.uasset" 467
"../../../RTS_TowerDefense/Content/RTS_TowerDefense/Enums/GameSpeed_Enum.uasset" 468
"../../../RTS_TowerDefense/Content/RTS_TowerDefense/Enums/MonthNames_ENUM.uasset" 469
"../../../RTS_TowerDefense/Content/RTS_TowerDefense/HUDs/MainUI_HUD.uasset" 470
"../../../RTS_TowerDefense/Content/RTS_TowerDefense/GameBPs/MyGameState.uasset" 471
"../../../RTS_TowerDefense/Content/StarterContent/Props/MaterialSphere.uasset" 472
"../../../RTS_TowerDefense/Content/RTS_TowerDefense/Blueprints/Construction/ConstructionProxy_BP.uasset" 473
"../../../RTS_TowerDefense/Content/RTS_TowerDefense/Blueprints/Buildings/TechnologyBuildings/BuildingMaster_BP.uasset" 474
"../../../RTS_TowerDefense/Content/RTS_TowerDefense/Blueprints/AI/Workers/Worker_BB.uasset" 475
"../../../RTS_TowerDefense/Content/RTS_TowerDefense/Blueprints/AI/Workers/D_DoesLocationExist.uasset" 476
"../../../RTS_TowerDefense/Content/RTS_TowerDefense/Blueprints/Construction/ConstructionManager_BP.uasset" 477
"../../../RTS_TowerDefense/Content/RTS_TowerDefense/Blueprints/AI/Workers/T_AssignWorkConstruction.uasset" 478
"../../../RTS_TowerDefense/Content/RTS_TowerDefense/Blueprints/AI/Workers/T_MoveToLocation.uasset" 479
"../../../RTS_TowerDefense/Content/RTS_TowerDefense/Blueprints/AI/Workers/T_ReportToShift.uasset" 480
"../../../RTS_TowerDefense/Content/RTS_TowerDefense/Blueprints/AI/Workers/T_StopMovement.uasset" 481
"../../../RTS_TowerDefense/Content/RTS_TowerDefense/Blueprints/AI/Workers/T_WaitRandom.uasset" 482
"../../../RTS_TowerDefense/Content/RTS_TowerDefense/Blueprints/AI/Workers/Worker_BT.uasset" 483
"../../../RTS_TowerDefense/Content/RTS_TowerDefense/Blueprints/AI/Workers/Worker_AIController.uasset" 484
"../../../RTS_TowerDefense/Content/RTS_TowerDefense/Enums/NPCSexType_ENUM.uasset" 485
"../../../RTS_TowerDefense/Content/RTS_TowerDefense/Structs/NPCProfile_Struct.uasset" 486
"../../../RTS_TowerDefense/Content/RTS_TowerDefense/Mannequin/Character/Materials/M_UE4Man_Body_Inst.uasset" 487
"../../../RTS_TowerDefense/Content/RTS_TowerDefense/Enums/NPCNameFemale_ENUM.uasset" 488
"../../../RTS_TowerDefense/Content/RTS_TowerDefense/Enums/NPCNameMale_ENUM.uasset" 489
"../../../RTS_TowerDefense/Content/RTS_TowerDefense/Blueprints/AI/Workers/Worker_BP.uasset" 490
"../../../RTS_TowerDefense/Content/RTS_TowerDefense/Blueprints/CameraPawn.uasset" 491
"../../../Engine/Content/EditorBlueprintResources/ActorMacros.uasset" 492
"../../../RTS_TowerDefense/Content/RTSCam/Shape_Sphere.uasset" 493
"../../../RTS_TowerDefense/Content/ThirdPersonBP/Blueprints/MainUI.uasset" 494
"../../../RTS_TowerDefense/Content/ThirdPersonBP/Blueprints/RTSCam.uasset" 495
"../../../RTS_TowerDefense/Content/StarterContent/Textures/T_MacroVariation.uasset" 496
"../../../RTS_TowerDefense/Content/StarterContent/Textures/T_Wood_Oak_D.uasset" 497
"../../../RTS_TowerDefense/Content/StarterContent/Textures/T_Wood_Oak_N.uasset" 498
"../../../RTS_TowerDefense/Content/StarterContent/Materials/M_Wood_Oak.uasset" 499
"../../../RTS_TowerDefense/Content/ThirdPersonBP/Blueprints/ResourceBuilding.uasset" 500
"../../../RTS_TowerDefense/Content/RTS_TowerDefense/Blueprints/CameraPawnController.uasset" 501
"../../../RTS_TowerDefense/Content/ThirdPersonBP/Blueprints/GathererBB.uasset" 502
"../../../RTS_TowerDefense/Content/ThirdPersonBP/Blueprints/BTD_SingleBoolCheck.uasset" 503
"../../../RTS_TowerDefense/Content/ThirdPersonBP/Blueprints/BTT_CollectResource.uasset" 504
"../../../RTS_TowerDefense/Content/ThirdPersonBP/Blueprints/BTT_DropOffResource.uasset" 505
"../../../RTS_TowerDefense/Content/ThirdPersonBP/Blueprints/BTT_MoveToLocation.uasset" 506
"../../../RTS_TowerDefense/Content/ThirdPersonBP/Blueprints/T_Bush_D.uasset" 507
"../../../RTS_TowerDefense/Content/ThirdPersonBP/Blueprints/T_Bush_N.uasset" 508
"../../../RTS_TowerDefense/Content/ThirdPersonBP/Blueprints/M_Bush.uasset" 509
"../../../RTS_TowerDefense/Content/ThirdPersonBP/Blueprints/SM_Bush.uasset" 510
"../../../RTS_TowerDefense/Content/ThirdPersonBP/Blueprints/ResourceFoodBush.uasset" 511
"../../../RTS_TowerDefense/Content/ThirdPersonBP/Blueprints/EQSC_ResourceToGather.uasset" 512
"../../../RTS_TowerDefense/Content/ThirdPersonBP/Blueprints/EQS_AroundResource.uasset" 513
"../../../RTS_TowerDefense/Content/ThirdPersonBP/Blueprints/EQSC_DropSite.uasset" 514
"../../../RTS_TowerDefense/Content/ThirdPersonBP/Blueprints/EQS_DropSite.uasset" 515
"../../../RTS_TowerDefense/Content/ThirdPersonBP/Blueprints/GathererBT.uasset" 516
"../../../RTS_TowerDefense/Content/ThirdPersonBP/Blueprints/MyAIController.uasset" 517
"../../../RTS_TowerDefense/Content/ThirdPersonBP/Blueprints/TeamOneMat.uasset" 518
"../../../RTS_TowerDefense/Content/ThirdPersonBP/Blueprints/TeamTwoMat.uasset" 519
"../../../RTS_TowerDefense/Content/ThirdPersonBP/Blueprints/Gatherer.uasset" 520
"../../../RTS_TowerDefense/Content/RTS_TowerDefense/Blueprints/AI/Workers/Blueprints/BTT_DropOffResource.uasset" 521
"../../../RTS_TowerDefense/Content/RTS_TowerDefense/Blueprints/AI/Workers/Blueprints/Gatherer.uasset" 522
"../../../RTS_TowerDefense/Content/RTS_TowerDefense/Blueprints/AI/Workers/Blueprints/ResourceBuilding.uasset" 523
"../../../RTS_TowerDefense/Content/RTS_TowerDefense/Blueprints/AI/Workers/Blueprints/ResourceEnum.uasset" 524
"../../../Engine/Plugins/2D/Paper2D/Content/PlaceholderTextures/DummySpriteTexture.uasset" 525
"../../../Engine/Plugins/2D/Paper2D/Content/DummySpriteTexture.uasset" 526
"../../../Engine/Plugins/2D/Paper2D/Content/DummySprite.uasset" 527
"../../../Engine/Plugins/2D/Paper2D/Content/DefaultPaperTerrainMaterial.uasset" 528
"../../../Engine/Plugins/2D/Paper2D/Content/DefaultSpriteMaterial.uasset" 529
"../../../Engine/Plugins/2D/Paper2D/Content/MaskedUnlitSpriteMaterial.uasset" 530
"../../../Engine/Plugins/2D/Paper2D/Content/OpaqueUnlitSpriteMaterial.uasset" 531
"../../../Engine/Plugins/Marketplace/LowEntryExtStdLib/Content/Blueprints/LowEntryExtendedStandardLibraryMacros.uasset" 532
"../../../RTS_TowerDefense/Content/RTS_TowerDefense/Blueprints/Buildings/FightingBuildings/AttackedTower.uasset" 533
"../../../Engine/Content/EngineSky/C_Sky_Cloud_Color.uasset" 534
"../../../Engine/Content/EngineSky/C_Sky_Horizon_Color.uasset" 535
"../../../Engine/Content/EngineSky/C_Sky_Zenith_Color.uasset" 536
"../../../Engine/Content/EngineSky/T_Sky_Blue.uasset" 537
"../../../Engine/Content/EngineSky/T_Sky_Clouds_M.uasset" 538
"../../../Engine/Content/EngineSky/T_Sky_Stars.uasset" 539
"../../../Engine/Content/EngineSky/M_Sky_Panning_Clouds2.uasset" 540
"../../../Engine/Content/EngineSky/SM_SkySphere.uasset" 541
"../../../Engine/Content/EngineSky/BP_Sky_Sphere.uasset" 542
"../../../RTS_TowerDefense/Content/StarterContent/Textures/T_Metal_Steel_D.uasset" 543
"../../../RTS_TowerDefense/Content/StarterContent/Textures/T_Metal_Steel_N.uasset" 544
"../../../RTS_TowerDefense/Content/StarterContent/Materials/M_Metal_Steel.uasset" 545
"../../../RTS_TowerDefense/Content/RTS_TowerDefense/Blueprints/Buildings/TechnologyBuildings/DoorsSide.uasset" 546
"../../../RTS_TowerDefense/Content/RTS_TowerDefense/GameBPs/MyPlayerState.uasset" 547
"../../../RTS_TowerDefense/Content/RTS_TowerDefense/GameBPs/MyGameMod.uasset" 548
"../../../RTS_TowerDefense/Content/RTS_TowerDefense/Maps/RTS_TestMap_BuiltData.uasset" 549
"../../../RTS_TowerDefense/Content/StarterContent/Textures/T_Perlin_Noise_M.uasset" 550
"../../../RTS_TowerDefense/Content/StarterContent/Textures/T_Rock_Sandstone_D.uasset" 551
"../../../RTS_TowerDefense/Content/StarterContent/Textures/T_Rock_Sandstone_N.uasset" 552
"../../../RTS_TowerDefense/Content/StarterContent/Materials/M_Rock_Sandstone.uasset" 553
"../../../RTS_TowerDefense/Content/RTS_TowerDefense/Maps/RTS_TestMap.umap" 554
"../../../Engine/Content/Maps/Entry.umap" 555
