Log file open, 03/31/17 12:14:33
LogInit:Display: Running engine for game: RTS_TowerDefense
LogPlatformFile: Not using cached read wrapper
LogInit:Display: RandInit(-778711987) SRandInit(-778711987).
LogTaskGraph: Started task graph with 5 named threads and 8 total threads with 1 sets of task threads.
LogStats: Stats thread started at 0.071399
LogInit: Using libcurl 7.47.1
LogInit:  - built for x86_64-pc-win32
LogInit:  - supports SSL with OpenSSL/1.0.2g
LogInit:  - supports HTTP deflate (compression) using libz 1.2.8
LogInit:  - other features:
LogInit:      CURL_VERSION_SSL
LogInit:      CURL_VERSION_LIBZ
LogInit:      CURL_VERSION_IPV6
LogInit:      CURL_VERSION_ASYNCHDNS
LogInit:      CURL_VERSION_LARGEFILE
LogInit:      CURL_VERSION_IDN
LogInit:  CurlRequestOptions (configurable via config and command line):
LogInit:  - bVerifyPeer = false  - Libcurl will NOT verify peer certificate
LogInit:  - bUseHttpProxy = false  - Libcurl will NOT use HTTP proxy
LogInit:  - bDontReuseConnections = false  - Libcurl will reuse connections
LogInit:  - CertBundlePath = nullptr  - Libcurl will use whatever was configured at build time.
LogInit: Build: ++UE4+Release-4.15-CL-3348071
LogInit: Engine Version: 4.15.1-3348071+++UE4+Release-4.15
LogInit: Compatible Engine Version: 4.15.0-3299760+++UE4+Release-4.15
LogInit: Net CL: 3299760
LogDevObjectVersion: Number of dev versions registered: 14
LogDevObjectVersion:   Dev-Blueprints (B0D832E4-1F89-4F0D-ACCF-7EB736FD4AA2): 8
LogDevObjectVersion:   Dev-Build (E1C64328-A22C-4D53-A36C-8E866417BD8C): 0
LogDevObjectVersion:   Dev-Core (375EC13C-06E4-48FB-B500-84F0262A717E): 2
LogDevObjectVersion:   Dev-Editor (E4B068ED-F494-42E9-A231-DA0B2E46BB41): 14
LogDevObjectVersion:   Dev-Framework (CFFC743F-43B0-4480-9391-14DF171D2073): 22
LogDevObjectVersion:   Dev-Mobile (B02B49B5-BB20-44E9-A304-32B752E40360): 0
LogDevObjectVersion:   Dev-Networking (A4E4105C-59A1-49B5-A7C5-40C4547EDFEE): 0
LogDevObjectVersion:   Dev-Online (39C831C9-5AE6-47DC-9A44-9C173E1C8E7C): 0
LogDevObjectVersion:   Dev-Physics (78F01B33-EBEA-4F98-B9B4-84EACCB95AA2): 0
LogDevObjectVersion:   Dev-Platform (6631380F-2D4D-43E0-8009-CF276956A95A): 0
LogDevObjectVersion:   Dev-Rendering (12F88B9F-8875-4AFC-A67C-D90C383ABD29): 12
LogDevObjectVersion:   Dev-Sequencer (7B5AE74C-D270-4C10-A958-57980B212A5A): 3
LogDevObjectVersion:   Dev-VR (D7296918-1DD6-4BDD-9DE2-64A83CC13884): 0
LogDevObjectVersion:   Dev-LoadTimes (C2A15278-BFE7-4AFE-6C17-90FF531DF755): 1
LogInit: Compiled (64-bit): Mar 15 2017 16:52:47
LogInit: Compiled with Visual C++: 19.00.23026.00
LogInit: Build Configuration: Development
LogInit: Branch Name: ++UE4+Release-4.15
LogInit: Command line: -EpicPortal 
LogInit: Base directory: C:/Program Files/Epic Games/UE_4.15/Engine/Binaries/Win64/
LogInit: Installed Engine Build: 1
LogInit: Presizing for max 8388607 objects, including 0 objects not considered by GC, pre-allocating 0 bytes for permanent pool.
LogInit: Object subsystem initialized
[2017.03.31-10.14.34:006][  0]LogInit: Selected Device Profile: [Windows]
[2017.03.31-10.14.34:006][  0]LogInit: Applying CVar settings loaded from the selected device profile: [Windows]
[2017.03.31-10.14.34:039][  0]LogInit: Computer: DESKTOP-9FJ45NO
[2017.03.31-10.14.34:039][  0]LogInit: User: Meuleman
[2017.03.31-10.14.34:039][  0]LogInit: CPU Page size=65536, Cores=4
[2017.03.31-10.14.34:039][  0]LogInit: High frequency timer resolution =3.519817 MHz
[2017.03.31-10.14.34:039][  0]LogMemory: Memory total: Physical=15.9GB (16GB approx)
[2017.03.31-10.14.34:039][  0]LogMemory: Platform Memory Stats for Windows
[2017.03.31-10.14.34:039][  0]LogMemory: Process Physical Memory: 261.90 MB used, 261.90 MB peak
[2017.03.31-10.14.34:039][  0]LogMemory: Process Virtual Memory: 262.43 MB used, 262.43 MB peak
[2017.03.31-10.14.34:039][  0]LogMemory: Physical Memory: 6515.56 MB used,  9810.60 MB free, 16326.16 MB total
[2017.03.31-10.14.34:039][  0]LogMemory: Virtual Memory: 644.40 MB used,  9810.60 MB free, 134217728.00 MB total
[2017.03.31-10.14.34:103][  0]LogTextLocalizationManager: No translations for ('fr-FR') exist, falling back to 'en' for localization and internationalization data.
[2017.03.31-10.14.34:624][  0]LogD3D11RHI: D3D11 adapters:
[2017.03.31-10.14.35:100][  0]LogD3D11RHI:    0. 'NVIDIA GeForce GTX 970' (Feature Level 11_0)
[2017.03.31-10.14.35:100][  0]LogD3D11RHI:       4059/0/8163 MB DedicatedVideo/DedicatedSystem/SharedSystem, Outputs:2, VendorId:0x10de
[2017.03.31-10.14.35:101][  0]LogD3D11RHI:    1. 'Microsoft Basic Render Driver' (Feature Level 11_0)
[2017.03.31-10.14.35:101][  0]LogD3D11RHI:       0/0/8163 MB DedicatedVideo/DedicatedSystem/SharedSystem, Outputs:0, VendorId:0x1414
[2017.03.31-10.14.35:101][  0]LogD3D11RHI: Chosen D3D11 Adapter: 0
[2017.03.31-10.14.35:104][  0]LogD3D11RHI: Creating new Direct3DDevice
[2017.03.31-10.14.35:105][  0]LogD3D11RHI:     GPU DeviceId: 0x13c2 (for the marketing name, search the web for "GPU Device Id")
[2017.03.31-10.14.35:105][  0]LogWindows: EnumDisplayDevices:
[2017.03.31-10.14.35:105][  0]LogWindows:    0. 'NVIDIA GeForce GTX 970' (P:1 D:1)
[2017.03.31-10.14.35:105][  0]LogWindows:    1. 'NVIDIA GeForce GTX 970' (P:0 D:0)
[2017.03.31-10.14.35:105][  0]LogWindows:    2. 'NVIDIA GeForce GTX 970' (P:0 D:1)
[2017.03.31-10.14.35:105][  0]LogWindows:    3. 'NVIDIA GeForce GTX 970' (P:0 D:0)
[2017.03.31-10.14.35:105][  0]LogWindows: DebugString: FoundDriverCount:4 
[2017.03.31-10.14.35:105][  0]LogD3D11RHI:     Adapter Name: NVIDIA GeForce GTX 970
[2017.03.31-10.14.35:105][  0]LogD3D11RHI:   Driver Version: 378.66 (internal:21.21.13.7866, unified:378.66)
[2017.03.31-10.14.35:105][  0]LogD3D11RHI:      Driver Date: 2-9-2017
[2017.03.31-10.14.35:105][  0]LogRHI: Texture pool is 1361 MB (70% of 1945 MB)
[2017.03.31-10.14.35:583][  0]LogD3D11RHI: Async texture creation enabled
[2017.03.31-10.14.35:738][  0]LogD3D11RHI: GPU Timing Frequency: 1000.000000 (Debug: 2 1)
[2017.03.31-10.14.35:834][  0]LogShaderCompilers: Guid format shader working directory is 18 characters bigger than the processId version (D:/User/Documents/Tower-Defence/Intermediate/Shaders/WorkingDirectory/5428/).
[2017.03.31-10.14.35:834][  0]LogShaderCompilers: Cleaned the shader compiler working directory 'C:/Users/Meuleman/AppData/Local/Temp/UnrealShaderWorkingDir/40CD6E9A40CCD22D2C39B4B944B6B162/'.
[2017.03.31-10.14.35:834][  0]LogShaderCompilers:Display: Using Local Shader Compiler.
[2017.03.31-10.14.36:813][  0]LogTemp:Display: Loaded TP AllDesktopTargetPlatform
[2017.03.31-10.14.36:861][  0]LogTemp:Display: Loaded TP MacClientTargetPlatform
[2017.03.31-10.14.36:929][  0]LogTemp:Display: Loaded TP MacNoEditorTargetPlatform
[2017.03.31-10.14.36:986][  0]LogTemp:Display: Loaded TP MacServerTargetPlatform
[2017.03.31-10.14.37:045][  0]LogTemp:Display: Loaded TP MacTargetPlatform
[2017.03.31-10.14.37:107][  0]LogTemp:Display: Loaded TP WindowsClientTargetPlatform
[2017.03.31-10.14.37:160][  0]LogTemp:Display: Loaded TP WindowsNoEditorTargetPlatform
[2017.03.31-10.14.37:208][  0]LogTemp:Display: Loaded TP WindowsServerTargetPlatform
[2017.03.31-10.14.37:247][  0]LogTemp:Display: Loaded TP WindowsTargetPlatform
[2017.03.31-10.14.37:294][  0]LogTemp:Display: Loaded TP AndroidTargetPlatform
[2017.03.31-10.14.37:344][  0]LogTemp:Display: Loaded TP Android_ASTCTargetPlatform
[2017.03.31-10.14.37:393][  0]LogTemp:Display: Loaded TP Android_ATCTargetPlatform
[2017.03.31-10.14.37:438][  0]LogTemp:Display: Loaded TP Android_DXTTargetPlatform
[2017.03.31-10.14.37:484][  0]LogTemp:Display: Loaded TP Android_ETC1TargetPlatform
[2017.03.31-10.14.37:529][  0]LogTemp:Display: Loaded TP Android_ETC2TargetPlatform
[2017.03.31-10.14.37:622][  0]LogTemp:Display: Loaded TP Android_MultiTargetPlatform
[2017.03.31-10.14.37:622][  0]LogTemp:Display: Loaded TP Android_PVRTCTargetPlatform
[2017.03.31-10.14.37:652][  0]LogTemp:Display: Loaded TP HTML5TargetPlatform
[2017.03.31-10.14.37:738][  0]LogTemp:Display: Loaded TP IOSTargetPlatform
[2017.03.31-10.14.37:768][  0]LogTemp:Display: Loaded TP TVOSTargetPlatform
[2017.03.31-10.14.37:814][  0]LogTemp:Display: Loaded TP LinuxClientTargetPlatform
[2017.03.31-10.14.37:860][  0]LogTemp:Display: Loaded TP LinuxNoEditorTargetPlatform
[2017.03.31-10.14.37:908][  0]LogTemp:Display: Loaded TP LinuxServerTargetPlatform
[2017.03.31-10.14.37:951][  0]LogTemp:Display: Loaded TP LinuxTargetPlatform
[2017.03.31-10.14.37:951][  0]LogTargetPlatformManager:Display: Building Assets For Windows
[2017.03.31-10.14.38:289][  0]LogDerivedDataCache:Display: Max Cache Size: 512 MB
[2017.03.31-10.14.38:332][  0]LogDerivedDataCache: Loaded boot cache 0.04s 50MB C:/Users/Meuleman/AppData/Local/UnrealEngine/4.15/DerivedDataCache/Boot.ddc.
[2017.03.31-10.14.38:332][  0]LogDerivedDataCache:Display: Loaded Boot cache: C:/Users/Meuleman/AppData/Local/UnrealEngine/4.15/DerivedDataCache/Boot.ddc
[2017.03.31-10.14.38:332][  0]LogDerivedDataCache: FDerivedDataBackendGraph:  Pak pak cache file D:/User/Documents/Tower-Defence/DerivedDataCache/DDC.ddp not found, will not use a pak cache.
[2017.03.31-10.14.38:332][  0]LogDerivedDataCache: Unable to find inner node Pak for hierarchical cache Hierarchy.
[2017.03.31-10.14.38:332][  0]LogDerivedDataCache: FDerivedDataBackendGraph:  CompressedPak pak cache file D:/User/Documents/Tower-Defence/DerivedDataCache/Compressed.ddp not found, will not use a pak cache.
[2017.03.31-10.14.38:332][  0]LogDerivedDataCache: Unable to find inner node CompressedPak for hierarchical cache Hierarchy.
[2017.03.31-10.14.38:348][  0]LogDerivedDataCache:Display: Pak cache opened for reading ../../../Engine/DerivedDataCache/Compressed.ddp.
[2017.03.31-10.14.38:359][  0]LogDerivedDataCache: Using Local data cache path C:/Users/Meuleman/AppData/Local/UnrealEngine/Common/DerivedDataCache: Writable
[2017.03.31-10.14.38:367][  0]LogSlate: Using Freetype 2.6.0
[2017.03.31-10.14.38:367][  0]LogSlate: SlateFontCache - WITH_FREETYPE: 1, WITH_HARFBUZZ: 1
[2017.03.31-10.14.38:367][  0]LogSlate: SlateFontCache - WITH_FREETYPE: 1, WITH_HARFBUZZ: 1
[2017.03.31-10.14.38:572][  0]LogInit: Selected Device Profile: [Windows]
[2017.03.31-10.14.38:573][  0]LogContentStreaming: Texture pool size is 0.00 MB
[2017.03.31-10.14.38:737][  0]LogMeshUtilities: Using QuadricMeshReduction for automatic static mesh reduction
[2017.03.31-10.14.38:770][  0]LogSimplygon: Simplygon DLL not present - disabling.
[2017.03.31-10.14.38:806][  0]LogMeshUtilities: Using SimplygonSwarm for distributed automatic mesh merging
[2017.03.31-10.14.38:806][  0]LogMeshUtilities: No automatic skeletal mesh reduction module available
[2017.03.31-10.14.38:806][  0]LogMeshUtilities: No automatic mesh merging module available
[2017.03.31-10.14.39:231][  0]LogNetVersion: GetLocalNetworkVersion: CL: 3299760, ProjectName: rts_towerdefense, ProjectVersion: , EngineNetworkVersion: 2, GameNetworkVersion: 0, NetworkChecksum: 4106176920
[2017.03.31-10.14.39:271][  0]LogAssetRegistry: FAssetRegistry took 0.0213 seconds to start up
[2017.03.31-10.14.39:303][  0]LogPackageLocalizationCache: Processed 4 localized package path(s) for 1 prioritized culture(s) in 0.015948 seconds
[2017.03.31-10.14.39:309][  0]LogUObjectArray: 32493 objects as part of root set at end of initial load.
[2017.03.31-10.14.39:309][  0]LogUObjectAllocator: 7077024 out of 0 bytes used by permanent object pool.
[2017.03.31-10.14.39:309][  0]LogUObjectArray: CloseDisregardForGC: 0/0 objects in disregard for GC pool
[2017.03.31-10.14.39:359][  0]LogInit: WinSock: version 1.1 (2.2), MaxSocks=32767, MaxUdp=65467
[2017.03.31-10.14.41:048][  0]LogTcpMessaging: Initializing TcpMessaging bridge
[2017.03.31-10.14.41:082][  0]LogUdpMessaging: Initializing bridge on interface 0.0.0.0:0 to multicast group 230.0.0.1:6666.
[2017.03.31-10.14.41:464][  0]LogMaterial: Uniform references updated for custom material expression Custom.
[2017.03.31-10.14.41:769][  0]SourceControl: Info Source control is disabled
[2017.03.31-10.14.41:794][  0]SourceControl: Info Source control is disabled
[2017.03.31-10.14.41:829][  0]SourceControl: Info Source control is disabled
[2017.03.31-10.14.41:865][  0]SourceControl: Info Source control is disabled
[2017.03.31-10.14.42:857][  0]LogEngine: Initializing Engine...
[2017.03.31-10.14.42:857][  0]LogHMD: Failed to initialize OpenVR with code 110
[2017.03.31-10.14.43:068][  0]LogAIModule: Creating AISystem for world Untitled
[2017.03.31-10.14.43:083][  0]LogInit: XAudio2 using 'Haut-parleurs (Realtek High Definition Audio)' : 2 channels at 48 kHz using 32 bits per sample (channel mask 0x3)
[2017.03.31-10.14.43:095][  0]LogInit: FAudioDevice initialized.
[2017.03.31-10.14.43:117][  0]LogDerivedDataCache: Saved boot cache 0.02s 50MB C:/Users/Meuleman/AppData/Local/UnrealEngine/4.15/DerivedDataCache/Boot.ddc.
[2017.03.31-10.14.43:123][  0]LogInit: Texture streaming: Enabled
[2017.03.31-10.14.43:201][  0]LogEngineSessionManager: EngineSessionManager initialized
[2017.03.31-10.14.43:272][  0]LogInit: Transaction tracking system initialized
[2017.03.31-10.14.43:541][  0]BlueprintLog: New page: Editor Load
[2017.03.31-10.14.44:224][  0]LocalizationService: Info Localization service is disabled
[2017.03.31-10.14.44:741][  0]LogConsoleResponse:Display: 
[2017.03.31-10.14.44:841][  0]LogCook:Display: Max memory allowance for cook 16384mb min free memory 0mb
[2017.03.31-10.14.44:841][  0]LogCook:Display: Mobile HDR setting 1
[2017.03.31-10.14.44:879][  0]LogFileCache: Scanning file cache for directory 'D:/User/Documents/Tower-Defence/Content/' took 0.03s
[2017.03.31-10.14.45:592][  0]SourceControl: Info Source control is disabled
[2017.03.31-10.14.45:592][  0]Cmd: MAP LOAD FILE="D:/User/Documents/Tower-Defence/Content/RTS_TowerDefense/Maps/RTS_TestMap.umap" TEMPLATE=0 SHOWPROGRESS=1 FEATURELEVEL=3
[2017.03.31-10.14.45:678][  0]LightingResults: New page: Lighting Build
[2017.03.31-10.14.45:744][  0]MapCheck: New page: Map Check
[2017.03.31-10.14.45:744][  0]LightingResults: New page: Lighting Build
[2017.03.31-10.14.48:231][  0]LogClass:Warning: Enum '/Game/RTS_TowerDefense/Enums/GameSpeed_Enum.GameSpeed_ENUM' was upgraded to use FText to store its display name data. Please re-save this asset to avoid issues with localization and determinstic cooking.
[2017.03.31-10.14.48:660][  0]LogBlueprint:Warning: [Compiler CameraPawnController] Warning  Set Input Mode Game And UI (Deprecated)  is deprecated; Use the new version of Set Input Mode Game And UI instead
[2017.03.31-10.14.48:676][  0]LogBlueprint:Warning: [Compiler CameraPawnController] Warning [0016.19] Compile of CameraPawnController successful, but with 1 Warning(s) [in 80 ms] (/Game/RTS_TowerDefense/Blueprints/CameraPawnController.CameraPawnController)
[2017.03.31-10.14.48:679][  0]LogBlueprint:Warning: [Compiler CameraPawnController] Warning [0016.20] Compile of CameraPawnController successful, but with 2 Warning(s) [in 2 ms] (/Game/RTS_TowerDefense/Blueprints/CameraPawnController.CameraPawnController)
[2017.03.31-10.14.48:679][  0]LogBlueprint:Warning: [Compiler CameraPawnController] Warning [0016.20] Compile of CameraPawnController successful, but with 3 Warning(s) [in 0 ms] (/Game/RTS_TowerDefense/Blueprints/CameraPawnController.CameraPawnController)
[2017.03.31-10.14.48:972][  0]LogBlueprint:Warning: [Compiler CameraPawnController] Warning  Set Input Mode Game And UI (Deprecated)  is deprecated; Use the new version of Set Input Mode Game And UI instead
[2017.03.31-10.14.48:987][  0]LogBlueprint:Warning: [Compiler CameraPawnController] Warning [0016.50] Compile of CameraPawnController successful, but with 1 Warning(s) [in 59 ms] (/Game/RTS_TowerDefense/Blueprints/CameraPawnController.CameraPawnController)
[2017.03.31-10.14.48:987][  0]LogBlueprint:Warning: [Compiler CameraPawnController] Warning [0016.50] Compile of CameraPawnController successful, but with 2 Warning(s) [in 0 ms] (/Game/RTS_TowerDefense/Blueprints/CameraPawnController.CameraPawnController)
[2017.03.31-10.14.48:990][  0]LogBlueprint:Warning: [Compiler CameraPawnController] Warning [0016.51] Compile of CameraPawnController successful, but with 3 Warning(s) [in 3 ms] (/Game/RTS_TowerDefense/Blueprints/CameraPawnController.CameraPawnController)
[2017.03.31-10.14.52:658][  0]LogMaterial: Missing cached shader map for material M_Rock_Sandstone, compiling. 
[2017.03.31-10.14.52:659][  0]LogTemp:Display: Added material ShaderMap 0x000001FB8FA66400 with Material 0x000001FB8B50F280 to ShaderMapsBeingCompiled
[2017.03.31-10.14.52:702][  0]LogTemp:Display: Kicking off shader compilation for M_Rock_Sandstone, GameThreadShaderMap 0x000001FB8FA66400
[2017.03.31-10.14.52:740][  0]LogClass:Warning: Enum '/Game/RTS_TowerDefense/Enums/NPCNameMale_ENUM.NPCNameMale_ENUM' was upgraded to use FText to store its display name data. Please re-save this asset to avoid issues with localization and determinstic cooking.
[2017.03.31-10.14.52:740][  0]LogClass:Warning: Enum '/Game/RTS_TowerDefense/Enums/NPCNameFemale_ENUM.NPCNameFemale_ENUM' was upgraded to use FText to store its display name data. Please re-save this asset to avoid issues with localization and determinstic cooking.
[2017.03.31-10.14.52:817][  0]LogPackageName:Warning: String asset reference "JW_FlameDungeon.FX.SM_FX_Embers" is in short form, which is unsupported and -- even if valid -- resolving it will be really slow.
[2017.03.31-10.14.52:817][  0]LogPackageName:Warning: Please consider resaving package in order to speed-up loading.
[2017.03.31-10.14.52:817][  0]LogClass:Warning: Enum '/Game/RTS_TowerDefense/Enums/MonthNames_ENUM.MonthNames_ENUM' was upgraded to use FText to store its display name data. Please re-save this asset to avoid issues with localization and determinstic cooking.
[2017.03.31-10.14.53:562][  0]LogPackageName: SearchForPackageOnDisk took   0.116s, but failed to resolve JW_FlameDungeon.
[2017.03.31-10.14.53:562][  0]LogPackageName:Warning: String asset reference "JW_FlameDungeon.FX.SM_FX_Embers" could not be resolved.
[2017.03.31-10.14.53:562][  0]LogPackageName:Warning: String asset reference "JW_FlameDungeon.FX.SM_FogPlane02" is in short form, which is unsupported and -- even if valid -- resolving it will be really slow.
[2017.03.31-10.14.53:562][  0]LogPackageName:Warning: Please consider resaving package in order to speed-up loading.
[2017.03.31-10.14.53:562][  0]LogPackageName: SearchForPackageOnDisk took   0.115s, but failed to resolve JW_FlameDungeon.
[2017.03.31-10.14.53:562][  0]LogPackageName:Warning: String asset reference "JW_FlameDungeon.FX.SM_FogPlane02" could not be resolved.
[2017.03.31-10.14.53:562][  0]LogTexture:Display: Building textures: HQ_Lightmap1_1 (AutoDXT, 1024X1024) - 59 MB total VRAM
[2017.03.31-10.14.54:112][  0]LogTexture:Display: Building textures: HQ_Lightmap1_2 (AutoDXT, 64X64) - 59 MB total VRAM
[2017.03.31-10.14.54:221][  0]LogTexture:Display: Building textures: LQ_Lightmap_1_1 (DXT1, 1024X1024) - 59 MB total VRAM
[2017.03.31-10.14.54:704][  0]LogTexture:Display: Building textures: LQ_Lightmap_1_2 (DXT1, 64X64) - 59 MB total VRAM
[2017.03.31-10.14.54:714][  0]LogTexture:Display: Building textures: SkyOcclusion1_1 (AutoDXT, 1024X512) - 59 MB total VRAM
[2017.03.31-10.14.54:944][  0]LogTexture:Display: Building textures: SkyOcclusion1_2 (AutoDXT, 64X32) - 59 MB total VRAM
[2017.03.31-10.14.54:947][  0]LogTexture:Display: Building textures: ShadowMapTexture2D_0 (G8, 1024X256) - 59 MB total VRAM
[2017.03.31-10.14.54:953][  0]LogTexture:Display: Building textures: ShadowMapTexture2D_1 (G8, 32X32) - 59 MB total VRAM
[2017.03.31-10.14.54:956][  0]LogClass:Warning: Enum '/Game/RTS_TowerDefense/Enums/NPCSexType_ENUM.NPCSexType_ENUM' was upgraded to use FText to store its display name data. Please re-save this asset to avoid issues with localization and determinstic cooking.
[2017.03.31-10.14.54:959][  0]LogAIModule: Creating AISystem for world RTS_TestMap
[2017.03.31-10.14.55:548][  0]LogPackageName:Warning: String asset reference "StaticMesh'FX_Meshes_IB.SM_Debris_Box_RadialFull'" is in short form, which is unsupported and -- even if valid -- resolving it will be really slow.
[2017.03.31-10.14.55:548][  0]LogPackageName:Warning: Please consider resaving package in order to speed-up loading.
[2017.03.31-10.14.55:548][  0]LogPackageName: SearchForPackageOnDisk took   0.155s, but failed to resolve StaticMesh'FX_Meshes_IB.
[2017.03.31-10.14.55:548][  0]LogPackageName:Warning: String asset reference "StaticMesh'FX_Meshes_IB.SM_Debris_Box_RadialFull'" could not be resolved.
[2017.03.31-10.14.55:548][  0]LogEditorServer: Finished looking for orphan Actors (0.000 secs)
[2017.03.31-10.14.55:559][  0]Cmd: MAP CHECKDEP NOCLEARLOG
[2017.03.31-10.14.55:605][  0]MapCheck: Info Map check complete: 0 Error(s), 0 Warning(s), took 45.676ms to complete.
[2017.03.31-10.14.55:605][  0]LogFileHelpers: Loading map 'RTS_TestMap' took 10.013
[2017.03.31-10.14.55:796][  0]LogPackageName:Warning: String asset reference "JW_Ice_Mountain.Mesh.SM_SnowBoulder" is in short form, which is unsupported and -- even if valid -- resolving it will be really slow.
[2017.03.31-10.14.55:796][  0]LogPackageName:Warning: Please consider resaving package in order to speed-up loading.
[2017.03.31-10.14.55:796][  0]LogCollectionManager: Loaded 0 collections in 0.001259 seconds
[2017.03.31-10.14.55:894][  0]LogFileCache: Scanning file cache for directory 'D:/User/Documents/Tower-Defence/Saved/Collections/' took 0.01s
[2017.03.31-10.14.55:894][  0]LogFileCache: Scanning file cache for directory 'D:/User/Documents/Tower-Defence/Content/Developers/Meuleman/Collections/' took 0.01s
[2017.03.31-10.14.55:894][  0]LogPackageName: SearchForPackageOnDisk took   0.161s, but failed to resolve JW_Ice_Mountain.
[2017.03.31-10.14.55:894][  0]LogPackageName:Warning: String asset reference "JW_Ice_Mountain.Mesh.SM_SnowBoulder" could not be resolved.
[2017.03.31-10.14.55:894][  0]LogFileCache: Scanning file cache for directory 'D:/User/Documents/Tower-Defence/Content/Collections/' took 0.01s
[2017.03.31-10.14.55:894][  0]LogCollectionManager: Rebuilt the GUID cache for 0 collections in 0.000001 seconds
[2017.03.31-10.14.55:902][  0]LogContentBrowser: Native class hierarchy populated in 0.0077 seconds. Added 2270 classes and 462 folders.
[2017.03.31-10.14.55:907][  0]LogStats: UGameplayTagsManager::ConstructGameplayTagTree: Construct from data asset -  0.000 s
[2017.03.31-10.14.55:907][  0]LogStats: UGameplayTagsManager::ConstructGameplayTagTree: GameplayTagTreeChangedEvent.Broadcast -  0.000 s
[2017.03.31-10.14.55:963][  0]LogContentBrowser: Native class hierarchy updated for 'WidgetCarousel' in 0.0004 seconds. Added 0 classes and 0 folders.
[2017.03.31-10.14.56:212][  0]LogPackageName:Warning: String asset reference "FX_Meshes.UI.SM_SelectionMesh_01" is in short form, which is unsupported and -- even if valid -- resolving it will be really slow.
[2017.03.31-10.14.56:212][  0]LogPackageName:Warning: Please consider resaving package in order to speed-up loading.
[2017.03.31-10.14.56:212][  0]LogPackageName: SearchForPackageOnDisk took   0.120s, but failed to resolve FX_Meshes.
[2017.03.31-10.14.56:212][  0]LogPackageName:Warning: String asset reference "FX_Meshes.UI.SM_SelectionMesh_01" could not be resolved.
[2017.03.31-10.14.56:212][  0]LogPackageName:Warning: String asset reference "FX_Meshes.UI.SM_SelectionMesh_01" is in short form, which is unsupported and -- even if valid -- resolving it will be really slow.
[2017.03.31-10.14.56:212][  0]LogPackageName:Warning: Please consider resaving package in order to speed-up loading.
[2017.03.31-10.14.56:212][  0]LogContentBrowser: Native class hierarchy updated for 'AddContentDialog' in 0.0004 seconds. Added 0 classes and 0 folders.
[2017.03.31-10.14.56:248][  0]LogContentBrowser: Native class hierarchy updated for 'SceneOutliner' in 0.0004 seconds. Added 1 classes and 2 folders.
[2017.03.31-10.14.56:363][  0]LogPackageName: SearchForPackageOnDisk took   0.132s, but failed to resolve FX_Meshes.
[2017.03.31-10.14.56:363][  0]LogPackageName:Warning: String asset reference "FX_Meshes.UI.SM_SelectionMesh_01" could not be resolved.
[2017.03.31-10.14.56:363][  0]LogPackageName:Warning: String asset reference "'FX_Ambient.Meshes.SM_Bats'" is in short form, which is unsupported and -- even if valid -- resolving it will be really slow.
[2017.03.31-10.14.56:363][  0]LogPackageName:Warning: Please consider resaving package in order to speed-up loading.
[2017.03.31-10.14.56:363][  0]LogCrashTracker: Crashtracker disabled due to settings.
[2017.03.31-10.14.56:368][  0]LogUObjectGlobals:Warning: Failed to find object 'Class None.'
[2017.03.31-10.14.56:430][  0]LogContentBrowser: Native class hierarchy updated for 'HierarchicalLODOutliner' in 0.0005 seconds. Added 1 classes and 2 folders.
[2017.03.31-10.14.56:430][  0]LogLoad: (Engine Initialization) Total time: 23.95 seconds
[2017.03.31-10.14.56:430][  0]LogLoad: (Engine Initialization) Total Blueprint compile time: 0.74 seconds
[2017.03.31-10.14.56:430][  0]LogExternalProfiler: Found external profiler: VSPerf
[2017.03.31-10.14.56:430][  0]LogExternalProfiler: Using external profiler: VSPerf
[2017.03.31-10.14.56:770][  0]LogPackageName: SearchForPackageOnDisk took   0.134s, but failed to resolve 'FX_Ambient.
[2017.03.31-10.14.56:770][  0]LogPackageName:Warning: String asset reference "'FX_Ambient.Meshes.SM_Bats'" could not be resolved.
[2017.03.31-10.14.56:770][  0]LogPackageName:Warning: String asset reference "CastleEffects.TouchToMoveArrow" is in short form, which is unsupported and -- even if valid -- resolving it will be really slow.
[2017.03.31-10.14.56:770][  0]LogPackageName:Warning: Please consider resaving package in order to speed-up loading.
[2017.03.31-10.14.56:770][  0]LogPackageName: SearchForPackageOnDisk took   0.101s, but failed to resolve CastleEffects.
[2017.03.31-10.14.56:770][  0]LogPackageName:Warning: String asset reference "CastleEffects.TouchToMoveArrow" could not be resolved.
[2017.03.31-10.14.56:770][  0]LogOcInput: OculusInput pre-init called
[2017.03.31-10.14.56:799][  0]LogContentStreaming: Texture pool size now 1000 MB
[2017.03.31-10.14.56:800][  0]LogSlate: Took 0.000165 seconds to synchronously load lazily loaded font '../../../Engine/Content/Slate/Fonts/Roboto-Regular.ttf' (155K)
[2017.03.31-10.14.56:804][  0]LogSlate: Took 0.000138 seconds to synchronously load lazily loaded font '../../../Engine/Content/Slate/Fonts/Roboto-Bold.ttf' (160K)
[2017.03.31-10.14.56:815][  0]LogSlate: Took 0.004510 seconds to synchronously load lazily loaded font '../../../Engine/Content/Editor/Slate/Fonts/FontAwesome.ttf' (139K)
[2017.03.31-10.14.56:899][  0]LogPackageName:Warning: String asset reference "StaticMesh'FX_Meshes.Fire.SM_Dungeon_Pipes_Lava01_Cool'" is in short form, which is unsupported and -- even if valid -- resolving it will be really slow.
[2017.03.31-10.14.56:899][  0]LogPackageName:Warning: Please consider resaving package in order to speed-up loading.
[2017.03.31-10.14.57:035][  0]LogRenderer: Reallocating scene render targets to support 1208x576 NumSamples 1 (Frame:2).
[2017.03.31-10.14.57:035][  0]LogSlate: Took 0.003523 seconds to synchronously load lazily loaded font '../../../Engine/Content/Slate/Fonts/Roboto-Light.ttf' (159K)
[2017.03.31-10.14.57:142][  2]LogPackageName: SearchForPackageOnDisk took   0.206s, but failed to resolve StaticMesh'FX_Meshes.
[2017.03.31-10.14.57:142][  2]LogPackageName:Warning: String asset reference "StaticMesh'FX_Meshes.Fire.SM_Dungeon_Pipes_Lava01_Cool'" could not be resolved.
[2017.03.31-10.14.57:142][  2]LogPackageName:Warning: String asset reference "m_FogSheet_02" is in short form, which is unsupported and -- even if valid -- resolving it will be really slow.
[2017.03.31-10.14.57:142][  2]LogPackageName:Warning: Please consider resaving package in order to speed-up loading.
[2017.03.31-10.14.57:451][  3]LogPackageName: SearchForPackageOnDisk took   0.101s to resolve m_FogSheet_02.
[2017.03.31-10.14.57:451][  3]LogPackageName:Warning: String asset reference "FX_Test_LAN.Meshes.SM_IceWall01" is in short form, which is unsupported and -- even if valid -- resolving it will be really slow.
[2017.03.31-10.14.57:451][  3]LogPackageName:Warning: Please consider resaving package in order to speed-up loading.
[2017.03.31-10.14.57:782][  4]LogPackageName: SearchForPackageOnDisk took   0.109s, but failed to resolve FX_Test_LAN.
[2017.03.31-10.14.57:782][  4]LogPackageName:Warning: String asset reference "FX_Test_LAN.Meshes.SM_IceWall01" could not be resolved.
[2017.03.31-10.14.57:782][  4]LogPackageName:Warning: String asset reference "m_FogSheet_02" is in short form, which is unsupported and -- even if valid -- resolving it will be really slow.
[2017.03.31-10.14.57:782][  4]LogPackageName:Warning: Please consider resaving package in order to speed-up loading.
[2017.03.31-10.14.58:112][  5]LogPackageName: SearchForPackageOnDisk took   0.089s to resolve m_FogSheet_02.
[2017.03.31-10.14.58:112][  5]LogPackageName:Warning: String asset reference "m_FogSheet_02" is in short form, which is unsupported and -- even if valid -- resolving it will be really slow.
[2017.03.31-10.14.58:113][  5]LogPackageName:Warning: Please consider resaving package in order to speed-up loading.
[2017.03.31-10.14.58:113][  5]LogPackageName: SearchForPackageOnDisk took   0.090s to resolve m_FogSheet_02.
[2017.03.31-10.14.58:113][  5]LogPackageName:Warning: String asset reference "m_FogSheet_02" is in short form, which is unsupported and -- even if valid -- resolving it will be really slow.
[2017.03.31-10.14.58:113][  5]LogPackageName:Warning: Please consider resaving package in order to speed-up loading.
[2017.03.31-10.14.58:113][  5]LogPackageName: SearchForPackageOnDisk took   0.091s to resolve m_FogSheet_02.
[2017.03.31-10.15.05:059][701]LogPackageName:Warning: String asset reference "JW_Ice_Mountain.Mesh.SM_SnowBoulder" is in short form, which is unsupported and -- even if valid -- resolving it will be really slow.
[2017.03.31-10.15.05:059][701]LogPackageName:Warning: Please consider resaving package in order to speed-up loading.
[2017.03.31-10.15.05:152][701]LogPackageName: SearchForPackageOnDisk took   0.092s, but failed to resolve JW_Ice_Mountain.
[2017.03.31-10.15.05:152][701]LogPackageName:Warning: String asset reference "JW_Ice_Mountain.Mesh.SM_SnowBoulder" could not be resolved.
[2017.03.31-10.15.05:226][701]LogPackageName:Warning: String asset reference "S_Survival_CA_Chicken_02.SM.S_Survival_CA_Chicken_02" is in short form, which is unsupported and -- even if valid -- resolving it will be really slow.
[2017.03.31-10.15.05:226][701]LogPackageName:Warning: Please consider resaving package in order to speed-up loading.
[2017.03.31-10.15.05:321][701]LogPackageName: SearchForPackageOnDisk took   0.095s to resolve S_Survival_CA_Chicken_02.
[2017.03.31-10.15.05:724][701]LogPackageName:Warning: String asset reference "JW_Ice_Mountain.Mesh.SM_SnowBoulder" is in short form, which is unsupported and -- even if valid -- resolving it will be really slow.
[2017.03.31-10.15.05:724][701]LogPackageName:Warning: Please consider resaving package in order to speed-up loading.
[2017.03.31-10.15.05:820][701]LogPackageName: SearchForPackageOnDisk took   0.096s, but failed to resolve JW_Ice_Mountain.
[2017.03.31-10.15.05:820][701]LogPackageName:Warning: String asset reference "JW_Ice_Mountain.Mesh.SM_SnowBoulder" could not be resolved.
[2017.03.31-10.15.05:884][701]LogPackageName:Warning: String asset reference "Env_ALL_Artifacts.Mesh.Env_ALL_Terminus001" is in short form, which is unsupported and -- even if valid -- resolving it will be really slow.
[2017.03.31-10.15.05:884][701]LogPackageName:Warning: Please consider resaving package in order to speed-up loading.
[2017.03.31-10.15.05:999][701]LogPackageName: SearchForPackageOnDisk took   0.114s, but failed to resolve Env_ALL_Artifacts.
[2017.03.31-10.15.05:999][701]LogPackageName:Warning: String asset reference "Env_ALL_Artifacts.Mesh.Env_ALL_Terminus001" could not be resolved.
[2017.03.31-10.15.07:628][701]LogEditorViewport: Clicking on Actor (LMB): Landscape (Landscape)
[2017.03.31-10.15.08:227][705]LogD3D11RHI: Timed out while waiting for GPU to catch up. (0.5 s)
[2017.03.31-10.15.08:727][705]LogD3D11RHI: Timed out while waiting for GPU to catch up. (0.5 s)
[2017.03.31-10.15.09:227][705]LogD3D11RHI: Timed out while waiting for GPU to catch up. (0.5 s)
[2017.03.31-10.15.14:431][257]LogAssetRegistry: Asset discovery search completed in 35.1818 seconds
[2017.03.31-10.15.14:431][257]LogCollectionManager: Rebuilt the object cache for 0 collections in 0.000005 seconds (found 0 objects)
[2017.03.31-10.15.14:431][257]LogCollectionManager: Fixed up redirectors for 0 collections in 0.000029 seconds (updated 0 objects)
[2017.03.31-10.15.14:553][268]LogTemp:Display: Finished compile of shader map 0x000001FB8FA66400
[2017.03.31-10.15.14:553][268]LogTemp:Display: Shader map M_Rock_Sandstone complete, GameThreadShaderMap 0x000001FB8FA66400, marking material M_Rock_Sandstone as finished
[2017.03.31-10.15.14:553][268]LogTemp:Display: Marking material as finished 0x000001FB8B50F280
[2017.03.31-10.15.26:811][728]LogEditorViewport: Clicking on Actor (LMB): Mine_C (Mine)
[2017.03.31-11.40.06:200][ 54]LogSlate: Took 0.005085 seconds to synchronously load lazily loaded font '../../../Engine/Content/Editor/Slate/Fonts/Roboto-Italic.ttf' (157K)
[2017.03.31-11.40.14:768][  8]LogEditorViewport: Clicking on Actor (LMB): Attack_spawn_C (Attack_spawn)
[2017.03.31-11.41.10:634][ 58]LogSlate: Took 0.000949 seconds to synchronously load lazily loaded font '../../../Engine/Content/Slate/Fonts/Roboto-Light.ttf' (159K)
[2017.03.31-11.41.19:631][ 85]LogSlate: Took 0.000736 seconds to synchronously load lazily loaded font '../../../Engine/Content/Slate/Fonts/Roboto-Light.ttf' (159K)
[2017.03.31-11.41.20:066][ 85]LogSavePackage: Save=212.61ms
[2017.03.31-11.41.20:066][ 85]LogSavePackage: Moving 'D:/User/Documents/Tower-Defence/Saved/RTS_TestMap_Auto15E59DC34488BF17C43F03C97984A4706.tmp' to 'D:/User/Documents/Tower-Defence/Saved/Autosaves/Game/RTS_TowerDefense/Maps/RTS_TestMap_Auto1.umap'
[2017.03.31-11.41.20:066][ 85]LogSavePackage:Display: Finished SavePackage D:/User/Documents/Tower-Defence/Saved/Autosaves/Game/RTS_TowerDefense/Maps/RTS_TestMap_Auto1.umap
[2017.03.31-11.41.20:070][ 85]LogFileHelpers: Editor autosave (incl. sublevels) for '/Game/RTS_TowerDefense/Maps/RTS_TestMap' took 0.399
[2017.03.31-11.41.20:070][ 85]LogFileHelpers: Editor autosave (incl. sublevels) for all levels took 0.399
