Log file open, 03/22/17 12:44:38
LogInit:Display: Running engine for game: RTS_TowerDefense
LogPlatformFile: Not using cached read wrapper
LogInit:Display: RandInit(575241473) SRandInit(575241476).
LogTaskGraph: Started task graph with 4 named threads and 7 total threads with 1 sets of task threads.
LogStats: Stats thread started at 3.294465
LogInit: Version: 4.12.5-3039270+++UE4+Release-4.12
LogInit: API Version: 2992821
LogInit: Net Version: 3039270
LogDevObjectVersion: Number of dev versions registered: 13
LogDevObjectVersion:   Dev-Blueprints (B0D832E4-1F89-4F0D-ACCF-7EB736FD4AA2): 3
LogDevObjectVersion:   Dev-Build (E1C64328-A22C-4D53-A36C-8E866417BD8C): 0
LogDevObjectVersion:   Dev-Core (375EC13C-06E4-48FB-B500-84F0262A717E): 1
LogDevObjectVersion:   Dev-Editor (E4B068ED-F494-42E9-A231-DA0B2E46BB41): 2
LogDevObjectVersion:   Dev-Framework (CFFC743F-43B0-4480-9391-14DF171D2073): 6
LogDevObjectVersion:   Dev-Mobile (B02B49B5-BB20-44E9-A304-32B752E40360): 0
LogDevObjectVersion:   Dev-Networking (A4E4105C-59A1-49B5-A7C5-40C4547EDFEE): 0
LogDevObjectVersion:   Dev-Online (39C831C9-5AE6-47DC-9A44-9C173E1C8E7C): 0
LogDevObjectVersion:   Dev-Physics (78F01B33-EBEA-4F98-B9B4-84EACCB95AA2): 0
LogDevObjectVersion:   Dev-Platform (6631380F-2D4D-43E0-8009-CF276956A95A): 0
LogDevObjectVersion:   Dev-Rendering (12F88B9F-8875-4AFC-A67C-D90C383ABD29): 2
LogDevObjectVersion:   Dev-Sequencer (7B5AE74C-D270-4C10-A958-57980B212A5A): 0
LogDevObjectVersion:   Dev-VR (D7296918-1DD6-4BDD-9DE2-64A83CC13884): 0
LogInit: Compiled (64-bit): Jul  6 2016 09:09:46
LogInit: Compiled with Visual C++: 19.00.23026.00
LogInit: Build Configuration: Development
LogInit: Branch Name: ++UE4+Release-4.12
LogInit: Command line: 
LogInit: Base directory: D:/Epic Games/4.12/Engine/Binaries/Win64/
LogInit: Installed Engine Build: 1
LogInit: Using libcurl 7.41.0
LogInit:  - built for x86_64-pc-win32
LogInit:  - supports SSL with WinSSL
LogInit:  - other features:
LogInit:      CURL_VERSION_SSL
LogInit:      CURL_VERSION_IPV6
LogInit:      CURL_VERSION_ASYNCHDNS
LogInit:      CURL_VERSION_LARGEFILE
LogInit:      CURL_VERSION_IDN
LogInit:  CurlRequestOptions (configurable via config and command line):
LogInit:  - bVerifyPeer = true  - Libcurl will verify peer certificate
LogInit:  - bUseHttpProxy = false  - Libcurl will NOT use HTTP proxy
LogInit:  - bDontReuseConnections = false  - Libcurl will reuse connections
LogInit:  - CertBundlePath = nullptr  - Libcurl will use whatever was configured at build time.
LogInit: Presizing for max 8388607 objects, including 0 objects not considered by GC, pre-allocating 0 bytes for permanent pool.
LogInit: Object subsystem initialized
[2017.03.22-11.44.39:441][  0]LogInit: Selected Device Profile: [Windows]
[2017.03.22-11.44.39:441][  0]LogInit: Applying CVar settings loaded from the selected device profile: [Windows]
[2017.03.22-11.44.39:593][  0]LogInit: Computer: DESKTOP-OSFK7VD
[2017.03.22-11.44.39:593][  0]LogInit: User: Amaury
[2017.03.22-11.44.39:594][  0]LogInit: CPU Page size=65536, Cores=4
[2017.03.22-11.44.39:594][  0]LogInit: High frequency timer resolution =1.948614 MHz
[2017.03.22-11.44.39:597][  0]LogMemory: Memory total: Physical=16.0GB (16GB approx)
[2017.03.22-11.44.39:597][  0]LogMemory: Platform Memory Stats for Windows
[2017.03.22-11.44.39:597][  0]LogMemory: Process Physical Memory: 190.98 MB used, 190.98 MB peak
[2017.03.22-11.44.39:597][  0]LogMemory: Process Virtual Memory: 195.25 MB used, 195.25 MB peak
[2017.03.22-11.44.39:597][  0]LogMemory: Physical Memory: 5020.80 MB used, 16333.09 MB total
[2017.03.22-11.44.39:597][  0]LogMemory: Virtual Memory: 553.96 MB used, 134217728.00 MB total
[2017.03.22-11.44.40:860][  0]LogTextLocalizationManager: No translations for ('fr-FR') exist, falling back to 'en' for localization and internationalization data.
[2017.03.22-11.44.42:279][  0]LogD3D11RHI: D3D11 adapters:
[2017.03.22-11.44.42:358][  0]LogD3D11RHI:    0. 'NVIDIA GeForce GTX 980M      ' (Feature Level 11_0)
[2017.03.22-11.44.42:358][  0]LogD3D11RHI:       4010/0/8166 MB DedicatedVideo/DedicatedSystem/SharedSystem, Outputs:1, VendorId:0x10de
[2017.03.22-11.44.42:365][  0]LogD3D11RHI:    1. 'Microsoft Basic Render Driver' (Feature Level 11_0)
[2017.03.22-11.44.42:365][  0]LogD3D11RHI:       0/0/8166 MB DedicatedVideo/DedicatedSystem/SharedSystem, Outputs:0, VendorId:0x1414
[2017.03.22-11.44.42:365][  0]LogD3D11RHI: Chosen D3D11 Adapter: 0
[2017.03.22-11.44.42:385][  0]LogD3D11RHI: Creating new Direct3DDevice
[2017.03.22-11.44.42:385][  0]LogD3D11RHI:     GPU DeviceId: 0x1617 (for the marketing name, search the web for "GPU Device Id")
[2017.03.22-11.44.42:392][  0]LogWindows: EnumDisplayDevices:
[2017.03.22-11.44.42:393][  0]LogWindows:    0. 'NVIDIA GeForce GTX 980M      ' (P:1 D:1)
[2017.03.22-11.44.42:394][  0]LogWindows:    1. 'NVIDIA GeForce GTX 980M      ' (P:0 D:0)
[2017.03.22-11.44.42:394][  0]LogWindows:    2. 'NVIDIA GeForce GTX 980M      ' (P:0 D:0)
[2017.03.22-11.44.42:395][  0]LogWindows:    3. 'NVIDIA GeForce GTX 980M      ' (P:0 D:0)
[2017.03.22-11.44.42:395][  0]LogWindows: DebugString: FoundDriverCount:4 
[2017.03.22-11.44.42:395][  0]LogD3D11RHI:     Adapter Name: NVIDIA GeForce GTX 980M      
[2017.03.22-11.44.42:395][  0]LogD3D11RHI:   Driver Version: 359.46 (internal:10.18.13.5946, unified:359.46)
[2017.03.22-11.44.42:395][  0]LogD3D11RHI:      Driver Date: 2-15-2016
[2017.03.22-11.44.42:395][  0]LogRHI: Texture pool is 1361 MB (70% of 1945 MB)
[2017.03.22-11.44.42:439][  0]LogD3D11RHI: Async texture creation enabled
[2017.03.22-11.44.42:714][  0]LogD3D11RHI: GPU Timing Frequency: 1000.000000 (Debug: 2 1)
[2017.03.22-11.44.42:788][  0]LogShaderCompilers: Guid format shader working directory is -8 characters bigger than the processId version (C:/Users/Amaury/Tower-Defence/Intermediate/Shaders/WorkingDirectory/860/).
[2017.03.22-11.44.42:789][  0]LogShaderCompilers: Cleaned the shader compiler working directory 'D:/TEMP/UnrealShaderWorkingDir/5630F5564A4170520E4BD5AFC4507E77/'.
[2017.03.22-11.44.42:806][  0]LogShaderCompilers:Display: Using Local Shader Compiler.
[2017.03.22-11.44.47:073][  0]LogTemp:Display: Loaded TP AllDesktopTargetPlatform
[2017.03.22-11.44.47:120][  0]LogTemp:Display: Loaded TP WindowsClientTargetPlatform
[2017.03.22-11.44.47:184][  0]LogTemp:Display: Loaded TP WindowsNoEditorTargetPlatform
[2017.03.22-11.44.47:236][  0]LogTemp:Display: Loaded TP WindowsServerTargetPlatform
[2017.03.22-11.44.47:270][  0]LogTemp:Display: Loaded TP WindowsTargetPlatform
[2017.03.22-11.44.47:300][  0]LogTemp:Display: Loaded TP AndroidTargetPlatform
[2017.03.22-11.44.47:339][  0]LogTemp:Display: Loaded TP Android_ASTCTargetPlatform
[2017.03.22-11.44.47:381][  0]LogTemp:Display: Loaded TP Android_ATCTargetPlatform
[2017.03.22-11.44.47:406][  0]LogTemp:Display: Loaded TP Android_DXTTargetPlatform
[2017.03.22-11.44.47:438][  0]LogTemp:Display: Loaded TP Android_ETC1TargetPlatform
[2017.03.22-11.44.47:462][  0]LogTemp:Display: Loaded TP Android_ETC2TargetPlatform
[2017.03.22-11.44.47:521][  0]LogTemp:Display: Loaded TP Android_MultiTargetPlatform
[2017.03.22-11.44.47:521][  0]LogTemp:Display: Loaded TP Android_PVRTCTargetPlatform
[2017.03.22-11.44.47:541][  0]LogTemp:Display: Loaded TP HTML5TargetPlatform
[2017.03.22-11.44.47:673][  0]LogTemp:Display: Loaded TP IOSTargetPlatform
[2017.03.22-11.44.47:704][  0]LogTemp:Display: Loaded TP TVOSTargetPlatform
[2017.03.22-11.44.47:756][  0]LogTemp:Display: Loaded TP LinuxNoEditorTargetPlatform
[2017.03.22-11.44.47:808][  0]LogTemp:Display: Loaded TP LinuxServerTargetPlatform
[2017.03.22-11.44.47:876][  0]LogTemp:Display: Loaded TP LinuxTargetPlatform
[2017.03.22-11.44.47:876][  0]LogTargetPlatformManager:Display: Building Assets For Windows
[2017.03.22-11.44.48:645][  0]LogDerivedDataCache:Display: Max Cache Size: 512 MB
[2017.03.22-11.44.49:276][  0]LogDerivedDataCache: Loaded boot cache 0.62s 48MB C:/Users/Amaury/AppData/Local/UnrealEngine/4.12/DerivedDataCache/Boot.ddc.
[2017.03.22-11.44.49:277][  0]LogDerivedDataCache:Display: Loaded Boot cache: C:/Users/Amaury/AppData/Local/UnrealEngine/4.12/DerivedDataCache/Boot.ddc
[2017.03.22-11.44.49:278][  0]LogDerivedDataCache: FDerivedDataBackendGraph:  Pak pak cache file C:/Users/Amaury/Tower-Defence/DerivedDataCache/DDC.ddp not found, will not use a pak cache.
[2017.03.22-11.44.49:278][  0]LogDerivedDataCache: Unable to find inner node Pak for hierarchical cache Hierarchy.
[2017.03.22-11.44.49:278][  0]LogDerivedDataCache: FDerivedDataBackendGraph:  CompressedPak pak cache file C:/Users/Amaury/Tower-Defence/DerivedDataCache/Compressed.ddp not found, will not use a pak cache.
[2017.03.22-11.44.49:278][  0]LogDerivedDataCache: Unable to find inner node CompressedPak for hierarchical cache Hierarchy.
[2017.03.22-11.44.49:425][  0]LogDerivedDataCache:Display: Pak cache opened for reading ../../../Engine/DerivedDataCache/Compressed.ddp.
[2017.03.22-11.44.49:442][  0]LogDerivedDataCache: Using Local data cache path C:/Users/Amaury/AppData/Local/UnrealEngine/Common/DerivedDataCache: Writable
[2017.03.22-11.44.52:173][  0]LogInit: Selected Device Profile: [Windows]
[2017.03.22-11.44.52:234][  0]LogContentStreaming: Texture pool size is 0.00 MB
[2017.03.22-11.44.54:786][  0]LogMeshUtilities: No automatic mesh reduction module available
[2017.03.22-11.44.54:786][  0]LogMeshUtilities: No automatic mesh merging module available
[2017.03.22-11.44.54:786][  0]LogMeshUtilities: No distributed automatic mesh merging module available
[2017.03.22-11.44.58:780][  0]LogAssetRegistry: FAssetRegistry took 0.0279 seconds to start up
[2017.03.22-11.44.58:898][  0]LogPackageLocalizationCache: Processed 4 localized package path(s) for 1 prioritized culture(s) in 0.037554 seconds
[2017.03.22-11.44.58:979][  0]LogUObjectArray: 28739 objects as part of root set at end of initial load.
[2017.03.22-11.44.58:979][  0]LogUObjectAllocator: 5855624 out of 0 bytes used by permanent object pool.
[2017.03.22-11.44.58:979][  0]LogUObjectArray: CloseDisregardForGC: 0/0 objects in disregard for GC pool
[2017.03.22-11.44.59:030][  0]LogInit: WinSock: version 1.1 (2.2), MaxSocks=32767, MaxUdp=65467
[2017.03.22-11.45.08:783][  0]LogSlate: SlateFontCache - WITH_FREETYPE: 1, WITH_HARFBUZZ: 1
[2017.03.22-11.45.08:784][  0]LogSlate: SlateFontCache - WITH_FREETYPE: 1, WITH_HARFBUZZ: 1
[2017.03.22-11.45.59:591][  0]LogPackageName:Warning: String asset reference "JW_FlameDungeon.FX.SM_FX_Embers" is in short form, which is unsupported and -- even if valid -- resolving it will be really slow. Please consider resaving package in order to speed-up loading.
[2017.03.22-11.45.59:591][  0]LogPackageName: SearchForPackageOnDisk took   0.675s, but failed to resolve JW_FlameDungeon.
[2017.03.22-11.45.59:591][  0]LogPackageName:Warning: String asset reference "JW_FlameDungeon.FX.SM_FX_Embers" could not be resolved.
[2017.03.22-11.45.59:591][  0]LogPackageName:Warning: String asset reference "JW_FlameDungeon.FX.SM_FogPlane02" is in short form, which is unsupported and -- even if valid -- resolving it will be really slow. Please consider resaving package in order to speed-up loading.
[2017.03.22-11.45.59:591][  0]LogPackageName: SearchForPackageOnDisk took   0.205s, but failed to resolve JW_FlameDungeon.
[2017.03.22-11.45.59:591][  0]LogPackageName:Warning: String asset reference "JW_FlameDungeon.FX.SM_FogPlane02" could not be resolved.
[2017.03.22-11.45.59:591][  0]LogPackageName:Warning: String asset reference "StaticMesh'FX_Meshes_IB.SM_Debris_Box_RadialFull'" is in short form, which is unsupported and -- even if valid -- resolving it will be really slow. Please consider resaving package in order to speed-up loading.
[2017.03.22-11.45.59:591][  0]LogPackageName: SearchForPackageOnDisk took   0.420s, but failed to resolve StaticMesh'FX_Meshes_IB.
[2017.03.22-11.45.59:591][  0]LogPackageName:Warning: String asset reference "StaticMesh'FX_Meshes_IB.SM_Debris_Box_RadialFull'" could not be resolved.
[2017.03.22-11.45.59:591][  0]LogPackageName:Warning: String asset reference "JW_Ice_Mountain.Mesh.SM_SnowBoulder" is in short form, which is unsupported and -- even if valid -- resolving it will be really slow. Please consider resaving package in order to speed-up loading.
[2017.03.22-11.45.59:591][  0]LogPackageName: SearchForPackageOnDisk took   0.275s, but failed to resolve JW_Ice_Mountain.
[2017.03.22-11.45.59:591][  0]LogPackageName:Warning: String asset reference "JW_Ice_Mountain.Mesh.SM_SnowBoulder" could not be resolved.
[2017.03.22-11.45.59:591][  0]LogPackageName:Warning: String asset reference "FX_Meshes.UI.SM_SelectionMesh_01" is in short form, which is unsupported and -- even if valid -- resolving it will be really slow. Please consider resaving package in order to speed-up loading.
[2017.03.22-11.45.59:591][  0]LogPackageName: SearchForPackageOnDisk took   0.434s, but failed to resolve FX_Meshes.
[2017.03.22-11.45.59:591][  0]LogPackageName:Warning: String asset reference "FX_Meshes.UI.SM_SelectionMesh_01" could not be resolved.
[2017.03.22-11.45.59:591][  0]LogPackageName:Warning: String asset reference "FX_Meshes.UI.SM_SelectionMesh_01" is in short form, which is unsupported and -- even if valid -- resolving it will be really slow. Please consider resaving package in order to speed-up loading.
[2017.03.22-11.45.59:591][  0]LogPackageName: SearchForPackageOnDisk took   0.404s, but failed to resolve FX_Meshes.
[2017.03.22-11.45.59:591][  0]LogPackageName:Warning: String asset reference "FX_Meshes.UI.SM_SelectionMesh_01" could not be resolved.
[2017.03.22-11.45.59:591][  0]LogPackageName:Warning: String asset reference "'FX_Ambient.Meshes.SM_Bats'" is in short form, which is unsupported and -- even if valid -- resolving it will be really slow. Please consider resaving package in order to speed-up loading.
[2017.03.22-11.45.59:591][  0]LogPackageName: SearchForPackageOnDisk took   0.584s, but failed to resolve 'FX_Ambient.
[2017.03.22-11.45.59:591][  0]LogPackageName:Warning: String asset reference "'FX_Ambient.Meshes.SM_Bats'" could not be resolved.
[2017.03.22-11.45.59:592][  0]LogPackageName:Warning: String asset reference "CastleEffects.TouchToMoveArrow" is in short form, which is unsupported and -- even if valid -- resolving it will be really slow. Please consider resaving package in order to speed-up loading.
[2017.03.22-11.45.59:592][  0]LogPackageName: SearchForPackageOnDisk took   0.189s, but failed to resolve CastleEffects.
[2017.03.22-11.45.59:592][  0]LogPackageName:Warning: String asset reference "CastleEffects.TouchToMoveArrow" could not be resolved.
[2017.03.22-11.45.59:592][  0]LogPackageName:Warning: String asset reference "StaticMesh'FX_Meshes.Fire.SM_Dungeon_Pipes_Lava01_Cool'" is in short form, which is unsupported and -- even if valid -- resolving it will be really slow. Please consider resaving package in order to speed-up loading.
[2017.03.22-11.45.59:592][  0]LogPackageName: SearchForPackageOnDisk took   0.174s, but failed to resolve StaticMesh'FX_Meshes.
[2017.03.22-11.45.59:592][  0]LogPackageName:Warning: String asset reference "StaticMesh'FX_Meshes.Fire.SM_Dungeon_Pipes_Lava01_Cool'" could not be resolved.
[2017.03.22-11.45.59:592][  0]LogPackageName:Warning: String asset reference "m_FogSheet_02" is in short form, which is unsupported and -- even if valid -- resolving it will be really slow. Please consider resaving package in order to speed-up loading.
[2017.03.22-11.45.59:592][  0]LogPackageName: SearchForPackageOnDisk took   0.202s to resolve m_FogSheet_02.
[2017.03.22-11.45.59:592][  0]LogPackageName:Warning: String asset reference "FX_Test_LAN.Meshes.SM_IceWall01" is in short form, which is unsupported and -- even if valid -- resolving it will be really slow. Please consider resaving package in order to speed-up loading.
[2017.03.22-11.45.59:592][  0]LogPackageName: SearchForPackageOnDisk took   0.179s, but failed to resolve FX_Test_LAN.
[2017.03.22-11.45.59:592][  0]LogPackageName:Warning: String asset reference "FX_Test_LAN.Meshes.SM_IceWall01" could not be resolved.
[2017.03.22-11.45.59:592][  0]LogPackageName:Warning: String asset reference "m_FogSheet_02" is in short form, which is unsupported and -- even if valid -- resolving it will be really slow. Please consider resaving package in order to speed-up loading.
[2017.03.22-11.45.59:592][  0]LogPackageName: SearchForPackageOnDisk took   0.188s to resolve m_FogSheet_02.
[2017.03.22-11.45.59:592][  0]LogPackageName:Warning: String asset reference "m_FogSheet_02" is in short form, which is unsupported and -- even if valid -- resolving it will be really slow. Please consider resaving package in order to speed-up loading.
[2017.03.22-11.45.59:592][  0]LogPackageName: SearchForPackageOnDisk took   0.393s to resolve m_FogSheet_02.
[2017.03.22-11.45.59:592][  0]LogPackageName:Warning: String asset reference "m_FogSheet_02" is in short form, which is unsupported and -- even if valid -- resolving it will be really slow. Please consider resaving package in order to speed-up loading.
[2017.03.22-11.45.59:592][  0]LogPackageName: SearchForPackageOnDisk took   0.518s to resolve m_FogSheet_02.
[2017.03.22-11.46.01:251][  0]LogUdpMessaging: Initializing bridge on interface 0.0.0.0:0 to multicast group 230.0.0.1:6666.
[2017.03.22-11.46.02:621][  0]LogPackageName:Warning: String asset reference "JW_Ice_Mountain.Mesh.SM_SnowBoulder" is in short form, which is unsupported and -- even if valid -- resolving it will be really slow. Please consider resaving package in order to speed-up loading.
[2017.03.22-11.46.03:591][  0]LogPackageName: SearchForPackageOnDisk took   0.509s, but failed to resolve JW_Ice_Mountain.
[2017.03.22-11.46.03:591][  0]LogPackageName:Warning: String asset reference "JW_Ice_Mountain.Mesh.SM_SnowBoulder" could not be resolved.
[2017.03.22-11.46.03:591][  0]LogPackageName:Warning: String asset reference "S_Survival_CA_Chicken_02.SM.S_Survival_CA_Chicken_02" is in short form, which is unsupported and -- even if valid -- resolving it will be really slow. Please consider resaving package in order to speed-up loading.
[2017.03.22-11.46.03:591][  0]LogPackageName: SearchForPackageOnDisk took   0.357s to resolve S_Survival_CA_Chicken_02.
[2017.03.22-11.46.03:591][  0]LogPackageName:Warning: String asset reference "JW_Ice_Mountain.Mesh.SM_SnowBoulder" is in short form, which is unsupported and -- even if valid -- resolving it will be really slow. Please consider resaving package in order to speed-up loading.
[2017.03.22-11.46.03:591][  0]SourceControl: Info Source control is disabled
[2017.03.22-11.46.03:716][  0]SourceControl: Info Source control is disabled
[2017.03.22-11.46.03:870][  0]LogPackageName: SearchForPackageOnDisk took   0.556s, but failed to resolve JW_Ice_Mountain.
[2017.03.22-11.46.03:870][  0]LogPackageName:Warning: String asset reference "JW_Ice_Mountain.Mesh.SM_SnowBoulder" could not be resolved.
[2017.03.22-11.46.03:870][  0]LogPackageName:Warning: String asset reference "Env_ALL_Artifacts.Mesh.Env_ALL_Terminus001" is in short form, which is unsupported and -- even if valid -- resolving it will be really slow. Please consider resaving package in order to speed-up loading.
[2017.03.22-11.46.03:870][  0]SourceControl: Info Source control is disabled
[2017.03.22-11.46.04:099][  0]LogPackageName: SearchForPackageOnDisk took   0.168s, but failed to resolve Env_ALL_Artifacts.
[2017.03.22-11.46.04:100][  0]LogPackageName:Warning: String asset reference "Env_ALL_Artifacts.Mesh.Env_ALL_Terminus001" could not be resolved.
[2017.03.22-11.46.04:100][  0]SourceControl: Info Source control is disabled
[2017.03.22-11.46.12:892][  0]LogEngine: Initializing Engine...
[2017.03.22-11.46.13:187][  0]LogHMD: SteamVR failed to initialize.  Err: 110
[2017.03.22-11.46.13:204][  0]LogHMD: SteamVR failed to initialize.  Err: 110
[2017.03.22-11.46.14:736][  0]LogAIModule: Creating AISystem for world NewWorld
[2017.03.22-11.46.15:047][  0]LogInit: XAudio2 using 'Haut-parleurs (Realtek High Definition Audio)' : 2 channels at 48 kHz using 32 bits per sample (channel mask 0x3)
[2017.03.22-11.46.15:097][  0]LogInit: FAudioDevice initialized.
[2017.03.22-11.46.15:122][  0]LogDerivedDataCache: Saved boot cache 0.03s 48MB C:/Users/Amaury/AppData/Local/UnrealEngine/4.12/DerivedDataCache/Boot.ddc.
[2017.03.22-11.46.15:127][  0]LogInit: Texture streaming: Enabled
[2017.03.22-11.46.15:798][  0]LogInit: Transaction tracking system initialized
[2017.03.22-11.46.16:708][  0]BlueprintLog: New page: Editor Load
[2017.03.22-11.46.21:077][  0]LocalizationService: Info Localization service is disabled
[2017.03.22-11.46.24:447][  0]LogConsoleResponse:Display: 
[2017.03.22-11.46.26:096][  0]LogCook:Display: Max memory allowance for cook 8192mb
[2017.03.22-11.46.26:096][  0]LogCook:Display: Mobile HDR setting 1
[2017.03.22-11.46.27:116][  0]LogFileCache: Scanning file cache for directory 'C:/Users/Amaury/Tower-Defence/Content/' took 0.13s
[2017.03.22-11.46.28:811][  0]SourceControl: Info Source control is disabled
[2017.03.22-11.46.29:033][  0]Cmd: MAP LOAD FILE="C:/Users/Amaury/Tower-Defence/Content/RTS_TowerDefense/Maps/RTS_TestMap.umap" TEMPLATE=0 SHOWPROGRESS=1 FEATURELEVEL=3
[2017.03.22-13.28.18:639][  0]LogWindowsTextInputMethodSystem:Display: IME system now deactivated.
[2017.03.22-13.28.37:166][  0]LogWindowsTextInputMethodSystem:Display: IME system now deactivated.
[2017.03.22-13.28.37:239][  0]LightingResults: New page: Lighting Build
[2017.03.22-13.28.37:351][  0]MapCheck: New page: Map Check
[2017.03.22-13.28.37:351][  0]LightingResults: New page: Lighting Build
[2017.03.22-13.28.37:624][  0]LogAIModule: Creating AISystem for world NewWorld
[2017.03.22-13.28.37:746][  0]LoadErrors: New page: New Map
[2017.03.22-13.28.38:485][  0]LogWindowsTextInputMethodSystem:Display: IME system now deactivated.
[2017.03.22-13.28.39:515][  0]LogCollectionManager: Loaded 0 collections in 0.002161 seconds
[2017.03.22-13.28.39:699][  0]LogFileCache: Scanning file cache for directory 'C:/Users/Amaury/Tower-Defence/Saved/Collections/' took 0.01s
[2017.03.22-13.28.39:699][  0]LogFileCache: Scanning file cache for directory 'C:/Users/Amaury/Tower-Defence/Content/Developers/Amaury/Collections/' took 0.01s
[2017.03.22-13.28.39:699][  0]LogFileCache: Scanning file cache for directory 'C:/Users/Amaury/Tower-Defence/Content/Collections/' took 0.01s
[2017.03.22-13.28.39:699][  0]LogCollectionManager: Rebuilt the GUID cache for 0 collections in 0.000004 seconds
[2017.03.22-13.28.39:714][  0]LogContentBrowser: Native class hierarchy populated in 0.0128 seconds. Added 2067 classes and 378 folders.
[2017.03.22-13.28.39:783][  0]LogStats: UGameplayTagsManager::ConstructGameplayTagTree: Construct from data asset -  0.000 s
[2017.03.22-13.28.39:783][  0]LogStats: UGameplayTagsManager::ConstructGameplayTagTree: GameplayTagTreeChangedEvent.Broadcast -  0.000 s
[2017.03.22-13.28.39:784][  0]LogContentBrowser: Native class hierarchy updated for 'GameplayTags' in 0.0007 seconds. Added 12 classes and 0 folders.
[2017.03.22-13.28.39:833][  0]LogContentBrowser: Native class hierarchy updated for 'WidgetCarousel' in 0.0007 seconds. Added 0 classes and 0 folders.
[2017.03.22-13.28.41:437][  0]LogContentBrowser: Native class hierarchy updated for 'AddContentDialog' in 0.0005 seconds. Added 0 classes and 0 folders.
[2017.03.22-13.28.41:501][  0]LogContentBrowser: Native class hierarchy updated for 'SceneOutliner' in 0.0005 seconds. Added 1 classes and 2 folders.
[2017.03.22-13.28.41:925][  0]LogCrashTracker: Crashtracker disabled due to settings.
[2017.03.22-13.28.42:029][  0]LogUObjectGlobals:Warning: Failed to find object 'Class None.'
[2017.03.22-13.28.42:164][  0]LogContentBrowser: Native class hierarchy updated for 'HierarchicalLODOutliner' in 0.0005 seconds. Added 1 classes and 2 folders.
[2017.03.22-13.28.42:164][  0]LogLoad: Full Startup: 6251.86 seconds (BP compile: 0.48 seconds)
[2017.03.22-13.28.42:164][  0]LogExternalProfiler: Found external profiler: VSPerf
[2017.03.22-13.28.42:164][  0]LogExternalProfiler: Using external profiler: VSPerf
[2017.03.22-13.28.42:196][  0]LogOcInput: OculusInput pre-init called
[2017.03.22-13.28.42:368][  0]LogContentStreaming: Texture pool size now 1000 MB
[2017.03.22-13.28.43:079][  0]LogRenderer: Reallocating scene render targets to support 1208x576 (Frame:2).
[2017.03.22-13.28.43:993][  5]LogAssetRegistry: Asset discovery search completed in 6225.2741 seconds
[2017.03.22-13.28.43:993][  5]LogCollectionManager: Rebuilt the object cache for 0 collections in 0.000001 seconds (found 0 objects)
[2017.03.22-13.28.44:002][  5]LogCollectionManager: Fixed up redirectors for 0 collections in 0.006470 seconds (updated 0 objects)
[2017.03.22-13.28.46:931][168]LogWindowsTextInputMethodSystem:Display: IME system now deactivated.
[2017.03.22-13.28.47:212][169]Cmd: QUIT_EDITOR
[2017.03.22-13.28.47:431][169]LogExit: Preparing to exit.
[2017.03.22-13.28.47:965][169]LogActorComponent: UnregisterComponent: (None.None) Not registered. Aborting.
[2017.03.22-13.28.47:965][169]LogActorComponent: UnregisterComponent: (None.None) Not registered. Aborting.
[2017.03.22-13.28.47:965][169]LogActorComponent: UnregisterComponent: (None.None) Not registered. Aborting.
[2017.03.22-13.28.48:036][169]LogExit: Editor shut down
[2017.03.22-13.28.48:037][169]LogExit: Transaction tracking system shut down
[2017.03.22-13.28.48:642][169]LogObj: Freed 0b from 0 cluster array pools.
[2017.03.22-13.28.48:642][169]LogExit: Object subsystem successfully closed.
[2017.03.22-13.28.48:711][169]LogD3D11RHI: Shutdown
[2017.03.22-13.28.48:711][169]LogD3D11RHI: CleanupD3DDevice
[2017.03.22-13.28.48:795][169]LogD3D11RHI: ~FD3D11DynamicRHI
[2017.03.22-13.28.49:039][169]LogModuleManager: Shutting down and abandoning module HierarchicalLODOutliner (215)
[2017.03.22-13.28.49:042][169]LogModuleManager: Shutting down and abandoning module CrashTracker (214)
[2017.03.22-13.28.49:042][169]LogModuleManager: Shutting down and abandoning module SceneOutliner (213)
[2017.03.22-13.28.49:042][169]LogModuleManager: Shutting down and abandoning module WidgetCarousel (212)
[2017.03.22-13.28.49:042][169]LogModuleManager: Shutting down and abandoning module AddContentDialog (211)
[2017.03.22-13.28.49:063][169]LogModuleManager: Shutting down and abandoning module GameplayTags (210)
[2017.03.22-13.28.49:063][169]LogModuleManager: Shutting down and abandoning module EditorWidgets (209)
[2017.03.22-13.28.49:063][169]LogModuleManager: Shutting down and abandoning module CollectionManager (208)
[2017.03.22-13.28.49:064][169]LogModuleManager: Shutting down and abandoning module StatsViewer (207)
[2017.03.22-13.28.49:082][169]LogModuleManager: Shutting down and abandoning module FoliageEdit (206)
[2017.03.22-13.28.49:082][169]LogModuleManager: Shutting down and abandoning module LandscapeEditor (205)
[2017.03.22-13.28.49:102][169]LogModuleManager: Shutting down and abandoning module SceneDepthPickerMode (204)
[2017.03.22-13.28.49:102][169]LogModuleManager: Shutting down and abandoning module ActorPickerMode (203)
[2017.03.22-13.28.49:102][169]LogModuleManager: Shutting down and abandoning module GeometryMode (202)
[2017.03.22-13.28.49:102][169]LogModuleManager: Shutting down and abandoning module TextureAlignMode (201)
[2017.03.22-13.28.49:102][169]LogModuleManager: Shutting down and abandoning module BspMode (200)
[2017.03.22-13.28.49:102][169]LogModuleManager: Shutting down and abandoning module HardwareSurvey (199)
[2017.03.22-13.28.49:102][169]LogModuleManager: Shutting down and abandoning module SequenceRecorderSections (198)
[2017.03.22-13.28.49:102][169]LogModuleManager: Shutting down and abandoning module SequenceRecorder (197)
[2017.03.22-13.28.49:102][169]LogModuleManager: Shutting down and abandoning module AutomationWorker (196)
[2017.03.22-13.28.49:102][169]LogModuleManager: Shutting down and abandoning module MatineeToLevelSequence (195)
[2017.03.22-13.28.49:102][169]LogModuleManager: Shutting down and abandoning module PlacementMode (194)
[2017.03.22-13.28.49:117][169]LogModuleManager: Shutting down and abandoning module LevelSequenceEditor (193)
[2017.03.22-13.28.49:117][169]LogModuleManager: Shutting down and abandoning module CharacterAI (192)
[2017.03.22-13.28.49:117][169]LogModuleManager: Shutting down and abandoning module SmartSnapping (191)
[2017.03.22-13.28.49:117][169]LogModuleManager: Shutting down and abandoning module SessionServices (190)
[2017.03.22-13.28.49:117][169]LogModuleManager: Shutting down and abandoning module ViewportSnapping (189)
[2017.03.22-13.28.49:117][169]LogModuleManager: Shutting down and abandoning module LogVisualizer (188)
[2017.03.22-13.28.49:135][169]LogModuleManager: Shutting down and abandoning module GameProjectGeneration (187)
[2017.03.22-13.28.49:144][169]LogModuleManager: Shutting down and abandoning module IntroTutorials (186)
[2017.03.22-13.28.49:144][169]LogModuleManager: Shutting down and abandoning module EditorLiveStreaming (185)
[2017.03.22-13.28.49:144][169]LogModuleManager: Shutting down and abandoning module IOSPlatformEditor (184)
[2017.03.22-13.28.49:144][169]LogModuleManager: Shutting down and abandoning module HTML5PlatformEditor (183)
[2017.03.22-13.28.49:144][169]LogModuleManager: Shutting down and abandoning module AndroidDeviceDetection (182)
[2017.03.22-13.28.50:087][169]LogModuleManager: Shutting down and abandoning module AndroidPlatformEditor (181)
[2017.03.22-13.28.50:087][169]LogModuleManager: Shutting down and abandoning module IOSRuntimeSettings (180)
[2017.03.22-13.28.50:087][169]LogModuleManager: Shutting down and abandoning module AndroidRuntimeSettings (179)
[2017.03.22-13.28.50:087][169]LogModuleManager: Shutting down and abandoning module MergeActors (178)
[2017.03.22-13.28.50:127][169]LogModuleManager: Shutting down and abandoning module SizeMap (177)
[2017.03.22-13.28.50:127][169]LogModuleManager: Shutting down and abandoning module TreeMap (176)
[2017.03.22-13.28.50:127][169]LogModuleManager: Shutting down and abandoning module ReferenceViewer (175)
[2017.03.22-13.28.50:127][169]LogModuleManager: Shutting down and abandoning module LocalizationService (174)
[2017.03.22-13.28.50:127][169]LogModuleManager: Shutting down and abandoning module LocalizationDashboard (173)
[2017.03.22-13.28.50:132][169]LogModuleManager: Shutting down and abandoning module HardwareTargeting (172)
[2017.03.22-13.28.50:132][169]LogModuleManager: Shutting down and abandoning module DeviceProfileEditor (171)
[2017.03.22-13.28.50:135][169]LogModuleManager: Shutting down and abandoning module UndoHistory (170)
[2017.03.22-13.28.50:136][169]LogModuleManager: Shutting down and abandoning module UserFeedback (169)
[2017.03.22-13.28.50:136][169]LogModuleManager: Shutting down and abandoning module XmlParser (168)
[2017.03.22-13.28.50:136][169]LogModuleManager: Shutting down and abandoning module Blutility (167)
[2017.03.22-13.28.50:136][169]LogModuleManager: Shutting down and abandoning module ProjectTargetPlatformEditor (166)
[2017.03.22-13.28.50:136][169]LogModuleManager: Shutting down and abandoning module ProjectSettingsViewer (165)
[2017.03.22-13.28.50:136][169]LogModuleManager: Shutting down and abandoning module InputBindingEditor (164)
[2017.03.22-13.28.50:150][169]LogModuleManager: Shutting down and abandoning module EditorSettingsViewer (163)
[2017.03.22-13.28.50:150][169]LogModuleManager: Shutting down and abandoning module SettingsEditor (162)
[2017.03.22-13.28.50:164][169]LogModuleManager: Shutting down and abandoning module ProjectLauncher (161)
[2017.03.22-13.28.50:174][169]LogModuleManager: Shutting down and abandoning module SessionFrontend (160)
[2017.03.22-13.28.50:186][169]LogModuleManager: Shutting down and abandoning module ProfilerClient (159)
[2017.03.22-13.28.50:195][169]LogModuleManager: Shutting down and abandoning module TargetDeviceServices (158)
[2017.03.22-13.28.50:195][169]LogModuleManager: Shutting down and abandoning module DeviceManager (157)
[2017.03.22-13.28.50:263][169]LogModuleManager: Shutting down and abandoning module AutomationController (156)
[2017.03.22-13.28.50:281][169]LogModuleManager: Shutting down and abandoning module AutomationWindow (155)
[2017.03.22-13.28.50:308][169]LogModuleManager: Shutting down and abandoning module Layers (154)
[2017.03.22-13.28.50:318][169]LogModuleManager: Shutting down and abandoning module ComponentVisualizers (153)
[2017.03.22-13.28.50:318][169]LogModuleManager: Shutting down and abandoning module DetailCustomizations (152)
[2017.03.22-13.28.50:322][169]LogModuleManager: Shutting down and abandoning module PackagesDialog (151)
[2017.03.22-13.28.50:329][169]LogModuleManager: Shutting down and abandoning module Persona (150)
[2017.03.22-13.28.50:346][169]LogModuleManager: Shutting down and abandoning module Kismet (149)
[2017.03.22-13.28.50:346][169]LogModuleManager: Shutting down and abandoning module GraphEditor (148)
[2017.03.22-13.28.50:385][169]LogModuleManager: Shutting down and abandoning module ClassViewer (147)
[2017.03.22-13.28.50:404][169]LogModuleManager: Shutting down and abandoning module Toolbox (146)
[2017.03.22-13.28.50:404][169]LogModuleManager: Shutting down and abandoning module ModuleUI (145)
[2017.03.22-13.28.50:429][169]LogModuleManager: Shutting down and abandoning module MovieSceneTools (144)
[2017.03.22-13.28.50:443][169]LogModuleManager: Shutting down and abandoning module OutputLog (143)
[2017.03.22-13.28.50:443][169]LogModuleManager: Shutting down and abandoning module GammaUI (142)
[2017.03.22-13.28.50:453][169]LogModuleManager: Shutting down and abandoning module Documentation (141)
[2017.03.22-13.28.50:453][169]LogModuleManager: Shutting down and abandoning module StreamingPauseRendering (140)
[2017.03.22-13.28.50:453][169]LogModuleManager: Shutting down and abandoning module AnalyticsET (139)
[2017.03.22-13.28.50:453][169]LogModuleManager: Shutting down and abandoning module Analytics (138)
[2017.03.22-13.28.50:454][169]LogModuleManager: Shutting down and abandoning module PortalServices (137)
[2017.03.22-13.28.50:454][169]LogModuleManager: Shutting down and abandoning module PortalRpc (136)
[2017.03.22-13.28.50:454][169]LogModuleManager: Shutting down and abandoning module MessagingRpc (135)
[2017.03.22-13.28.50:454][169]LogModuleManager: Shutting down and abandoning module GameplayDebugger (134)
[2017.03.22-13.28.50:454][169]LogModuleManager: Shutting down and abandoning module AITestSuite (133)
[2017.03.22-13.28.50:454][169]LogModuleManager: Shutting down and abandoning module AIModule (132)
[2017.03.22-13.28.50:461][169]LogModuleManager: Shutting down and abandoning module ProfilerService (131)
[2017.03.22-13.28.50:524][169]LogModuleManager: Shutting down and abandoning module TaskGraph (130)
[2017.03.22-13.28.50:535][169]LogModuleManager: Shutting down and abandoning module SlateRemote (129)
[2017.03.22-13.28.50:535][169]LogModuleManager: Shutting down and abandoning module SteamVRController (128)
[2017.03.22-13.28.50:535][169]LogModuleManager: Shutting down and abandoning module SteamVR (127)
[2017.03.22-13.28.50:535][169]LogModuleManager: Shutting down and abandoning module ProceduralMeshComponent (126)
[2017.03.22-13.28.50:535][169]LogModuleManager: Shutting down and abandoning module OculusLibrary (125)
[2017.03.22-13.28.50:535][169]LogModuleManager: Shutting down and abandoning module OculusInput (124)
[2017.03.22-13.28.50:535][169]LogModuleManager: Shutting down and abandoning module CustomMeshComponent (123)
[2017.03.22-13.28.50:535][169]LogModuleManager: Shutting down and abandoning module CableComponent (122)
[2017.03.22-13.28.50:535][169]LogModuleManager: Shutting down and abandoning module ArchVisCharacter (121)
[2017.03.22-13.28.50:535][169]LogModuleManager: Shutting down and abandoning module MediaPlayerEditor (120)
[2017.03.22-13.28.50:549][169]LogModuleManager: Shutting down and abandoning module LowEntryExtendedStandardLibraryEditor (119)
[2017.03.22-13.28.50:549][169]LogModuleManager: Shutting down and abandoning module HTML5Networking (118)
[2017.03.22-13.28.50:549][169]LogModuleManager: Shutting down and abandoning module SuperSearch (117)
[2017.03.22-13.28.50:549][169]LogModuleManager: Shutting down and abandoning module SuperSearchEditor (116)
[2017.03.22-13.28.50:549][169]LogModuleManager: Shutting down and abandoning module SpeedTreeImporter (115)
[2017.03.22-13.28.50:549][169]LogModuleManager: Shutting down and abandoning module PluginBrowser (114)
[2017.03.22-13.28.50:549][169]LogModuleManager: Shutting down and abandoning module EpicSurvey (113)
[2017.03.22-13.28.50:549][169]LogModuleManager: Shutting down and abandoning module DesktopPlatform (112)
[2017.03.22-13.28.50:558][169]LogModuleManager: Shutting down and abandoning module VisualStudioSourceCodeAccess (111)
[2017.03.22-13.28.50:558][169]LogModuleManager: Shutting down and abandoning module UObjectPlugin (110)
[2017.03.22-13.28.50:558][169]LogModuleManager: Shutting down and abandoning module SubversionSourceControl (109)
[2017.03.22-13.28.50:558][169]LogModuleManager: Shutting down and abandoning module PerforceSourceControl (108)
[2017.03.22-13.28.50:558][169]LogModuleManager: Shutting down and abandoning module SourceControl (107)
[2017.03.22-13.28.50:565][169]LogModuleManager: Shutting down and abandoning module GitSourceControl (106)
[2017.03.22-13.28.50:565][169]LogModuleManager: Shutting down and abandoning module LightPropagationVolumeEditor (105)
[2017.03.22-13.28.50:565][169]LogModuleManager: Shutting down and abandoning module PaperTiledImporter (104)
[2017.03.22-13.28.50:565][169]LogModuleManager: Shutting down and abandoning module PaperSpriteSheetImporter (103)
[2017.03.22-13.28.50:565][169]LogModuleManager: Shutting down and abandoning module MeshPaint (102)
[2017.03.22-13.28.50:566][169]LogModuleManager: Shutting down and abandoning module PixelInspectorModule (101)
[2017.03.22-13.28.50:566][169]LogModuleManager: Shutting down and abandoning module HotReload (100)
[2017.03.22-13.28.50:566][169]LogModuleManager: Shutting down and abandoning module MainFrame (99)
[2017.03.22-13.28.50:566][169]LogModuleManager: Shutting down and abandoning module LevelEditor (98)
[2017.03.22-13.28.50:567][169]LogModuleManager: Shutting down and abandoning module ContentBrowser (97)
[2017.03.22-13.28.50:568][169]LogModuleManager: Shutting down and abandoning module Paper2DEditor (96)
[2017.03.22-13.28.50:579][169]LogModuleManager: Shutting down and abandoning module UdpMessaging (95)
[2017.03.22-13.28.50:679][169]LogModuleManager: Shutting down and abandoning module LowEntryExtendedStandardLibrary (94)
[2017.03.22-13.28.50:679][169]LogModuleManager: Shutting down and abandoning module LightPropagationVolumeRuntime (93)
[2017.03.22-13.28.50:679][169]LogModuleManager: Shutting down and abandoning module Paper2D (92)
[2017.03.22-13.28.50:679][169]LogModuleManager: Shutting down and abandoning module WindowsMoviePlayer (91)
[2017.03.22-13.28.50:679][169]LogModuleManager: Shutting down and abandoning module Media (90)
[2017.03.22-13.28.50:679][169]LogModuleManager: Shutting down and abandoning module WmfMedia (89)
[2017.03.22-13.28.50:679][169]LogModuleManager: Shutting down and abandoning module MediaAssets (88)
[2017.03.22-13.28.50:679][169]LogModuleManager: Shutting down and abandoning module GameLiveStreaming (87)
[2017.03.22-13.28.50:679][169]LogModuleManager: Shutting down and abandoning module GameplayTagsEditor (86)
[2017.03.22-13.28.50:679][169]LogModuleManager: Shutting down and abandoning module OnlineBlueprintSupport (85)
[2017.03.22-13.28.50:679][169]LogModuleManager: Shutting down and abandoning module VREditor (84)
[2017.03.22-13.28.50:695][169]LogModuleManager: Shutting down and abandoning module GameplayTasksEditor (83)
[2017.03.22-13.28.50:695][169]LogModuleManager: Shutting down and abandoning module PropertyEditor (82)
[2017.03.22-13.28.50:703][169]LogModuleManager: Shutting down and abandoning module BehaviorTreeEditor (81)
[2017.03.22-13.28.50:715][169]LogModuleManager: Shutting down and abandoning module FunctionalTesting (80)
[2017.03.22-13.28.50:732][169]LogModuleManager: Shutting down and abandoning module CollisionAnalyzer (79)
[2017.03.22-13.28.50:746][169]LogModuleManager: Shutting down and abandoning module Sequencer (78)
[2017.03.22-13.28.50:763][169]LogModuleManager: Shutting down and abandoning module WorkspaceMenuStructure (77)
[2017.03.22-13.28.50:763][169]LogModuleManager: Shutting down and abandoning module MessageLog (76)
[2017.03.22-13.28.50:769][169]LogModuleManager: Shutting down and abandoning module AssetTools (75)
[2017.03.22-13.28.50:783][169]LogModuleManager: Shutting down and abandoning module UMGEditor (74)
[2017.03.22-13.28.50:801][169]LogModuleManager: Shutting down and abandoning module UMG (73)
[2017.03.22-13.28.50:812][169]LogModuleManager: Shutting down and abandoning module SlateReflector (72)
[2017.03.22-13.28.50:820][169]LogModuleManager: Shutting down and abandoning module Slate (71)
[2017.03.22-13.28.50:820][169]LogModuleManager: Shutting down and abandoning module EditorStyle (70)
[2017.03.22-13.28.50:823][169]LogModuleManager: Shutting down and abandoning module SourceCodeAccess (69)
[2017.03.22-13.28.50:823][169]LogModuleManager: Shutting down and abandoning module HeadMountedDisplay (68)
[2017.03.22-13.28.50:823][169]LogModuleManager: Shutting down and abandoning module XAudio2 (67)
[2017.03.22-13.28.50:823][169]LogModuleManager: Shutting down and abandoning module Networking (65)
[2017.03.22-13.28.50:823][169]LogModuleManager: Shutting down and abandoning module Core (64)
[2017.03.22-13.28.50:823][169]LogModuleManager: Shutting down and abandoning module DirectoryWatcher (63)
[2017.03.22-13.28.50:824][169]LogModuleManager: Shutting down and abandoning module AssetRegistry (62)
[2017.03.22-13.28.51:122][169]LogModuleManager: Shutting down and abandoning module KismetCompiler (61)
[2017.03.22-13.28.51:122][169]LogModuleManager: Shutting down and abandoning module PhysXFormats (60)
[2017.03.22-13.28.51:122][169]LogModuleManager: Shutting down and abandoning module MeshUtilities (59)
[2017.03.22-13.28.51:132][169]LogModuleManager: Shutting down and abandoning module DerivedDataCache (58)
[2017.03.22-13.28.51:156][169]LogDerivedDataCache: Shutdown
[2017.03.22-13.28.51:156][169]LogModuleManager: Shutting down and abandoning module VulkanShaderFormat (57)
[2017.03.22-13.28.51:156][169]LogModuleManager: Shutting down and abandoning module ShaderFormatOpenGL (56)
[2017.03.22-13.28.51:160][169]LogModuleManager: Shutting down and abandoning module ShaderFormatD3D (55)
[2017.03.22-13.28.51:160][169]LogModuleManager: Shutting down and abandoning module MetalShaderFormat (54)
[2017.03.22-13.28.51:170][169]LogModuleManager: Shutting down and abandoning module TextureFormatUncompressed (53)
[2017.03.22-13.28.51:170][169]LogModuleManager: Shutting down and abandoning module TextureFormatPVR (52)
[2017.03.22-13.28.51:170][169]LogModuleManager: Shutting down and abandoning module TextureFormatIntelISPCTexComp (51)
[2017.03.22-13.28.51:170][169]LogModuleManager: Shutting down and abandoning module TextureFormatDXT (50)
[2017.03.22-13.28.51:170][169]LogModuleManager: Shutting down and abandoning module ImageWrapper (49)
[2017.03.22-13.28.51:170][169]LogModuleManager: Shutting down and abandoning module TextureFormatASTC (48)
[2017.03.22-13.28.51:170][169]LogModuleManager: Shutting down and abandoning module TextureFormatAndroid (47)
[2017.03.22-13.28.51:170][169]LogModuleManager: Shutting down and abandoning module AudioFormatOpus (46)
[2017.03.22-13.28.51:170][169]LogModuleManager: Shutting down and abandoning module AudioFormatOgg (45)
[2017.03.22-13.28.51:170][169]LogModuleManager: Shutting down and abandoning module AudioFormatADPCM (44)
[2017.03.22-13.28.51:170][169]LogModuleManager: Shutting down and abandoning module LinuxTargetPlatform (43)
[2017.03.22-13.28.51:170][169]LogModuleManager: Shutting down and abandoning module LinuxServerTargetPlatform (42)
[2017.03.22-13.28.51:170][169]LogModuleManager: Shutting down and abandoning module LinuxNoEditorTargetPlatform (41)
[2017.03.22-13.28.51:170][169]LogModuleManager: Shutting down and abandoning module TVOSTargetPlatform (40)
[2017.03.22-13.28.51:170][169]LogModuleManager: Shutting down and abandoning module Messaging (39)
[2017.03.22-13.28.51:170][169]LogModuleManager: Shutting down and abandoning module IOSTargetPlatform (38)
[2017.03.22-13.28.51:170][169]LogModuleManager: Shutting down and abandoning module HTML5TargetPlatform (37)
[2017.03.22-13.28.51:170][169]LogModuleManager: Shutting down and abandoning module Android_PVRTCTargetPlatform (36)
[2017.03.22-13.28.51:170][169]LogModuleManager: Shutting down and abandoning module Android_MultiTargetPlatform (35)
[2017.03.22-13.28.51:170][169]LogModuleManager: Shutting down and abandoning module Android_ETC2TargetPlatform (34)
[2017.03.22-13.28.51:170][169]LogModuleManager: Shutting down and abandoning module Android_ETC1TargetPlatform (33)
[2017.03.22-13.28.51:170][169]LogModuleManager: Shutting down and abandoning module Android_DXTTargetPlatform (32)
[2017.03.22-13.28.51:170][169]LogModuleManager: Shutting down and abandoning module Android_ATCTargetPlatform (31)
[2017.03.22-13.28.51:170][169]LogModuleManager: Shutting down and abandoning module Android_ASTCTargetPlatform (30)
[2017.03.22-13.28.51:170][169]LogModuleManager: Shutting down and abandoning module AndroidTargetPlatform (29)
[2017.03.22-13.28.51:170][169]LogModuleManager: Shutting down and abandoning module WindowsTargetPlatform (28)
[2017.03.22-13.28.51:170][169]LogModuleManager: Shutting down and abandoning module WindowsServerTargetPlatform (27)
[2017.03.22-13.28.51:170][169]LogModuleManager: Shutting down and abandoning module WindowsNoEditorTargetPlatform (26)
[2017.03.22-13.28.51:170][169]LogModuleManager: Shutting down and abandoning module WindowsClientTargetPlatform (25)
[2017.03.22-13.28.51:170][169]LogModuleManager: Shutting down and abandoning module AllDesktopTargetPlatform (24)
[2017.03.22-13.28.51:170][169]LogModuleManager: Shutting down and abandoning module TargetPlatform (23)
[2017.03.22-13.28.51:190][169]LogModuleManager: Shutting down and abandoning module InputCore (22)
[2017.03.22-13.28.51:190][169]LogModuleManager: Shutting down and abandoning module Settings (21)
[2017.03.22-13.28.51:190][169]LogModuleManager: Shutting down and abandoning module OnlineSubsystem (19)
[2017.03.22-13.28.51:190][169]LogModuleManager: Shutting down and abandoning module HTTP (18)
[2017.03.22-13.28.55:616][169]LogModuleManager: Shutting down and abandoning module XMPP (17)
[2017.03.22-13.28.55:656][169]LogModuleManager: Shutting down and abandoning module OculusRift (16)
[2017.03.22-13.28.55:676][169]LogModuleManager: Shutting down and abandoning module ExampleDeviceProfileSelector (15)
[2017.03.22-13.28.55:676][169]LogModuleManager: Shutting down and abandoning module TextureCompressor (14)
[2017.03.22-13.28.55:676][169]LogModuleManager: Shutting down and abandoning module ShaderCore (13)
[2017.03.22-13.28.55:676][169]LogModuleManager: Shutting down and abandoning module Landscape (12)
[2017.03.22-13.28.55:676][169]LogModuleManager: Shutting down and abandoning module SlateRHIRenderer (11)
[2017.03.22-13.28.55:687][169]LogModuleManager: Shutting down and abandoning module OpenGLDrv (10)
[2017.03.22-13.28.55:705][169]LogModuleManager: Shutting down and abandoning module D3D11RHI (9)
[2017.03.22-13.28.55:705][169]LogModuleManager: Shutting down and abandoning module AnimGraphRuntime (8)
[2017.03.22-13.28.55:710][169]LogModuleManager: Shutting down and abandoning module Renderer (7)
[2017.03.22-13.28.55:710][169]LogModuleManager: Shutting down and abandoning module Engine (6)
[2017.03.22-13.28.55:710][169]LogModuleManager: Shutting down and abandoning module CoreUObject (5)
[2017.03.22-13.28.55:710][169]LogModuleManager: Shutting down and abandoning module NetworkFile (4)
[2017.03.22-13.28.55:722][169]LogModuleManager: Shutting down and abandoning module StreamingFile (3)
[2017.03.22-13.28.55:722][169]LogModuleManager: Shutting down and abandoning module SandboxFile (2)
[2017.03.22-13.28.55:736][169]LogModuleManager: Shutting down and abandoning module PakFile (1)
[2017.03.22-13.28.55:756][169]LogExit: Exiting.
[2017.03.22-13.28.55:768][169]Log file closed, 03/22/17 14:28:55
