Log file open, 04/01/17 21:30:58
LogInit:Display: Running engine for game: RTS_TowerDefense
LogPlatformFile: Not using cached read wrapper
LogInit:Display: RandInit(-30232833) SRandInit(-30232833).
LogTaskGraph: Started task graph with 5 named threads and 8 total threads with 1 sets of task threads.
LogStats: Stats thread started at 0.068237
LogInit: Using libcurl 7.47.1
LogInit:  - built for x86_64-pc-win32
LogInit:  - supports SSL with OpenSSL/1.0.2g
LogInit:  - supports HTTP deflate (compression) using libz 1.2.8
LogInit:  - other features:
LogInit:      CURL_VERSION_SSL
LogInit:      CURL_VERSION_LIBZ
LogInit:      CURL_VERSION_IPV6
LogInit:      CURL_VERSION_ASYNCHDNS
LogInit:      CURL_VERSION_LARGEFILE
LogInit:      CURL_VERSION_IDN
LogInit:  CurlRequestOptions (configurable via config and command line):
LogInit:  - bVerifyPeer = false  - Libcurl will NOT verify peer certificate
LogInit:  - bUseHttpProxy = false  - Libcurl will NOT use HTTP proxy
LogInit:  - bDontReuseConnections = false  - Libcurl will reuse connections
LogInit:  - CertBundlePath = nullptr  - Libcurl will use whatever was configured at build time.
LogInit: Build: ++UE4+Release-4.15-CL-3348071
LogInit: Engine Version: 4.15.1-3348071+++UE4+Release-4.15
LogInit: Compatible Engine Version: 4.15.0-3299760+++UE4+Release-4.15
LogInit: Net CL: 3299760
LogDevObjectVersion: Number of dev versions registered: 14
LogDevObjectVersion:   Dev-Blueprints (B0D832E4-1F89-4F0D-ACCF-7EB736FD4AA2): 8
LogDevObjectVersion:   Dev-Build (E1C64328-A22C-4D53-A36C-8E866417BD8C): 0
LogDevObjectVersion:   Dev-Core (375EC13C-06E4-48FB-B500-84F0262A717E): 2
LogDevObjectVersion:   Dev-Editor (E4B068ED-F494-42E9-A231-DA0B2E46BB41): 14
LogDevObjectVersion:   Dev-Framework (CFFC743F-43B0-4480-9391-14DF171D2073): 22
LogDevObjectVersion:   Dev-Mobile (B02B49B5-BB20-44E9-A304-32B752E40360): 0
LogDevObjectVersion:   Dev-Networking (A4E4105C-59A1-49B5-A7C5-40C4547EDFEE): 0
LogDevObjectVersion:   Dev-Online (39C831C9-5AE6-47DC-9A44-9C173E1C8E7C): 0
LogDevObjectVersion:   Dev-Physics (78F01B33-EBEA-4F98-B9B4-84EACCB95AA2): 0
LogDevObjectVersion:   Dev-Platform (6631380F-2D4D-43E0-8009-CF276956A95A): 0
LogDevObjectVersion:   Dev-Rendering (12F88B9F-8875-4AFC-A67C-D90C383ABD29): 12
LogDevObjectVersion:   Dev-Sequencer (7B5AE74C-D270-4C10-A958-57980B212A5A): 3
LogDevObjectVersion:   Dev-VR (D7296918-1DD6-4BDD-9DE2-64A83CC13884): 0
LogDevObjectVersion:   Dev-LoadTimes (C2A15278-BFE7-4AFE-6C17-90FF531DF755): 1
LogInit: Compiled (64-bit): Mar 15 2017 16:52:47
LogInit: Compiled with Visual C++: 19.00.23026.00
LogInit: Build Configuration: Development
LogInit: Branch Name: ++UE4+Release-4.15
LogInit: Command line: -EpicPortal 
LogInit: Base directory: C:/Program Files/Epic Games/UE_4.15/Engine/Binaries/Win64/
LogInit: Installed Engine Build: 1
LogInit: Presizing for max 8388607 objects, including 0 objects not considered by GC, pre-allocating 0 bytes for permanent pool.
LogInit: Object subsystem initialized
[2017.04.01-19.30.59:096][  0]LogInit: Selected Device Profile: [Windows]
[2017.04.01-19.30.59:096][  0]LogInit: Applying CVar settings loaded from the selected device profile: [Windows]
[2017.04.01-19.30.59:105][  0]LogInit: Computer: DESKTOP-9FJ45NO
[2017.04.01-19.30.59:105][  0]LogInit: User: Meuleman
[2017.04.01-19.30.59:105][  0]LogInit: CPU Page size=65536, Cores=4
[2017.04.01-19.30.59:105][  0]LogInit: High frequency timer resolution =3.519817 MHz
[2017.04.01-19.30.59:105][  0]LogMemory: Memory total: Physical=15.9GB (16GB approx)
[2017.04.01-19.30.59:105][  0]LogMemory: Platform Memory Stats for Windows
[2017.04.01-19.30.59:105][  0]LogMemory: Process Physical Memory: 263.02 MB used, 263.02 MB peak
[2017.04.01-19.30.59:105][  0]LogMemory: Process Virtual Memory: 262.47 MB used, 262.47 MB peak
[2017.04.01-19.30.59:105][  0]LogMemory: Physical Memory: 5689.60 MB used,  10636.56 MB free, 16326.16 MB total
[2017.04.01-19.30.59:105][  0]LogMemory: Virtual Memory: 644.40 MB used,  10636.56 MB free, 134217728.00 MB total
[2017.04.01-19.30.59:166][  0]LogTextLocalizationManager: No translations for ('fr-FR') exist, falling back to 'en' for localization and internationalization data.
[2017.04.01-19.30.59:669][  0]LogD3D11RHI: D3D11 adapters:
[2017.04.01-19.31.00:162][  0]LogD3D11RHI:    0. 'NVIDIA GeForce GTX 970' (Feature Level 11_0)
[2017.04.01-19.31.00:162][  0]LogD3D11RHI:       4059/0/8163 MB DedicatedVideo/DedicatedSystem/SharedSystem, Outputs:2, VendorId:0x10de
[2017.04.01-19.31.00:163][  0]LogD3D11RHI:    1. 'Microsoft Basic Render Driver' (Feature Level 11_0)
[2017.04.01-19.31.00:163][  0]LogD3D11RHI:       0/0/8163 MB DedicatedVideo/DedicatedSystem/SharedSystem, Outputs:0, VendorId:0x1414
[2017.04.01-19.31.00:163][  0]LogD3D11RHI: Chosen D3D11 Adapter: 0
[2017.04.01-19.31.00:166][  0]LogD3D11RHI: Creating new Direct3DDevice
[2017.04.01-19.31.00:166][  0]LogD3D11RHI:     GPU DeviceId: 0x13c2 (for the marketing name, search the web for "GPU Device Id")
[2017.04.01-19.31.00:166][  0]LogWindows: EnumDisplayDevices:
[2017.04.01-19.31.00:166][  0]LogWindows:    0. 'NVIDIA GeForce GTX 970' (P:1 D:1)
[2017.04.01-19.31.00:166][  0]LogWindows:    1. 'NVIDIA GeForce GTX 970' (P:0 D:0)
[2017.04.01-19.31.00:166][  0]LogWindows:    2. 'NVIDIA GeForce GTX 970' (P:0 D:1)
[2017.04.01-19.31.00:167][  0]LogWindows:    3. 'NVIDIA GeForce GTX 970' (P:0 D:0)
[2017.04.01-19.31.00:167][  0]LogWindows: DebugString: FoundDriverCount:4 
[2017.04.01-19.31.00:167][  0]LogD3D11RHI:     Adapter Name: NVIDIA GeForce GTX 970
[2017.04.01-19.31.00:167][  0]LogD3D11RHI:   Driver Version: 378.66 (internal:21.21.13.7866, unified:378.66)
[2017.04.01-19.31.00:167][  0]LogD3D11RHI:      Driver Date: 2-9-2017
[2017.04.01-19.31.00:167][  0]LogRHI: Texture pool is 1361 MB (70% of 1945 MB)
[2017.04.01-19.31.00:597][  0]LogD3D11RHI: Async texture creation enabled
[2017.04.01-19.31.00:735][  0]LogD3D11RHI: GPU Timing Frequency: 1000.000000 (Debug: 2 1)
[2017.04.01-19.31.00:832][  0]LogShaderCompilers: Guid format shader working directory is 18 characters bigger than the processId version (D:/User/Documents/Tower-Defence/Intermediate/Shaders/WorkingDirectory/8900/).
[2017.04.01-19.31.00:832][  0]LogShaderCompilers: Cleaned the shader compiler working directory 'C:/Users/Meuleman/AppData/Local/Temp/UnrealShaderWorkingDir/A7DF661649F89B353BAEA9BF278734A9/'.
[2017.04.01-19.31.00:832][  0]LogShaderCompilers:Display: Using Local Shader Compiler.
[2017.04.01-19.31.01:692][  0]LogTemp:Display: Loaded TP AllDesktopTargetPlatform
[2017.04.01-19.31.01:736][  0]LogTemp:Display: Loaded TP MacClientTargetPlatform
[2017.04.01-19.31.01:779][  0]LogTemp:Display: Loaded TP MacNoEditorTargetPlatform
[2017.04.01-19.31.01:822][  0]LogTemp:Display: Loaded TP MacServerTargetPlatform
[2017.04.01-19.31.01:864][  0]LogTemp:Display: Loaded TP MacTargetPlatform
[2017.04.01-19.31.01:906][  0]LogTemp:Display: Loaded TP WindowsClientTargetPlatform
[2017.04.01-19.31.01:948][  0]LogTemp:Display: Loaded TP WindowsNoEditorTargetPlatform
[2017.04.01-19.31.01:991][  0]LogTemp:Display: Loaded TP WindowsServerTargetPlatform
[2017.04.01-19.31.02:024][  0]LogTemp:Display: Loaded TP WindowsTargetPlatform
[2017.04.01-19.31.02:066][  0]LogTemp:Display: Loaded TP AndroidTargetPlatform
[2017.04.01-19.31.02:107][  0]LogTemp:Display: Loaded TP Android_ASTCTargetPlatform
[2017.04.01-19.31.02:148][  0]LogTemp:Display: Loaded TP Android_ATCTargetPlatform
[2017.04.01-19.31.02:189][  0]LogTemp:Display: Loaded TP Android_DXTTargetPlatform
[2017.04.01-19.31.02:231][  0]LogTemp:Display: Loaded TP Android_ETC1TargetPlatform
[2017.04.01-19.31.02:273][  0]LogTemp:Display: Loaded TP Android_ETC2TargetPlatform
[2017.04.01-19.31.02:355][  0]LogTemp:Display: Loaded TP Android_MultiTargetPlatform
[2017.04.01-19.31.02:355][  0]LogTemp:Display: Loaded TP Android_PVRTCTargetPlatform
[2017.04.01-19.31.02:384][  0]LogTemp:Display: Loaded TP HTML5TargetPlatform
[2017.04.01-19.31.02:461][  0]LogTemp:Display: Loaded TP IOSTargetPlatform
[2017.04.01-19.31.02:488][  0]LogTemp:Display: Loaded TP TVOSTargetPlatform
[2017.04.01-19.31.02:529][  0]LogTemp:Display: Loaded TP LinuxClientTargetPlatform
[2017.04.01-19.31.02:570][  0]LogTemp:Display: Loaded TP LinuxNoEditorTargetPlatform
[2017.04.01-19.31.02:611][  0]LogTemp:Display: Loaded TP LinuxServerTargetPlatform
[2017.04.01-19.31.02:653][  0]LogTemp:Display: Loaded TP LinuxTargetPlatform
[2017.04.01-19.31.02:653][  0]LogTargetPlatformManager:Display: Building Assets For Windows
[2017.04.01-19.31.02:975][  0]LogDerivedDataCache:Display: Max Cache Size: 512 MB
[2017.04.01-19.31.03:015][  0]LogDerivedDataCache: Loaded boot cache 0.04s 50MB C:/Users/Meuleman/AppData/Local/UnrealEngine/4.15/DerivedDataCache/Boot.ddc.
[2017.04.01-19.31.03:015][  0]LogDerivedDataCache:Display: Loaded Boot cache: C:/Users/Meuleman/AppData/Local/UnrealEngine/4.15/DerivedDataCache/Boot.ddc
[2017.04.01-19.31.03:015][  0]LogDerivedDataCache: FDerivedDataBackendGraph:  Pak pak cache file D:/User/Documents/Tower-Defence/DerivedDataCache/DDC.ddp not found, will not use a pak cache.
[2017.04.01-19.31.03:015][  0]LogDerivedDataCache: Unable to find inner node Pak for hierarchical cache Hierarchy.
[2017.04.01-19.31.03:015][  0]LogDerivedDataCache: FDerivedDataBackendGraph:  CompressedPak pak cache file D:/User/Documents/Tower-Defence/DerivedDataCache/Compressed.ddp not found, will not use a pak cache.
[2017.04.01-19.31.03:015][  0]LogDerivedDataCache: Unable to find inner node CompressedPak for hierarchical cache Hierarchy.
[2017.04.01-19.31.03:030][  0]LogDerivedDataCache:Display: Pak cache opened for reading ../../../Engine/DerivedDataCache/Compressed.ddp.
[2017.04.01-19.31.03:041][  0]LogDerivedDataCache: Using Local data cache path C:/Users/Meuleman/AppData/Local/UnrealEngine/Common/DerivedDataCache: Writable
[2017.04.01-19.31.03:049][  0]LogSlate: Using Freetype 2.6.0
[2017.04.01-19.31.03:049][  0]LogSlate: SlateFontCache - WITH_FREETYPE: 1, WITH_HARFBUZZ: 1
[2017.04.01-19.31.03:049][  0]LogSlate: SlateFontCache - WITH_FREETYPE: 1, WITH_HARFBUZZ: 1
[2017.04.01-19.31.03:243][  0]LogInit: Selected Device Profile: [Windows]
[2017.04.01-19.31.03:245][  0]LogContentStreaming: Texture pool size is 0.00 MB
[2017.04.01-19.31.03:403][  0]LogMeshUtilities: Using QuadricMeshReduction for automatic static mesh reduction
[2017.04.01-19.31.03:434][  0]LogSimplygon: Simplygon DLL not present - disabling.
[2017.04.01-19.31.03:469][  0]LogMeshUtilities: Using SimplygonSwarm for distributed automatic mesh merging
[2017.04.01-19.31.03:469][  0]LogMeshUtilities: No automatic skeletal mesh reduction module available
[2017.04.01-19.31.03:469][  0]LogMeshUtilities: No automatic mesh merging module available
[2017.04.01-19.31.03:871][  0]LogNetVersion: GetLocalNetworkVersion: CL: 3299760, ProjectName: rts_towerdefense, ProjectVersion: , EngineNetworkVersion: 2, GameNetworkVersion: 0, NetworkChecksum: 4106176920
[2017.04.01-19.31.03:912][  0]LogAssetRegistry: FAssetRegistry took 0.0214 seconds to start up
[2017.04.01-19.31.03:938][  0]LogPackageLocalizationCache: Processed 4 localized package path(s) for 1 prioritized culture(s) in 0.010403 seconds
[2017.04.01-19.31.03:943][  0]LogUObjectArray: 32493 objects as part of root set at end of initial load.
[2017.04.01-19.31.03:943][  0]LogUObjectAllocator: 7077024 out of 0 bytes used by permanent object pool.
[2017.04.01-19.31.03:943][  0]LogUObjectArray: CloseDisregardForGC: 0/0 objects in disregard for GC pool
[2017.04.01-19.31.03:989][  0]LogInit: WinSock: version 1.1 (2.2), MaxSocks=32767, MaxUdp=65467
[2017.04.01-19.31.05:477][  0]LogTcpMessaging: Initializing TcpMessaging bridge
[2017.04.01-19.31.05:508][  0]LogUdpMessaging: Initializing bridge on interface 0.0.0.0:0 to multicast group 230.0.0.1:6666.
[2017.04.01-19.31.05:870][  0]LogMaterial: Uniform references updated for custom material expression Custom.
[2017.04.01-19.31.06:144][  0]SourceControl: Info Source control is disabled
[2017.04.01-19.31.06:144][  0]SourceControl: Info Source control is disabled
[2017.04.01-19.31.06:178][  0]SourceControl: Info Source control is disabled
[2017.04.01-19.31.06:211][  0]SourceControl: Info Source control is disabled
[2017.04.01-19.31.07:143][  0]LogEngine: Initializing Engine...
[2017.04.01-19.31.07:144][  0]LogHMD: Failed to initialize OpenVR with code 110
[2017.04.01-19.31.07:315][  0]LogAIModule: Creating AISystem for world Untitled
[2017.04.01-19.31.07:328][  0]LogInit: XAudio2 using 'Haut-parleurs (Realtek High Definition Audio)' : 2 channels at 48 kHz using 32 bits per sample (channel mask 0x3)
[2017.04.01-19.31.07:337][  0]LogInit: FAudioDevice initialized.
[2017.04.01-19.31.07:358][  0]LogDerivedDataCache: Saved boot cache 0.02s 50MB C:/Users/Meuleman/AppData/Local/UnrealEngine/4.15/DerivedDataCache/Boot.ddc.
[2017.04.01-19.31.07:363][  0]LogInit: Texture streaming: Enabled
[2017.04.01-19.31.07:432][  0]LogEngineSessionManager: EngineSessionManager initialized
[2017.04.01-19.31.07:494][  0]LogInit: Transaction tracking system initialized
[2017.04.01-19.31.07:744][  0]BlueprintLog: New page: Editor Load
[2017.04.01-19.31.08:389][  0]LocalizationService: Info Localization service is disabled
[2017.04.01-19.31.08:876][  0]LogConsoleResponse:Display: 
[2017.04.01-19.31.08:969][  0]LogCook:Display: Max memory allowance for cook 16384mb min free memory 0mb
[2017.04.01-19.31.08:969][  0]LogCook:Display: Mobile HDR setting 1
[2017.04.01-19.31.09:068][  0]LogFileCache: Scanning file cache for directory 'D:/User/Documents/Tower-Defence/Content/' took 0.03s
[2017.04.01-19.31.09:713][  0]SourceControl: Info Source control is disabled
[2017.04.01-19.31.09:713][  0]Cmd: MAP LOAD FILE="D:/User/Documents/Tower-Defence/Content/RTS_TowerDefense/Maps/RTS_TestMap.umap" TEMPLATE=0 SHOWPROGRESS=1 FEATURELEVEL=3
[2017.04.01-19.31.09:714][  0]LightingResults: New page: Lighting Build
[2017.04.01-19.31.09:743][  0]MapCheck: New page: Map Check
[2017.04.01-19.31.09:743][  0]LightingResults: New page: Lighting Build
[2017.04.01-19.31.10:105][  0]LogClass:Warning: Enum '/Game/RTS_TowerDefense/Enums/GameSpeed_Enum.GameSpeed_ENUM' was upgraded to use FText to store its display name data. Please re-save this asset to avoid issues with localization and determinstic cooking.
[2017.04.01-19.31.10:250][  0]LogBlueprint:Warning: [Compiler CameraPawnController] Warning  Set Input Mode Game And UI (Deprecated)  is deprecated; Use the new version of Set Input Mode Game And UI instead
[2017.04.01-19.31.10:263][  0]LogBlueprint:Warning: [Compiler CameraPawnController] Warning [0012.62] Compile of CameraPawnController successful, but with 1 Warning(s) [in 30 ms] (/Game/RTS_TowerDefense/Blueprints/CameraPawnController.CameraPawnController)
[2017.04.01-19.31.10:265][  0]LogBlueprint:Warning: [Compiler CameraPawnController] Warning [0012.62] Compile of CameraPawnController successful, but with 2 Warning(s) [in 1 ms] (/Game/RTS_TowerDefense/Blueprints/CameraPawnController.CameraPawnController)
[2017.04.01-19.31.10:265][  0]LogBlueprint:Warning: [Compiler CameraPawnController] Warning [0012.62] Compile of CameraPawnController successful, but with 3 Warning(s) [in 0 ms] (/Game/RTS_TowerDefense/Blueprints/CameraPawnController.CameraPawnController)
[2017.04.01-19.31.10:353][  0]LogBlueprint:Warning: [Compiler CameraPawnController] Warning  Set Input Mode Game And UI (Deprecated)  is deprecated; Use the new version of Set Input Mode Game And UI instead
[2017.04.01-19.31.10:366][  0]LogBlueprint:Warning: [Compiler CameraPawnController] Warning [0012.72] Compile of CameraPawnController successful, but with 1 Warning(s) [in 31 ms] (/Game/RTS_TowerDefense/Blueprints/CameraPawnController.CameraPawnController)
[2017.04.01-19.31.10:366][  0]LogBlueprint:Warning: [Compiler CameraPawnController] Warning [0012.72] Compile of CameraPawnController successful, but with 2 Warning(s) [in 0 ms] (/Game/RTS_TowerDefense/Blueprints/CameraPawnController.CameraPawnController)
[2017.04.01-19.31.10:368][  0]LogBlueprint:Warning: [Compiler CameraPawnController] Warning [0012.72] Compile of CameraPawnController successful, but with 3 Warning(s) [in 1 ms] (/Game/RTS_TowerDefense/Blueprints/CameraPawnController.CameraPawnController)
[2017.04.01-19.31.10:686][  0]LogClass:Warning: Enum '/Game/RTS_TowerDefense/Enums/NPCSexType_ENUM.NPCSexType_ENUM' was upgraded to use FText to store its display name data. Please re-save this asset to avoid issues with localization and determinstic cooking.
[2017.04.01-19.31.10:712][  0]LogClass:Warning: Enum '/Game/RTS_TowerDefense/Enums/MonthNames_ENUM.MonthNames_ENUM' was upgraded to use FText to store its display name data. Please re-save this asset to avoid issues with localization and determinstic cooking.
[2017.04.01-19.31.10:872][  0]LogClass:Warning: Enum '/Game/RTS_TowerDefense/Enums/NPCNameMale_ENUM.NPCNameMale_ENUM' was upgraded to use FText to store its display name data. Please re-save this asset to avoid issues with localization and determinstic cooking.
[2017.04.01-19.31.10:872][  0]LogClass:Warning: Enum '/Game/RTS_TowerDefense/Enums/NPCNameFemale_ENUM.NPCNameFemale_ENUM' was upgraded to use FText to store its display name data. Please re-save this asset to avoid issues with localization and determinstic cooking.
[2017.04.01-19.31.10:965][  0]LogAIModule: Creating AISystem for world RTS_TestMap
[2017.04.01-19.31.11:001][  0]LogEditorServer: Finished looking for orphan Actors (0.000 secs)
[2017.04.01-19.31.11:010][  0]Cmd: MAP CHECKDEP NOCLEARLOG
[2017.04.01-19.31.11:049][  0]MapCheck: Info Map check complete: 0 Error(s), 0 Warning(s), took 39.113ms to complete.
[2017.04.01-19.31.11:049][  0]LogFileHelpers: Loading map 'RTS_TestMap' took 1.336
[2017.04.01-19.31.11:142][  0]LogWindowsTextInputMethodSystem:Display: IME system now deactivated.
[2017.04.01-19.31.11:259][  0]LogCollectionManager: Loaded 0 collections in 0.001262 seconds
[2017.04.01-19.31.11:387][  0]LogFileCache: Scanning file cache for directory 'D:/User/Documents/Tower-Defence/Saved/Collections/' took 0.01s
[2017.04.01-19.31.11:387][  0]LogFileCache: Scanning file cache for directory 'D:/User/Documents/Tower-Defence/Content/Developers/Meuleman/Collections/' took 0.01s
[2017.04.01-19.31.11:387][  0]LogFileCache: Scanning file cache for directory 'D:/User/Documents/Tower-Defence/Content/Collections/' took 0.01s
[2017.04.01-19.31.11:387][  0]LogCollectionManager: Rebuilt the GUID cache for 0 collections in 0.000001 seconds
[2017.04.01-19.31.11:395][  0]LogContentBrowser: Native class hierarchy populated in 0.0072 seconds. Added 2270 classes and 462 folders.
[2017.04.01-19.31.11:397][  0]LogStats: UGameplayTagsManager::ConstructGameplayTagTree: Construct from data asset -  0.000 s
[2017.04.01-19.31.11:398][  0]LogStats: UGameplayTagsManager::ConstructGameplayTagTree: GameplayTagTreeChangedEvent.Broadcast -  0.000 s
[2017.04.01-19.31.11:443][  0]LogContentBrowser: Native class hierarchy updated for 'WidgetCarousel' in 0.0004 seconds. Added 0 classes and 0 folders.
[2017.04.01-19.31.11:470][  0]LogContentBrowser: Native class hierarchy updated for 'AddContentDialog' in 0.0004 seconds. Added 0 classes and 0 folders.
[2017.04.01-19.31.11:501][  0]LogContentBrowser: Native class hierarchy updated for 'SceneOutliner' in 0.0004 seconds. Added 1 classes and 2 folders.
[2017.04.01-19.31.11:594][  0]LogCrashTracker: Crashtracker disabled due to settings.
[2017.04.01-19.31.11:601][  0]LogUObjectGlobals:Warning: Failed to find object 'Class None.'
[2017.04.01-19.31.11:655][  0]LogContentBrowser: Native class hierarchy updated for 'HierarchicalLODOutliner' in 0.0005 seconds. Added 1 classes and 2 folders.
[2017.04.01-19.31.11:655][  0]LogLoad: (Engine Initialization) Total time: 14.01 seconds
[2017.04.01-19.31.11:655][  0]LogLoad: (Engine Initialization) Total Blueprint compile time: 0.50 seconds
[2017.04.01-19.31.11:655][  0]LogExternalProfiler: Found external profiler: VSPerf
[2017.04.01-19.31.11:655][  0]LogExternalProfiler: Using external profiler: VSPerf
[2017.04.01-19.31.11:664][  0]LogOcInput: OculusInput pre-init called
[2017.04.01-19.31.11:682][  0]LogContentStreaming: Texture pool size now 1000 MB
[2017.04.01-19.31.11:683][  0]LogSlate: Took 0.000182 seconds to synchronously load lazily loaded font '../../../Engine/Content/Slate/Fonts/Roboto-Regular.ttf' (155K)
[2017.04.01-19.31.11:686][  0]LogSlate: Took 0.000254 seconds to synchronously load lazily loaded font '../../../Engine/Content/Slate/Fonts/Roboto-Bold.ttf' (160K)
[2017.04.01-19.31.11:690][  0]LogSlate: Took 0.000172 seconds to synchronously load lazily loaded font '../../../Engine/Content/Editor/Slate/Fonts/FontAwesome.ttf' (139K)
[2017.04.01-19.31.11:796][  0]LogRenderer: Reallocating scene render targets to support 1208x576 NumSamples 1 (Frame:2).
[2017.04.01-19.31.11:851][  0]LogSlate: Took 0.000166 seconds to synchronously load lazily loaded font '../../../Engine/Content/Slate/Fonts/Roboto-Light.ttf' (159K)
[2017.04.01-19.31.12:105][  3]LogAssetRegistry: Asset discovery search completed in 8.2152 seconds
[2017.04.01-19.31.12:105][  3]LogCollectionManager: Rebuilt the object cache for 0 collections in 0.000005 seconds (found 0 objects)
[2017.04.01-19.31.12:106][  3]LogCollectionManager: Fixed up redirectors for 0 collections in 0.000016 seconds (updated 0 objects)
[2017.04.01-19.31.45:451][834]LogSlate: Took 0.000134 seconds to synchronously load lazily loaded font '../../../Engine/Content/Slate/Fonts/Roboto-Light.ttf' (159K)
[2017.04.01-19.31.55:866][880]LogLinker:Warning: Asset '../../../Engine/Plugins/Marketplace/LowEntryExtStdLib/Content/Blueprints/LowEntryExtendedStandardLibraryMacros.uasset' has been saved with empty engine version. The asset will be loaded but may be incompatible.
[2017.04.01-19.31.55:965][880]LogContentBrowser: Native class hierarchy updated for 'BlueprintGraph' in 0.0007 seconds. Added 112 classes and 0 folders.
[2017.04.01-19.31.56:506][880]LogSlate: Took 0.000145 seconds to synchronously load lazily loaded font '../../../Engine/Content/Slate/Fonts/Roboto-Regular.ttf' (155K)
[2017.04.01-19.31.56:573][880]LogSlate: Took 0.000265 seconds to synchronously load lazily loaded font '../../../Engine/Content/Editor/Slate/Fonts/Roboto-BoldCondensed.ttf' (158K)
[2017.04.01-19.31.56:743][881]LogSlate: Took 0.000189 seconds to synchronously load lazily loaded font '../../../Engine/Content/Editor/Slate/Fonts/Roboto-Italic.ttf' (157K)
[2017.04.01-19.32.02:675][211]LogObjectTools:Warning: ForceReplaceReferences replaced references for a transient object 'ComponentDelegateBinding_2' or package '/Engine/Transient'.
[2017.04.01-19.32.02:675][211]LogObjectTools:Warning: ForceReplaceReferences replaced references for a transient object 'UberGraphFrame' or package '/Engine/Transient'.
[2017.04.01-19.32.02:676][211]LogObjectTools:Warning: ForceReplaceReferences replaced references for a transient object 'UserConstructionScript' or package '/Engine/Transient'.
[2017.04.01-19.32.02:676][211]LogObjectTools:Warning: ForceReplaceReferences replaced references for a transient object 'OnFail_4F97E8A44169AB7D6120B8B7A9DF73F3' or package '/Engine/Transient'.
[2017.04.01-19.32.02:676][211]LogObjectTools:Warning: ForceReplaceReferences replaced references for a transient object 'OnSuccess_4F97E8A44169AB7D6120B8B7A9DF73F3' or package '/Engine/Transient'.
[2017.04.01-19.32.02:676][211]LogObjectTools:Warning: ForceReplaceReferences replaced references for a transient object 'ReceiveTick' or package '/Engine/Transient'.
[2017.04.01-19.32.02:676][211]LogObjectTools:Warning: ForceReplaceReferences replaced references for a transient object 'ReceiveBeginPlay' or package '/Engine/Transient'.
[2017.04.01-19.32.02:676][211]LogObjectTools:Warning: ForceReplaceReferences replaced references for a transient object 'BndEvt__PawnSensing_K2Node_ComponentBoundEvent_0_SeePawnDelegate__DelegateSignature' or package '/Engine/Transient'.
[2017.04.01-19.32.02:676][211]LogObjectTools:Warning: ForceReplaceReferences replaced references for a transient object 'ExecuteUbergraph_AttackTroop' or package '/Engine/Transient'.
[2017.04.01-19.32.02:676][211]LogObjectTools:Warning: ForceReplaceReferences replaced references for a transient object 'PawnSensing' or package '/Engine/Transient'.
[2017.04.01-19.32.02:676][211]LogObjectTools:Warning: ForceReplaceReferences replaced references for a transient object 'AIController' or package '/Engine/Transient'.
[2017.04.01-19.32.02:676][211]LogObjectTools:Warning: ForceReplaceReferences replaced references for a transient object 'ZombieAnimRef' or package '/Engine/Transient'.
[2017.04.01-19.32.02:676][211]LogObjectTools:Warning: ForceReplaceReferences replaced references for a transient object 'WalkSpeed' or package '/Engine/Transient'.
[2017.04.01-19.32.02:676][211]LogObjectTools:Warning: ForceReplaceReferences replaced references for a transient object 'RunSpeed' or package '/Engine/Transient'.
[2017.04.01-19.32.02:676][211]LogObjectTools:Warning: ForceReplaceReferences replaced references for a transient object 'Vision' or package '/Engine/Transient'.
[2017.04.01-19.32.02:676][211]LogObjectTools:Warning: ForceReplaceReferences replaced references for a transient object 'Mouvement' or package '/Engine/Transient'.
[2017.04.01-19.32.02:676][211]LogObjectTools:Warning: ForceReplaceReferences replaced references for a transient object 'EndAttack' or package '/Engine/Transient'.
[2017.04.01-19.32.02:676][211]LogObjectTools:Warning: ForceReplaceReferences replaced references for a transient object 'Destination' or package '/Engine/Transient'.
[2017.04.01-19.32.02:676][211]LogObjectTools:Warning: ForceReplaceReferences replaced references for a transient object 'SimpleConstructionScript_0' or package '/Engine/Transient'.
[2017.04.01-19.32.02:676][211]LogObjectTools:Warning: ForceReplaceReferences replaced references for a transient object 'OnFail_4F97E8A44169AB7D6120B8B7A9DF73F3' or package '/Game/RTS_TowerDefense/Blueprints/AI/Troops/AttackTroop'.
[2017.04.01-19.32.02:676][211]LogObjectTools:Warning: ForceReplaceReferences replaced references for a transient object 'OnSuccess_4F97E8A44169AB7D6120B8B7A9DF73F3' or package '/Game/RTS_TowerDefense/Blueprints/AI/Troops/AttackTroop'.
[2017.04.01-19.32.02:676][211]LogObjectTools:Warning: ForceReplaceReferences replaced references for a transient object 'DEADCLASS_AttackTroop_C_0' or package '/Engine/Transient'.
[2017.04.01-19.32.02:676][211]LogObjectTools:Warning: ForceReplaceReferences replaced references for a transient object 'ReceiveTick' or package '/Game/RTS_TowerDefense/Blueprints/AI/Troops/AttackTroop'.
[2017.04.01-19.32.02:676][211]LogObjectTools:Warning: ForceReplaceReferences replaced references for a transient object 'ReceiveBeginPlay' or package '/Game/RTS_TowerDefense/Blueprints/AI/Troops/AttackTroop'.
[2017.04.01-19.32.02:676][211]LogObjectTools:Warning: ForceReplaceReferences replaced references for a transient object 'BndEvt__PawnSensing_K2Node_ComponentBoundEvent_0_SeePawnDelegate__DelegateSignature' or package '/Game/RTS_TowerDefense/Blueprints/AI/Troops/AttackTroop'.
[2017.04.01-19.32.02:676][211]LogObjectTools:Warning: ForceReplaceReferences replaced references for a transient object 'DEADCLASS_AttackTroop_C_1' or package '/Engine/Transient'.
[2017.04.01-19.32.02:676][211]LogObjectTools:Warning: ForceReplaceReferences replaced references for a transient object 'PawnSensing_GEN_VARIABLE' or package '/Engine/Transient'.
[2017.04.01-19.32.02:676][211]LogObjectTools:Warning: ForceReplaceReferences replaced references for a transient object 'DefaultSceneRoot_GEN_VARIABLE' or package '/Engine/Transient'.
[2017.04.01-19.32.02:676][211]LogObjectTools:Warning: ForceReplaceReferences replaced references for a transient object 'REINST_SKEL_AttackTroop_C_193' or package '/Engine/Transient'.
[2017.04.01-19.32.02:676][211]LogObjectTools:Warning: ForceReplaceReferences replaced references for a transient object 'REINST_AttackTroop_C_192' or package '/Engine/Transient'.
[2017.04.01-19.32.18:283][544]LogWindowsTextInputMethodSystem:Display: IME system now deactivated.
[2017.04.01-19.32.18:463][545]Cmd: QUIT_EDITOR
[2017.04.01-19.32.18:520][545]LogExit: Preparing to exit.
[2017.04.01-19.32.19:738][545]LogExit: Editor shut down
[2017.04.01-19.32.19:738][545]LogExit: Transaction tracking system shut down
[2017.04.01-19.32.19:860][545]LogObj: Freed 0b from 0 cluster array pools.
[2017.04.01-19.32.19:860][545]LogExit: Object subsystem successfully closed.
[2017.04.01-19.32.19:872][545]LogD3D11RHI: Shutdown
[2017.04.01-19.32.19:872][545]LogD3D11RHI: CleanupD3DDevice
[2017.04.01-19.32.19:935][545]LogD3D11RHI: ~FD3D11DynamicRHI
[2017.04.01-19.32.19:945][545]LogModuleManager: Shutting down and abandoning module BlueprintGraph (506)
[2017.04.01-19.32.19:945][545]LogModuleManager: Shutting down and abandoning module BlueprintProfiler (504)
[2017.04.01-19.32.19:945][545]LogModuleManager: Shutting down and abandoning module HierarchicalLODOutliner (502)
[2017.04.01-19.32.19:945][545]LogModuleManager: Shutting down and abandoning module CrashTracker (500)
[2017.04.01-19.32.19:945][545]LogModuleManager: Shutting down and abandoning module SceneOutliner (498)
[2017.04.01-19.32.19:945][545]LogModuleManager: Shutting down and abandoning module AddContentDialog (496)
[2017.04.01-19.32.19:945][545]LogDirectoryWatcher: A directory notification for 'C:/Program Files/Epic Games/UE_4.15/FeaturePacks/' was aborted.
[2017.04.01-19.32.19:945][545]LogModuleManager: Shutting down and abandoning module WidgetCarousel (495)
[2017.04.01-19.32.19:945][545]LogModuleManager: Shutting down and abandoning module EditorWidgets (492)
[2017.04.01-19.32.19:945][545]LogModuleManager: Shutting down and abandoning module CollectionManager (490)
[2017.04.01-19.32.19:945][545]LogDirectoryWatcher: A directory notification for 'D:/User/Documents/Tower-Defence/Content/Collections/' was aborted.
[2017.04.01-19.32.19:945][545]LogDirectoryWatcher: A directory notification for 'D:/User/Documents/Tower-Defence/Content/Developers/Meuleman/Collections/' was aborted.
[2017.04.01-19.32.19:945][545]LogDirectoryWatcher: A directory notification for 'D:/User/Documents/Tower-Defence/Saved/Collections/' was aborted.
[2017.04.01-19.32.19:945][545]LogModuleManager: Shutting down and abandoning module StatsViewer (488)
[2017.04.01-19.32.19:945][545]LogModuleManager: Shutting down and abandoning module FoliageEdit (486)
[2017.04.01-19.32.19:945][545]LogModuleManager: Shutting down and abandoning module LandscapeEditor (484)
[2017.04.01-19.32.19:945][545]LogModuleManager: Shutting down and abandoning module SceneDepthPickerMode (482)
[2017.04.01-19.32.19:946][545]LogModuleManager: Shutting down and abandoning module ActorPickerMode (480)
[2017.04.01-19.32.19:946][545]LogModuleManager: Shutting down and abandoning module GeometryMode (478)
[2017.04.01-19.32.19:946][545]LogModuleManager: Shutting down and abandoning module TextureAlignMode (476)
[2017.04.01-19.32.19:946][545]LogModuleManager: Shutting down and abandoning module BspMode (474)
[2017.04.01-19.32.19:946][545]LogModuleManager: Shutting down and abandoning module HardwareSurvey (472)
[2017.04.01-19.32.19:946][545]LogModuleManager: Shutting down and abandoning module SequenceRecorderSections (470)
[2017.04.01-19.32.19:946][545]LogModuleManager: Shutting down and abandoning module AutomationWorker (468)
[2017.04.01-19.32.19:946][545]LogModuleManager: Shutting down and abandoning module MatineeToLevelSequence (466)
[2017.04.01-19.32.19:946][545]LogModuleManager: Shutting down and abandoning module LevelSequenceEditor (464)
[2017.04.01-19.32.19:946][545]LogModuleManager: Shutting down and abandoning module PlacementMode (463)
[2017.04.01-19.32.19:946][545]LogModuleManager: Shutting down and abandoning module WmfMediaFactory (460)
[2017.04.01-19.32.19:946][545]LogModuleManager: Shutting down and abandoning module WmfMediaEditor (458)
[2017.04.01-19.32.19:946][545]LogModuleManager: Shutting down and abandoning module MfMediaFactory (456)
[2017.04.01-19.32.19:946][545]LogModuleManager: Shutting down and abandoning module MfMediaEditor (454)
[2017.04.01-19.32.19:946][545]LogModuleManager: Shutting down and abandoning module AvfMediaFactory (452)
[2017.04.01-19.32.19:946][545]LogModuleManager: Shutting down and abandoning module AvfMediaEditor (450)
[2017.04.01-19.32.19:946][545]LogModuleManager: Shutting down and abandoning module AndroidMediaFactory (448)
[2017.04.01-19.32.19:946][545]LogModuleManager: Shutting down and abandoning module Media (447)
[2017.04.01-19.32.19:946][545]LogModuleManager: Shutting down and abandoning module AndroidMediaEditor (444)
[2017.04.01-19.32.19:946][545]LogModuleManager: Shutting down and abandoning module CharacterAI (442)
[2017.04.01-19.32.19:946][545]LogModuleManager: Shutting down and abandoning module AudioCapture (440)
[2017.04.01-19.32.19:946][545]LogModuleManager: Shutting down and abandoning module SequenceRecorder (439)
[2017.04.01-19.32.19:946][545]LogModuleManager: Shutting down and abandoning module SmartSnapping (436)
[2017.04.01-19.32.19:946][545]LogModuleManager: Shutting down and abandoning module SessionServices (434)
[2017.04.01-19.32.19:946][545]LogModuleManager: Shutting down and abandoning module ViewportSnapping (432)
[2017.04.01-19.32.19:946][545]LogModuleManager: Shutting down and abandoning module ViewportInteraction (430)
[2017.04.01-19.32.19:946][545]LogModuleManager: Shutting down and abandoning module LogVisualizer (428)
[2017.04.01-19.32.19:946][545]LogModuleManager: Shutting down and abandoning module IntroTutorials (426)
[2017.04.01-19.32.19:946][545]LogModuleManager: Shutting down and abandoning module GameProjectGeneration (425)
[2017.04.01-19.32.19:946][545]LogModuleManager: Shutting down and abandoning module EditorLiveStreaming (422)
[2017.04.01-19.32.19:946][545]LogModuleManager: Shutting down and abandoning module IOSPlatformEditor (420)
[2017.04.01-19.32.19:946][545]LogModuleManager: Shutting down and abandoning module HTML5PlatformEditor (418)
[2017.04.01-19.32.19:946][545]LogModuleManager: Shutting down and abandoning module AndroidPlatformEditor (416)
[2017.04.01-19.32.19:946][545]LogModuleManager: Shutting down and abandoning module AndroidDeviceDetection (415)
[2017.04.01-19.32.20:679][545]LogModuleManager: Shutting down and abandoning module IOSRuntimeSettings (412)
[2017.04.01-19.32.20:679][545]LogModuleManager: Shutting down and abandoning module AndroidRuntimeSettings (410)
[2017.04.01-19.32.20:679][545]LogModuleManager: Shutting down and abandoning module InputBindingEditor (408)
[2017.04.01-19.32.20:679][545]LogModuleManager: Shutting down and abandoning module NiagaraEditor (406)
[2017.04.01-19.32.20:679][545]LogModuleManager: Shutting down and abandoning module MergeActors (404)
[2017.04.01-19.32.20:679][545]LogModuleManager: Shutting down and abandoning module SizeMap (402)
[2017.04.01-19.32.20:679][545]LogModuleManager: Shutting down and abandoning module TreeMap (400)
[2017.04.01-19.32.20:679][545]LogModuleManager: Shutting down and abandoning module ReferenceViewer (398)
[2017.04.01-19.32.20:679][545]LogModuleManager: Shutting down and abandoning module LocalizationDashboard (396)
[2017.04.01-19.32.20:679][545]LogModuleManager: Shutting down and abandoning module LocalizationService (395)
[2017.04.01-19.32.20:679][545]LogModuleManager: Shutting down and abandoning module HardwareTargeting (392)
[2017.04.01-19.32.20:679][545]LogModuleManager: Shutting down and abandoning module DeviceProfileEditor (390)
[2017.04.01-19.32.20:680][545]LogModuleManager: Shutting down and abandoning module UndoHistory (388)
[2017.04.01-19.32.20:680][545]LogModuleManager: Shutting down and abandoning module UserFeedback (386)
[2017.04.01-19.32.20:680][545]LogModuleManager: Shutting down and abandoning module XmlParser (384)
[2017.04.01-19.32.20:680][545]LogModuleManager: Shutting down and abandoning module Blutility (382)
[2017.04.01-19.32.20:680][545]LogModuleManager: Shutting down and abandoning module ProjectSettingsViewer (380)
[2017.04.01-19.32.20:680][545]LogModuleManager: Shutting down and abandoning module ProjectTargetPlatformEditor (379)
[2017.04.01-19.32.20:680][545]LogModuleManager: Shutting down and abandoning module EditorSettingsViewer (376)
[2017.04.01-19.32.20:680][545]LogModuleManager: Shutting down and abandoning module SettingsEditor (374)
[2017.04.01-19.32.20:680][545]LogModuleManager: Shutting down and abandoning module ProjectLauncher (372)
[2017.04.01-19.32.20:680][545]LogModuleManager: Shutting down and abandoning module SessionFrontend (370)
[2017.04.01-19.32.20:680][545]LogModuleManager: Shutting down and abandoning module ProfilerClient (368)
[2017.04.01-19.32.20:680][545]LogModuleManager: Shutting down and abandoning module DeviceManager (366)
[2017.04.01-19.32.20:680][545]LogModuleManager: Shutting down and abandoning module TargetDeviceServices (365)
[2017.04.01-19.32.20:723][545]LogModuleManager: Shutting down and abandoning module AutomationController (362)
[2017.04.01-19.32.20:723][545]LogModuleManager: Shutting down and abandoning module AutomationWindow (360)
[2017.04.01-19.32.20:723][545]LogModuleManager: Shutting down and abandoning module Layers (358)
[2017.04.01-19.32.20:723][545]LogModuleManager: Shutting down and abandoning module ComponentVisualizers (356)
[2017.04.01-19.32.20:723][545]LogModuleManager: Shutting down and abandoning module DetailCustomizations (354)
[2017.04.01-19.32.20:723][545]LogModuleManager: Shutting down and abandoning module PackagesDialog (352)
[2017.04.01-19.32.20:723][545]LogModuleManager: Shutting down and abandoning module Persona (350)
[2017.04.01-19.32.20:723][545]LogModuleManager: Shutting down and abandoning module AnimGraph (349)
[2017.04.01-19.32.20:723][545]LogModuleManager: Shutting down and abandoning module Kismet (346)
[2017.04.01-19.32.20:747][545]LogModuleManager: Shutting down and abandoning module GraphEditor (344)
[2017.04.01-19.32.20:747][545]LogModuleManager: Shutting down and abandoning module ClassViewer (342)
[2017.04.01-19.32.20:747][545]LogModuleManager: Shutting down and abandoning module Toolbox (340)
[2017.04.01-19.32.20:747][545]LogModuleManager: Shutting down and abandoning module ModuleUI (338)
[2017.04.01-19.32.20:747][545]LogModuleManager: Shutting down and abandoning module MovieSceneTools (336)
[2017.04.01-19.32.20:747][545]LogModuleManager: Shutting down and abandoning module OutputLog (334)
[2017.04.01-19.32.20:747][545]LogModuleManager: Shutting down and abandoning module GammaUI (332)
[2017.04.01-19.32.20:747][545]LogModuleManager: Shutting down and abandoning module Documentation (330)
[2017.04.01-19.32.20:747][545]LogModuleManager: Shutting down and abandoning module Niagara (328)
[2017.04.01-19.32.20:747][545]LogModuleManager: Shutting down and abandoning module StreamingPauseRendering (326)
[2017.04.01-19.32.20:748][545]LogModuleManager: Shutting down and abandoning module AnalyticsET (324)
[2017.04.01-19.32.20:748][545]LogModuleManager: Shutting down and abandoning module PortalServices (322)
[2017.04.01-19.32.20:748][545]LogModuleManager: Shutting down and abandoning module PortalRpc (320)
[2017.04.01-19.32.20:748][545]LogModuleManager: Shutting down and abandoning module MessagingRpc (318)
[2017.04.01-19.32.20:748][545]LogModuleManager: Shutting down and abandoning module AIModule (316)
[2017.04.01-19.32.20:748][545]LogModuleManager: Shutting down and abandoning module GameplayDebugger (315)
[2017.04.01-19.32.20:748][545]LogModuleManager: Shutting down and abandoning module AITestSuite (313)
[2017.04.01-19.32.20:748][545]LogModuleManager: Shutting down and abandoning module ProfilerService (310)
[2017.04.01-19.32.20:750][545]LogModuleManager: Shutting down and abandoning module TaskGraph (308)
[2017.04.01-19.32.20:751][545]LogModuleManager: Shutting down and abandoning module SteamVRController (306)
[2017.04.01-19.32.20:751][545]LogModuleManager: Shutting down and abandoning module SteamVR (304)
[2017.04.01-19.32.20:751][545]LogModuleManager: Shutting down and abandoning module ProceduralMeshComponentEditor (302)
[2017.04.01-19.32.20:751][545]LogModuleManager: Shutting down and abandoning module ProceduralMeshComponent (300)
[2017.04.01-19.32.20:751][545]LogModuleManager: Shutting down and abandoning module OculusLibrary (298)
[2017.04.01-19.32.20:751][545]LogModuleManager: Shutting down and abandoning module OculusInput (296)
[2017.04.01-19.32.20:751][545]LogModuleManager: Shutting down and abandoning module MobilePatchingUtils (294)
[2017.04.01-19.32.20:751][545]LogModuleManager: Shutting down and abandoning module CustomMeshComponent (292)
[2017.04.01-19.32.20:751][545]LogModuleManager: Shutting down and abandoning module CableComponent (290)
[2017.04.01-19.32.20:751][545]LogModuleManager: Shutting down and abandoning module ArchVisCharacter (288)
[2017.04.01-19.32.20:751][545]LogModuleManager: Shutting down and abandoning module MediaPlayerEditor (284)
[2017.04.01-19.32.20:751][545]LogModuleManager: Shutting down and abandoning module LowEntryExtendedStandardLibraryEditor (282)
[2017.04.01-19.32.20:751][545]LogModuleManager: Shutting down and abandoning module HTML5Networking (280)
[2017.04.01-19.32.20:751][545]LogModuleManager: Shutting down and abandoning module AlembicImporter (278)
[2017.04.01-19.32.20:751][545]LogModuleManager: Shutting down and abandoning module AlembicLibrary (277)
[2017.04.01-19.32.20:751][545]LogModuleManager: Shutting down and abandoning module GeometryCache (276)
[2017.04.01-19.32.20:751][545]LogModuleManager: Shutting down and abandoning module GeometryCacheEd (275)
[2017.04.01-19.32.20:751][545]LogModuleManager: Shutting down and abandoning module SuperSearchEditor (270)
[2017.04.01-19.32.20:751][545]LogModuleManager: Shutting down and abandoning module SuperSearch (269)
[2017.04.01-19.32.20:751][545]LogModuleManager: Shutting down and abandoning module SpeedTreeImporter (266)
[2017.04.01-19.32.20:751][545]LogModuleManager: Shutting down and abandoning module PluginBrowser (264)
[2017.04.01-19.32.20:751][545]LogModuleManager: Shutting down and abandoning module MobileLauncherProfileWizard (262)
[2017.04.01-19.32.20:751][545]LogModuleManager: Shutting down and abandoning module EpicSurvey (260)
[2017.04.01-19.32.20:751][545]LogModuleManager: Shutting down and abandoning module VisualStudioSourceCodeAccess (258)
[2017.04.01-19.32.20:751][545]LogModuleManager: Shutting down and abandoning module DesktopPlatform (257)
[2017.04.01-19.32.20:751][545]LogModuleManager: Shutting down and abandoning module UObjectPlugin (254)
[2017.04.01-19.32.20:751][545]LogModuleManager: Shutting down and abandoning module SubversionSourceControl (252)
[2017.04.01-19.32.20:752][545]LogModuleManager: Shutting down and abandoning module PerforceSourceControl (250)
[2017.04.01-19.32.20:752][545]LogModuleManager: Shutting down and abandoning module GitSourceControl (248)
[2017.04.01-19.32.20:752][545]LogModuleManager: Shutting down and abandoning module SourceControl (247)
[2017.04.01-19.32.20:752][545]LogModuleManager: Shutting down and abandoning module LightPropagationVolumeEditor (244)
[2017.04.01-19.32.20:752][545]LogModuleManager: Shutting down and abandoning module PaperTiledImporter (242)
[2017.04.01-19.32.20:752][545]LogModuleManager: Shutting down and abandoning module PaperSpriteSheetImporter (240)
[2017.04.01-19.32.20:752][545]LogModuleManager: Shutting down and abandoning module Paper2DEditor (238)
[2017.04.01-19.32.20:752][545]LogModuleManager: Shutting down and abandoning module MeshPaint (237)
[2017.04.01-19.32.20:752][545]LogModuleManager: Shutting down and abandoning module LevelEditor (235)
[2017.04.01-19.32.20:754][545]LogModuleManager: Shutting down and abandoning module PixelInspectorModule (234)
[2017.04.01-19.32.20:754][545]LogModuleManager: Shutting down and abandoning module MainFrame (232)
[2017.04.01-19.32.20:754][545]LogModuleManager: Shutting down and abandoning module HotReload (231)
[2017.04.01-19.32.20:755][545]LogModuleManager: Shutting down and abandoning module ContentBrowser (227)
[2017.04.01-19.32.20:758][545]LogModuleManager: Shutting down and abandoning module PhysXVehiclesEditor (224)
[2017.04.01-19.32.20:758][545]LogModuleManager: Shutting down and abandoning module PhysXVehicles (222)
[2017.04.01-19.32.20:758][545]LogModuleManager: Shutting down and abandoning module LocationServicesBPLibrary (220)
[2017.04.01-19.32.20:758][545]LogModuleManager: Shutting down and abandoning module UdpMessaging (218)
[2017.04.01-19.32.20:858][545]LogModuleManager: Shutting down and abandoning module TcpMessaging (216)
[2017.04.01-19.32.20:959][545]LogModuleManager: Shutting down and abandoning module LowEntryExtendedStandardLibrary (214)
[2017.04.01-19.32.20:959][545]LogModuleManager: Shutting down and abandoning module GameplayTagsEditor (212)
[2017.04.01-19.32.20:959][545]LogModuleManager: Shutting down and abandoning module FacialAnimationEditor (210)
[2017.04.01-19.32.20:959][545]LogModuleManager: Shutting down and abandoning module FacialAnimation (208)
[2017.04.01-19.32.20:959][545]LogModuleManager: Shutting down and abandoning module LightPropagationVolumeRuntime (206)
[2017.04.01-19.32.20:959][545]LogModuleManager: Shutting down and abandoning module Paper2D (204)
[2017.04.01-19.32.20:959][545]LogModuleManager: Shutting down and abandoning module WindowsMoviePlayer (202)
[2017.04.01-19.32.20:959][545]LogModuleManager: Shutting down and abandoning module WmfMedia (200)
[2017.04.01-19.32.20:959][545]LogModuleManager: Shutting down and abandoning module MfMedia (198)
[2017.04.01-19.32.20:960][545]LogModuleManager: Shutting down and abandoning module MediaAssets (196)
[2017.04.01-19.32.20:960][545]LogModuleManager: Shutting down and abandoning module GameLiveStreaming (194)
[2017.04.01-19.32.20:961][545]LogModuleManager: Shutting down and abandoning module VREditor (192)
[2017.04.01-19.32.20:961][545]LogModuleManager: Shutting down and abandoning module GameplayTasksEditor (190)
[2017.04.01-19.32.20:961][545]LogModuleManager: Shutting down and abandoning module BehaviorTreeEditor (188)
[2017.04.01-19.32.20:961][545]LogModuleManager: Shutting down and abandoning module FunctionalTesting (186)
[2017.04.01-19.32.20:961][545]LogModuleManager: Shutting down and abandoning module CollisionAnalyzer (184)
[2017.04.01-19.32.20:962][545]LogModuleManager: Shutting down and abandoning module UMG (182)
[2017.04.01-19.32.20:963][545]LogModuleManager: Shutting down and abandoning module UMGEditor (181)
[2017.04.01-19.32.20:963][545]LogModuleManager: Shutting down and abandoning module Sequencer (180)
[2017.04.01-19.32.20:963][545]LogModuleManager: Shutting down and abandoning module AssetTools (178)
[2017.04.01-19.32.20:963][545]LogModuleManager: Shutting down and abandoning module MessageLog (177)
[2017.04.01-19.32.20:964][545]LogModuleManager: Shutting down and abandoning module WorkspaceMenuStructure (176)
[2017.04.01-19.32.20:964][545]LogModuleManager: Shutting down and abandoning module SlateReflector (170)
[2017.04.01-19.32.20:964][545]LogModuleManager: Shutting down and abandoning module Slate (168)
[2017.04.01-19.32.20:964][545]LogModuleManager: Shutting down and abandoning module EditorStyle (166)
[2017.04.01-19.32.20:994][545]LogModuleManager: Shutting down and abandoning module SourceCodeAccess (164)
[2017.04.01-19.32.20:994][545]LogModuleManager: Shutting down and abandoning module HeadMountedDisplay (162)
[2017.04.01-19.32.20:994][545]LogModuleManager: Shutting down and abandoning module XAudio2 (160)
[2017.04.01-19.32.20:995][545]LogModuleManager: Shutting down and abandoning module Networking (158)
[2017.04.01-19.32.20:995][545]LogModuleManager: Shutting down and abandoning module Core (154)
[2017.04.01-19.32.20:995][545]LogModuleManager: Shutting down and abandoning module AssetRegistry (152)
[2017.04.01-19.32.21:182][545]LogDirectoryWatcher: A directory notification for '../../../Engine/Content/' was aborted.
[2017.04.01-19.32.21:182][545]LogDirectoryWatcher: A directory notification for 'D:/User/Documents/Tower-Defence/Content/' was aborted.
[2017.04.01-19.32.21:182][545]LogDirectoryWatcher: A directory notification for '../../../Engine/Plugins/2D/Paper2D/Content/' was aborted.
[2017.04.01-19.32.21:182][545]LogDirectoryWatcher: A directory notification for '../../../Engine/Plugins/Marketplace/LowEntryExtStdLib/Content/' was aborted.
[2017.04.01-19.32.21:182][545]LogModuleManager: Shutting down and abandoning module DirectoryWatcher (151)
[2017.04.01-19.32.21:182][545]LogModuleManager: Shutting down and abandoning module KismetCompiler (148)
[2017.04.01-19.32.21:182][545]LogModuleManager: Shutting down and abandoning module PhysXFormats (146)
[2017.04.01-19.32.21:182][545]LogModuleManager: Shutting down and abandoning module MeshUtilities (144)
[2017.04.01-19.32.21:183][545]LogModuleManager: Shutting down and abandoning module SimplygonSwarm (143)
[2017.04.01-19.32.21:183][545]LogModuleManager: Shutting down and abandoning module SimplygonMeshReduction (141)
[2017.04.01-19.32.21:183][545]LogModuleManager: Shutting down and abandoning module QuadricMeshReduction (139)
[2017.04.01-19.32.21:183][545]LogModuleManager: Shutting down and abandoning module PropertyEditor (137)
[2017.04.01-19.32.21:183][545]LogModuleManager: Shutting down and abandoning module DerivedDataCache (134)
[2017.04.01-19.32.21:598][545]LogDerivedDataCache: Shutdown
[2017.04.01-19.32.21:598][545]LogModuleManager: Shutting down and abandoning module TargetPlatform (132)
[2017.04.01-19.32.21:598][545]LogModuleManager: Shutting down and abandoning module VulkanShaderFormat (131)
[2017.04.01-19.32.21:598][545]LogModuleManager: Shutting down and abandoning module ShaderFormatOpenGL (129)
[2017.04.01-19.32.21:598][545]LogModuleManager: Shutting down and abandoning module ShaderFormatD3D (127)
[2017.04.01-19.32.21:598][545]LogModuleManager: Shutting down and abandoning module MetalShaderFormat (125)
[2017.04.01-19.32.21:598][545]LogModuleManager: Shutting down and abandoning module TextureFormatUncompressed (123)
[2017.04.01-19.32.21:598][545]LogModuleManager: Shutting down and abandoning module TextureFormatPVR (121)
[2017.04.01-19.32.21:598][545]LogModuleManager: Shutting down and abandoning module TextureFormatDXT (119)
[2017.04.01-19.32.21:598][545]LogModuleManager: Shutting down and abandoning module TextureFormatIntelISPCTexComp (117)
[2017.04.01-19.32.21:598][545]LogModuleManager: Shutting down and abandoning module TextureFormatASTC (115)
[2017.04.01-19.32.21:598][545]LogModuleManager: Shutting down and abandoning module ImageWrapper (114)
[2017.04.01-19.32.21:598][545]LogModuleManager: Shutting down and abandoning module TextureFormatAndroid (111)
[2017.04.01-19.32.21:598][545]LogModuleManager: Shutting down and abandoning module AudioFormatOpus (109)
[2017.04.01-19.32.21:598][545]LogModuleManager: Shutting down and abandoning module AudioFormatOgg (107)
[2017.04.01-19.32.21:598][545]LogModuleManager: Shutting down and abandoning module AudioFormatADPCM (105)
[2017.04.01-19.32.21:598][545]LogModuleManager: Shutting down and abandoning module LinuxTargetPlatform (103)
[2017.04.01-19.32.21:598][545]LogModuleManager: Shutting down and abandoning module LinuxServerTargetPlatform (101)
[2017.04.01-19.32.21:598][545]LogModuleManager: Shutting down and abandoning module LinuxNoEditorTargetPlatform (99)
[2017.04.01-19.32.21:598][545]LogModuleManager: Shutting down and abandoning module LinuxClientTargetPlatform (97)
[2017.04.01-19.32.21:598][545]LogModuleManager: Shutting down and abandoning module TVOSTargetPlatform (95)
[2017.04.01-19.32.21:598][545]LogModuleManager: Shutting down and abandoning module Messaging (93)
[2017.04.01-19.32.21:598][545]LogModuleManager: Shutting down and abandoning module IOSTargetPlatform (91)
[2017.04.01-19.32.21:598][545]LogModuleManager: Shutting down and abandoning module HTML5TargetPlatform (89)
[2017.04.01-19.32.21:598][545]LogModuleManager: Shutting down and abandoning module Android_PVRTCTargetPlatform (87)
[2017.04.01-19.32.21:598][545]LogModuleManager: Shutting down and abandoning module Android_MultiTargetPlatform (85)
[2017.04.01-19.32.21:598][545]LogModuleManager: Shutting down and abandoning module Android_ETC2TargetPlatform (83)
[2017.04.01-19.32.21:598][545]LogModuleManager: Shutting down and abandoning module Android_ETC1TargetPlatform (81)
[2017.04.01-19.32.21:598][545]LogModuleManager: Shutting down and abandoning module Android_DXTTargetPlatform (79)
[2017.04.01-19.32.21:598][545]LogModuleManager: Shutting down and abandoning module Android_ATCTargetPlatform (77)
[2017.04.01-19.32.21:598][545]LogModuleManager: Shutting down and abandoning module Android_ASTCTargetPlatform (75)
[2017.04.01-19.32.21:598][545]LogModuleManager: Shutting down and abandoning module AndroidTargetPlatform (73)
[2017.04.01-19.32.21:598][545]LogModuleManager: Shutting down and abandoning module WindowsTargetPlatform (71)
[2017.04.01-19.32.21:598][545]LogModuleManager: Shutting down and abandoning module WindowsServerTargetPlatform (69)
[2017.04.01-19.32.21:598][545]LogModuleManager: Shutting down and abandoning module WindowsNoEditorTargetPlatform (67)
[2017.04.01-19.32.21:598][545]LogModuleManager: Shutting down and abandoning module WindowsClientTargetPlatform (65)
[2017.04.01-19.32.21:598][545]LogModuleManager: Shutting down and abandoning module MacTargetPlatform (63)
[2017.04.01-19.32.21:598][545]LogModuleManager: Shutting down and abandoning module MacServerTargetPlatform (61)
[2017.04.01-19.32.21:598][545]LogModuleManager: Shutting down and abandoning module MacNoEditorTargetPlatform (59)
[2017.04.01-19.32.21:598][545]LogModuleManager: Shutting down and abandoning module MacClientTargetPlatform (57)
[2017.04.01-19.32.21:598][545]LogModuleManager: Shutting down and abandoning module AllDesktopTargetPlatform (55)
[2017.04.01-19.32.21:598][545]LogModuleManager: Shutting down and abandoning module InputCore (52)
[2017.04.01-19.32.21:598][545]LogModuleManager: Shutting down and abandoning module Settings (50)
[2017.04.01-19.32.21:598][545]LogModuleManager: Shutting down and abandoning module OculusRift (48)
[2017.04.01-19.32.21:598][545]LogModuleManager: Shutting down and abandoning module GearVR (46)
[2017.04.01-19.32.21:598][545]LogModuleManager: Shutting down and abandoning module ExampleDeviceProfileSelector (44)
[2017.04.01-19.32.21:598][545]LogModuleManager: Shutting down and abandoning module OnlineBlueprintSupport (42)
[2017.04.01-19.32.21:598][545]LogModuleManager: Shutting down and abandoning module OnlineSubsystem (38)
[2017.04.01-19.32.21:598][545]LogOnline:Display: Unloading online subsystem: NULL
[2017.04.01-19.32.21:598][545]LogModuleManager: Shutting down and abandoning module XMPP (37)
[2017.04.01-19.32.21:598][545]LogModuleManager: Shutting down and abandoning module HTTP (35)
[2017.04.01-19.32.21:598][545]LogHttp:Display: Http module shutting down, but needs to wait on 1 outstanding Http requests:
[2017.04.01-19.32.21:598][545]LogHttp:Display: 	verb=[POST] url=[https://datarouter.ol.epicgames.com/datarouter/api/v1/public/data?SessionID=%7B3886473D-4FCE-03D1-9949-4AB3F3F28AFC%7D&AppID=UEEditor.Rocket.Release&AppVersion=4.15.1-3348071%2B%2B%2BUE4%2BRelease-4.15&UserID=37a79b574f7bf5a5e3ee2f951a352b48%7Cecb1a0bea2164e2d8ab1996a8c11891e%7Cf7af2c44-be3f-455e-ab21-9728a7f7ab41&AppEnvironment=datacollector-binary&UploadType=eteventstream] status=Processing
[2017.04.01-19.32.21:620][545]LogModuleManager: Shutting down and abandoning module SSL (34)
[2017.04.01-19.32.21:621][545]LogModuleManager: Shutting down and abandoning module AudioEditor (30)
[2017.04.01-19.32.21:621][545]LogModuleManager: Shutting down and abandoning module TextureCompressor (28)
[2017.04.01-19.32.21:621][545]LogModuleManager: Shutting down and abandoning module ShaderCore (26)
[2017.04.01-19.32.21:621][545]LogModuleManager: Shutting down and abandoning module Landscape (24)
[2017.04.01-19.32.21:621][545]LogModuleManager: Shutting down and abandoning module SlateRHIRenderer (22)
[2017.04.01-19.32.21:622][545]LogModuleManager: Shutting down and abandoning module OpenGLDrv (20)
[2017.04.01-19.32.21:622][545]LogModuleManager: Shutting down and abandoning module D3D11RHI (18)
[2017.04.01-19.32.21:622][545]LogModuleManager: Shutting down and abandoning module AnimGraphRuntime (16)
[2017.04.01-19.32.21:622][545]LogModuleManager: Shutting down and abandoning module Renderer (14)
[2017.04.01-19.32.21:622][545]LogModuleManager: Shutting down and abandoning module Engine (12)
[2017.04.01-19.32.21:622][545]LogModuleManager: Shutting down and abandoning module CoreUObject (10)
[2017.04.01-19.32.21:622][545]LogModuleManager: Shutting down and abandoning module NetworkFile (8)
[2017.04.01-19.32.21:622][545]LogModuleManager: Shutting down and abandoning module StreamingFile (6)
[2017.04.01-19.32.21:622][545]LogModuleManager: Shutting down and abandoning module SandboxFile (4)
[2017.04.01-19.32.21:622][545]LogModuleManager: Shutting down and abandoning module PakFile (2)
[2017.04.01-19.32.21:623][545]LogExit: Exiting.
[2017.04.01-19.32.21:624][545]Log file closed, 04/01/17 21:32:21
