Log file open, 04/02/17 12:43:24
LogInit:Display: Running engine for game: RTS_TowerDefense
LogPlatformFile: Not using cached read wrapper
LogInit:Display: RandInit(-603487530) SRandInit(-603487530).
LogTaskGraph: Started task graph with 5 named threads and 8 total threads with 1 sets of task threads.
LogStats: Stats thread started at 0.068085
LogInit: Using libcurl 7.47.1
LogInit:  - built for x86_64-pc-win32
LogInit:  - supports SSL with OpenSSL/1.0.2g
LogInit:  - supports HTTP deflate (compression) using libz 1.2.8
LogInit:  - other features:
LogInit:      CURL_VERSION_SSL
LogInit:      CURL_VERSION_LIBZ
LogInit:      CURL_VERSION_IPV6
LogInit:      CURL_VERSION_ASYNCHDNS
LogInit:      CURL_VERSION_LARGEFILE
LogInit:      CURL_VERSION_IDN
LogInit:  CurlRequestOptions (configurable via config and command line):
LogInit:  - bVerifyPeer = false  - Libcurl will NOT verify peer certificate
LogInit:  - bUseHttpProxy = false  - Libcurl will NOT use HTTP proxy
LogInit:  - bDontReuseConnections = false  - Libcurl will reuse connections
LogInit:  - CertBundlePath = nullptr  - Libcurl will use whatever was configured at build time.
LogInit: Build: ++UE4+Release-4.15-CL-3348071
LogInit: Engine Version: 4.15.1-3348071+++UE4+Release-4.15
LogInit: Compatible Engine Version: 4.15.0-3299760+++UE4+Release-4.15
LogInit: Net CL: 3299760
LogDevObjectVersion: Number of dev versions registered: 14
LogDevObjectVersion:   Dev-Blueprints (B0D832E4-1F89-4F0D-ACCF-7EB736FD4AA2): 8
LogDevObjectVersion:   Dev-Build (E1C64328-A22C-4D53-A36C-8E866417BD8C): 0
LogDevObjectVersion:   Dev-Core (375EC13C-06E4-48FB-B500-84F0262A717E): 2
LogDevObjectVersion:   Dev-Editor (E4B068ED-F494-42E9-A231-DA0B2E46BB41): 14
LogDevObjectVersion:   Dev-Framework (CFFC743F-43B0-4480-9391-14DF171D2073): 22
LogDevObjectVersion:   Dev-Mobile (B02B49B5-BB20-44E9-A304-32B752E40360): 0
LogDevObjectVersion:   Dev-Networking (A4E4105C-59A1-49B5-A7C5-40C4547EDFEE): 0
LogDevObjectVersion:   Dev-Online (39C831C9-5AE6-47DC-9A44-9C173E1C8E7C): 0
LogDevObjectVersion:   Dev-Physics (78F01B33-EBEA-4F98-B9B4-84EACCB95AA2): 0
LogDevObjectVersion:   Dev-Platform (6631380F-2D4D-43E0-8009-CF276956A95A): 0
LogDevObjectVersion:   Dev-Rendering (12F88B9F-8875-4AFC-A67C-D90C383ABD29): 12
LogDevObjectVersion:   Dev-Sequencer (7B5AE74C-D270-4C10-A958-57980B212A5A): 3
LogDevObjectVersion:   Dev-VR (D7296918-1DD6-4BDD-9DE2-64A83CC13884): 0
LogDevObjectVersion:   Dev-LoadTimes (C2A15278-BFE7-4AFE-6C17-90FF531DF755): 1
LogInit: Compiled (64-bit): Mar 15 2017 16:52:47
LogInit: Compiled with Visual C++: 19.00.23026.00
LogInit: Build Configuration: Development
LogInit: Branch Name: ++UE4+Release-4.15
LogInit: Command line: -EpicPortal 
LogInit: Base directory: C:/Program Files/Epic Games/UE_4.15/Engine/Binaries/Win64/
LogInit: Installed Engine Build: 1
LogInit: Presizing for max 8388607 objects, including 0 objects not considered by GC, pre-allocating 0 bytes for permanent pool.
LogInit: Object subsystem initialized
[2017.04.02-10.43.25:109][  0]LogInit: Selected Device Profile: [Windows]
[2017.04.02-10.43.25:109][  0]LogInit: Applying CVar settings loaded from the selected device profile: [Windows]
[2017.04.02-10.43.25:140][  0]LogInit: Computer: DESKTOP-9FJ45NO
[2017.04.02-10.43.25:140][  0]LogInit: User: Meuleman
[2017.04.02-10.43.25:140][  0]LogInit: CPU Page size=65536, Cores=4
[2017.04.02-10.43.25:140][  0]LogInit: High frequency timer resolution =3.519817 MHz
[2017.04.02-10.43.25:140][  0]LogMemory: Memory total: Physical=15.9GB (16GB approx)
[2017.04.02-10.43.25:140][  0]LogMemory: Platform Memory Stats for Windows
[2017.04.02-10.43.25:140][  0]LogMemory: Process Physical Memory: 263.24 MB used, 263.24 MB peak
[2017.04.02-10.43.25:140][  0]LogMemory: Process Virtual Memory: 262.36 MB used, 262.36 MB peak
[2017.04.02-10.43.25:140][  0]LogMemory: Physical Memory: 4384.13 MB used,  11942.03 MB free, 16326.16 MB total
[2017.04.02-10.43.25:140][  0]LogMemory: Virtual Memory: 644.40 MB used,  11942.03 MB free, 134217728.00 MB total
[2017.04.02-10.43.25:202][  0]LogTextLocalizationManager: No translations for ('fr-FR') exist, falling back to 'en' for localization and internationalization data.
[2017.04.02-10.43.25:703][  0]LogD3D11RHI: D3D11 adapters:
[2017.04.02-10.43.26:177][  0]LogD3D11RHI:    0. 'NVIDIA GeForce GTX 970' (Feature Level 11_0)
[2017.04.02-10.43.26:177][  0]LogD3D11RHI:       4059/0/8163 MB DedicatedVideo/DedicatedSystem/SharedSystem, Outputs:2, VendorId:0x10de
[2017.04.02-10.43.26:178][  0]LogD3D11RHI:    1. 'Microsoft Basic Render Driver' (Feature Level 11_0)
[2017.04.02-10.43.26:178][  0]LogD3D11RHI:       0/0/8163 MB DedicatedVideo/DedicatedSystem/SharedSystem, Outputs:0, VendorId:0x1414
[2017.04.02-10.43.26:178][  0]LogD3D11RHI: Chosen D3D11 Adapter: 0
[2017.04.02-10.43.26:181][  0]LogD3D11RHI: Creating new Direct3DDevice
[2017.04.02-10.43.26:181][  0]LogD3D11RHI:     GPU DeviceId: 0x13c2 (for the marketing name, search the web for "GPU Device Id")
[2017.04.02-10.43.26:181][  0]LogWindows: EnumDisplayDevices:
[2017.04.02-10.43.26:181][  0]LogWindows:    0. 'NVIDIA GeForce GTX 970' (P:1 D:1)
[2017.04.02-10.43.26:181][  0]LogWindows:    1. 'NVIDIA GeForce GTX 970' (P:0 D:0)
[2017.04.02-10.43.26:181][  0]LogWindows:    2. 'NVIDIA GeForce GTX 970' (P:0 D:1)
[2017.04.02-10.43.26:181][  0]LogWindows:    3. 'NVIDIA GeForce GTX 970' (P:0 D:0)
[2017.04.02-10.43.26:182][  0]LogWindows: DebugString: FoundDriverCount:4 
[2017.04.02-10.43.26:182][  0]LogD3D11RHI:     Adapter Name: NVIDIA GeForce GTX 970
[2017.04.02-10.43.26:182][  0]LogD3D11RHI:   Driver Version: 378.66 (internal:21.21.13.7866, unified:378.66)
[2017.04.02-10.43.26:182][  0]LogD3D11RHI:      Driver Date: 2-9-2017
[2017.04.02-10.43.26:182][  0]LogRHI: Texture pool is 1361 MB (70% of 1945 MB)
[2017.04.02-10.43.26:615][  0]LogD3D11RHI: Async texture creation enabled
[2017.04.02-10.43.26:755][  0]LogD3D11RHI: GPU Timing Frequency: 1000.000000 (Debug: 2 1)
[2017.04.02-10.43.26:854][  0]LogShaderCompilers: Guid format shader working directory is 18 characters bigger than the processId version (D:/User/Documents/Tower-Defence/Intermediate/Shaders/WorkingDirectory/3692/).
[2017.04.02-10.43.26:854][  0]LogShaderCompilers: Cleaned the shader compiler working directory 'C:/Users/Meuleman/AppData/Local/Temp/UnrealShaderWorkingDir/B70DB41B4C3594418E62799510BAD0B9/'.
[2017.04.02-10.43.26:854][  0]LogShaderCompilers:Display: Using Local Shader Compiler.
[2017.04.02-10.43.27:739][  0]LogTemp:Display: Loaded TP AllDesktopTargetPlatform
[2017.04.02-10.43.27:782][  0]LogTemp:Display: Loaded TP MacClientTargetPlatform
[2017.04.02-10.43.27:825][  0]LogTemp:Display: Loaded TP MacNoEditorTargetPlatform
[2017.04.02-10.43.27:868][  0]LogTemp:Display: Loaded TP MacServerTargetPlatform
[2017.04.02-10.43.27:911][  0]LogTemp:Display: Loaded TP MacTargetPlatform
[2017.04.02-10.43.27:954][  0]LogTemp:Display: Loaded TP WindowsClientTargetPlatform
[2017.04.02-10.43.27:998][  0]LogTemp:Display: Loaded TP WindowsNoEditorTargetPlatform
[2017.04.02-10.43.28:041][  0]LogTemp:Display: Loaded TP WindowsServerTargetPlatform
[2017.04.02-10.43.28:075][  0]LogTemp:Display: Loaded TP WindowsTargetPlatform
[2017.04.02-10.43.28:117][  0]LogTemp:Display: Loaded TP AndroidTargetPlatform
[2017.04.02-10.43.28:159][  0]LogTemp:Display: Loaded TP Android_ASTCTargetPlatform
[2017.04.02-10.43.28:201][  0]LogTemp:Display: Loaded TP Android_ATCTargetPlatform
[2017.04.02-10.43.28:243][  0]LogTemp:Display: Loaded TP Android_DXTTargetPlatform
[2017.04.02-10.43.28:286][  0]LogTemp:Display: Loaded TP Android_ETC1TargetPlatform
[2017.04.02-10.43.28:328][  0]LogTemp:Display: Loaded TP Android_ETC2TargetPlatform
[2017.04.02-10.43.28:413][  0]LogTemp:Display: Loaded TP Android_MultiTargetPlatform
[2017.04.02-10.43.28:413][  0]LogTemp:Display: Loaded TP Android_PVRTCTargetPlatform
[2017.04.02-10.43.28:441][  0]LogTemp:Display: Loaded TP HTML5TargetPlatform
[2017.04.02-10.43.28:521][  0]LogTemp:Display: Loaded TP IOSTargetPlatform
[2017.04.02-10.43.28:549][  0]LogTemp:Display: Loaded TP TVOSTargetPlatform
[2017.04.02-10.43.28:590][  0]LogTemp:Display: Loaded TP LinuxClientTargetPlatform
[2017.04.02-10.43.28:632][  0]LogTemp:Display: Loaded TP LinuxNoEditorTargetPlatform
[2017.04.02-10.43.28:673][  0]LogTemp:Display: Loaded TP LinuxServerTargetPlatform
[2017.04.02-10.43.28:716][  0]LogTemp:Display: Loaded TP LinuxTargetPlatform
[2017.04.02-10.43.28:716][  0]LogTargetPlatformManager:Display: Building Assets For Windows
[2017.04.02-10.43.29:044][  0]LogDerivedDataCache:Display: Max Cache Size: 512 MB
[2017.04.02-10.43.29:085][  0]LogDerivedDataCache: Loaded boot cache 0.04s 50MB C:/Users/Meuleman/AppData/Local/UnrealEngine/4.15/DerivedDataCache/Boot.ddc.
[2017.04.02-10.43.29:085][  0]LogDerivedDataCache:Display: Loaded Boot cache: C:/Users/Meuleman/AppData/Local/UnrealEngine/4.15/DerivedDataCache/Boot.ddc
[2017.04.02-10.43.29:085][  0]LogDerivedDataCache: FDerivedDataBackendGraph:  Pak pak cache file D:/User/Documents/Tower-Defence/DerivedDataCache/DDC.ddp not found, will not use a pak cache.
[2017.04.02-10.43.29:085][  0]LogDerivedDataCache: Unable to find inner node Pak for hierarchical cache Hierarchy.
[2017.04.02-10.43.29:086][  0]LogDerivedDataCache: FDerivedDataBackendGraph:  CompressedPak pak cache file D:/User/Documents/Tower-Defence/DerivedDataCache/Compressed.ddp not found, will not use a pak cache.
[2017.04.02-10.43.29:086][  0]LogDerivedDataCache: Unable to find inner node CompressedPak for hierarchical cache Hierarchy.
[2017.04.02-10.43.29:101][  0]LogDerivedDataCache:Display: Pak cache opened for reading ../../../Engine/DerivedDataCache/Compressed.ddp.
[2017.04.02-10.43.29:112][  0]LogDerivedDataCache: Using Local data cache path C:/Users/Meuleman/AppData/Local/UnrealEngine/Common/DerivedDataCache: Writable
[2017.04.02-10.43.29:120][  0]LogSlate: Using Freetype 2.6.0
[2017.04.02-10.43.29:120][  0]LogSlate: SlateFontCache - WITH_FREETYPE: 1, WITH_HARFBUZZ: 1
[2017.04.02-10.43.29:120][  0]LogSlate: SlateFontCache - WITH_FREETYPE: 1, WITH_HARFBUZZ: 1
[2017.04.02-10.43.29:317][  0]LogInit: Selected Device Profile: [Windows]
[2017.04.02-10.43.29:319][  0]LogContentStreaming: Texture pool size is 0.00 MB
[2017.04.02-10.43.29:480][  0]LogMeshUtilities: Using QuadricMeshReduction for automatic static mesh reduction
[2017.04.02-10.43.29:514][  0]LogSimplygon: Simplygon DLL not present - disabling.
[2017.04.02-10.43.29:550][  0]LogMeshUtilities: Using SimplygonSwarm for distributed automatic mesh merging
[2017.04.02-10.43.29:550][  0]LogMeshUtilities: No automatic skeletal mesh reduction module available
[2017.04.02-10.43.29:550][  0]LogMeshUtilities: No automatic mesh merging module available
[2017.04.02-10.43.29:960][  0]LogNetVersion: GetLocalNetworkVersion: CL: 3299760, ProjectName: rts_towerdefense, ProjectVersion: , EngineNetworkVersion: 2, GameNetworkVersion: 0, NetworkChecksum: 4106176920
[2017.04.02-10.43.29:999][  0]LogAssetRegistry: FAssetRegistry took 0.0213 seconds to start up
[2017.04.02-10.43.30:095][  0]LogPackageLocalizationCache: Processed 4 localized package path(s) for 1 prioritized culture(s) in 0.080535 seconds
[2017.04.02-10.43.30:107][  0]LogUObjectArray: 32493 objects as part of root set at end of initial load.
[2017.04.02-10.43.30:108][  0]LogUObjectAllocator: 7077032 out of 0 bytes used by permanent object pool.
[2017.04.02-10.43.30:108][  0]LogUObjectArray: CloseDisregardForGC: 0/0 objects in disregard for GC pool
[2017.04.02-10.43.30:182][  0]LogInit: WinSock: version 1.1 (2.2), MaxSocks=32767, MaxUdp=65467
[2017.04.02-10.43.31:693][  0]LogTcpMessaging: Initializing TcpMessaging bridge
[2017.04.02-10.43.31:725][  0]LogUdpMessaging: Initializing bridge on interface 0.0.0.0:0 to multicast group 230.0.0.1:6666.
[2017.04.02-10.43.32:101][  0]LogMaterial: Uniform references updated for custom material expression Custom.
[2017.04.02-10.43.32:381][  0]SourceControl: Info Source control is disabled
[2017.04.02-10.43.32:381][  0]SourceControl: Info Source control is disabled
[2017.04.02-10.43.32:416][  0]SourceControl: Info Source control is disabled
[2017.04.02-10.43.32:449][  0]SourceControl: Info Source control is disabled
[2017.04.02-10.43.33:394][  0]LogEngine: Initializing Engine...
[2017.04.02-10.43.33:395][  0]LogHMD: Failed to initialize OpenVR with code 110
[2017.04.02-10.43.33:572][  0]LogAIModule: Creating AISystem for world Untitled
[2017.04.02-10.43.33:584][  0]LogInit: XAudio2 using 'Haut-parleurs (Realtek High Definition Audio)' : 2 channels at 48 kHz using 32 bits per sample (channel mask 0x3)
[2017.04.02-10.43.33:594][  0]LogInit: FAudioDevice initialized.
[2017.04.02-10.43.33:615][  0]LogDerivedDataCache: Saved boot cache 0.02s 50MB C:/Users/Meuleman/AppData/Local/UnrealEngine/4.15/DerivedDataCache/Boot.ddc.
[2017.04.02-10.43.33:619][  0]LogInit: Texture streaming: Enabled
[2017.04.02-10.43.33:692][  0]LogEngineSessionManager: EngineSessionManager initialized
[2017.04.02-10.43.33:759][  0]LogInit: Transaction tracking system initialized
[2017.04.02-10.43.34:025][  0]BlueprintLog: New page: Editor Load
[2017.04.02-10.43.34:714][  0]LocalizationService: Info Localization service is disabled
[2017.04.02-10.43.35:226][  0]LogConsoleResponse:Display: 
[2017.04.02-10.43.35:337][  0]LogCook:Display: Max memory allowance for cook 16384mb min free memory 0mb
[2017.04.02-10.43.35:337][  0]LogCook:Display: Mobile HDR setting 1
[2017.04.02-10.43.36:123][  0]LogFileCache: Scanning file cache for directory 'D:/User/Documents/Tower-Defence/Content/' took 0.04s
[2017.04.02-10.43.36:123][  0]SourceControl: Info Source control is disabled
[2017.04.02-10.43.36:123][  0]Cmd: MAP LOAD FILE="D:/User/Documents/Tower-Defence/Content/RTS_TowerDefense/Maps/RTS_TestMap.umap" TEMPLATE=0 SHOWPROGRESS=1 FEATURELEVEL=3
[2017.04.02-10.43.36:124][  0]LightingResults: New page: Lighting Build
[2017.04.02-10.43.36:155][  0]MapCheck: New page: Map Check
[2017.04.02-10.43.36:155][  0]LightingResults: New page: Lighting Build
[2017.04.02-10.43.38:431][  0]LogClass:Warning: Enum '/Game/RTS_TowerDefense/Enums/GameSpeed_Enum.GameSpeed_ENUM' was upgraded to use FText to store its display name data. Please re-save this asset to avoid issues with localization and determinstic cooking.
[2017.04.02-10.43.38:627][  0]LogBlueprint:Warning: [Compiler CameraPawnController] Warning  Set Input Mode Game And UI (Deprecated)  is deprecated; Use the new version of Set Input Mode Game And UI instead
[2017.04.02-10.43.38:644][  0]LogBlueprint:Warning: [Compiler CameraPawnController] Warning [0016.25] Compile of CameraPawnController successful, but with 1 Warning(s) [in 38 ms] (/Game/RTS_TowerDefense/Blueprints/CameraPawnController.CameraPawnController)
[2017.04.02-10.43.38:646][  0]LogBlueprint:Warning: [Compiler CameraPawnController] Warning [0016.25] Compile of CameraPawnController successful, but with 2 Warning(s) [in 2 ms] (/Game/RTS_TowerDefense/Blueprints/CameraPawnController.CameraPawnController)
[2017.04.02-10.43.38:646][  0]LogBlueprint:Warning: [Compiler CameraPawnController] Warning [0016.25] Compile of CameraPawnController successful, but with 3 Warning(s) [in 0 ms] (/Game/RTS_TowerDefense/Blueprints/CameraPawnController.CameraPawnController)
[2017.04.02-10.43.39:013][  0]LogBlueprint:Warning: [Compiler CameraPawnController] Warning  Set Input Mode Game And UI (Deprecated)  is deprecated; Use the new version of Set Input Mode Game And UI instead
[2017.04.02-10.43.39:038][  0]LogBlueprint:Warning: [Compiler CameraPawnController] Warning [0016.64] Compile of CameraPawnController successful, but with 1 Warning(s) [in 58 ms] (/Game/RTS_TowerDefense/Blueprints/CameraPawnController.CameraPawnController)
[2017.04.02-10.43.39:038][  0]LogBlueprint:Warning: [Compiler CameraPawnController] Warning [0016.64] Compile of CameraPawnController successful, but with 2 Warning(s) [in 0 ms] (/Game/RTS_TowerDefense/Blueprints/CameraPawnController.CameraPawnController)
[2017.04.02-10.43.39:041][  0]LogBlueprint:Warning: [Compiler CameraPawnController] Warning [0016.64] Compile of CameraPawnController successful, but with 3 Warning(s) [in 3 ms] (/Game/RTS_TowerDefense/Blueprints/CameraPawnController.CameraPawnController)
[2017.04.02-10.43.40:247][  0]LogClass:Warning: Enum '/Game/RTS_TowerDefense/Enums/NPCSexType_ENUM.NPCSexType_ENUM' was upgraded to use FText to store its display name data. Please re-save this asset to avoid issues with localization and determinstic cooking.
[2017.04.02-10.43.40:285][  0]LogClass:Warning: Enum '/Game/RTS_TowerDefense/Enums/MonthNames_ENUM.MonthNames_ENUM' was upgraded to use FText to store its display name data. Please re-save this asset to avoid issues with localization and determinstic cooking.
[2017.04.02-10.43.40:675][  0]LogClass:Warning: Enum '/Game/RTS_TowerDefense/Enums/NPCNameMale_ENUM.NPCNameMale_ENUM' was upgraded to use FText to store its display name data. Please re-save this asset to avoid issues with localization and determinstic cooking.
[2017.04.02-10.43.40:675][  0]LogClass:Warning: Enum '/Game/RTS_TowerDefense/Enums/NPCNameFemale_ENUM.NPCNameFemale_ENUM' was upgraded to use FText to store its display name data. Please re-save this asset to avoid issues with localization and determinstic cooking.
[2017.04.02-10.43.40:708][  0]LogAIModule: Creating AISystem for world RTS_TestMap
[2017.04.02-10.43.41:220][  0]LogEditorServer: Finished looking for orphan Actors (0.000 secs)
[2017.04.02-10.43.41:229][  0]Cmd: MAP CHECKDEP NOCLEARLOG
[2017.04.02-10.43.41:268][  0]MapCheck: Info Map check complete: 0 Error(s), 0 Warning(s), took 38.539ms to complete.
[2017.04.02-10.43.41:268][  0]LogFileHelpers: Loading map 'RTS_TestMap' took 5.144
[2017.04.02-10.43.41:355][  0]LogWindowsTextInputMethodSystem:Display: IME system now deactivated.
[2017.04.02-10.43.41:554][  0]LogCollectionManager: Loaded 0 collections in 0.001664 seconds
[2017.04.02-10.43.41:704][  0]LogFileCache: Scanning file cache for directory 'D:/User/Documents/Tower-Defence/Saved/Collections/' took 0.01s
[2017.04.02-10.43.41:704][  0]LogFileCache: Scanning file cache for directory 'D:/User/Documents/Tower-Defence/Content/Developers/Meuleman/Collections/' took 0.01s
[2017.04.02-10.43.41:704][  0]LogFileCache: Scanning file cache for directory 'D:/User/Documents/Tower-Defence/Content/Collections/' took 0.01s
[2017.04.02-10.43.41:704][  0]LogCollectionManager: Rebuilt the GUID cache for 0 collections in 0.000003 seconds
[2017.04.02-10.43.41:723][  0]LogContentBrowser: Native class hierarchy populated in 0.0168 seconds. Added 2270 classes and 462 folders.
[2017.04.02-10.43.41:732][  0]LogStats: UGameplayTagsManager::ConstructGameplayTagTree: Construct from data asset -  0.000 s
[2017.04.02-10.43.41:733][  0]LogStats: UGameplayTagsManager::ConstructGameplayTagTree: GameplayTagTreeChangedEvent.Broadcast -  0.000 s
[2017.04.02-10.43.41:803][  0]LogContentBrowser: Native class hierarchy updated for 'WidgetCarousel' in 0.0006 seconds. Added 0 classes and 0 folders.
[2017.04.02-10.43.42:078][  0]LogContentBrowser: Native class hierarchy updated for 'AddContentDialog' in 0.0005 seconds. Added 0 classes and 0 folders.
[2017.04.02-10.43.42:116][  0]LogContentBrowser: Native class hierarchy updated for 'SceneOutliner' in 0.0005 seconds. Added 1 classes and 2 folders.
[2017.04.02-10.43.42:351][  0]LogCrashTracker: Crashtracker disabled due to settings.
[2017.04.02-10.43.42:360][  0]LogUObjectGlobals:Warning: Failed to find object 'Class None.'
[2017.04.02-10.43.42:420][  0]LogContentBrowser: Native class hierarchy updated for 'HierarchicalLODOutliner' in 0.0005 seconds. Added 1 classes and 2 folders.
[2017.04.02-10.43.42:420][  0]LogLoad: (Engine Initialization) Total time: 20.02 seconds
[2017.04.02-10.43.42:420][  0]LogLoad: (Engine Initialization) Total Blueprint compile time: 0.69 seconds
[2017.04.02-10.43.42:420][  0]LogExternalProfiler: Found external profiler: VSPerf
[2017.04.02-10.43.42:420][  0]LogExternalProfiler: Using external profiler: VSPerf
[2017.04.02-10.43.42:429][  0]LogOcInput: OculusInput pre-init called
[2017.04.02-10.43.42:449][  0]LogContentStreaming: Texture pool size now 1000 MB
[2017.04.02-10.43.42:450][  0]LogSlate: Took 0.000199 seconds to synchronously load lazily loaded font '../../../Engine/Content/Slate/Fonts/Roboto-Regular.ttf' (155K)
[2017.04.02-10.43.42:453][  0]LogSlate: Took 0.000202 seconds to synchronously load lazily loaded font '../../../Engine/Content/Slate/Fonts/Roboto-Bold.ttf' (160K)
[2017.04.02-10.43.42:463][  0]LogSlate: Took 0.004586 seconds to synchronously load lazily loaded font '../../../Engine/Content/Editor/Slate/Fonts/FontAwesome.ttf' (139K)
[2017.04.02-10.43.42:608][  0]LogRenderer: Reallocating scene render targets to support 1208x576 NumSamples 1 (Frame:2).
[2017.04.02-10.43.42:676][  0]LogSlate: Took 0.003974 seconds to synchronously load lazily loaded font '../../../Engine/Content/Slate/Fonts/Roboto-Light.ttf' (159K)
[2017.04.02-10.43.42:851][  3]LogAssetRegistry: Asset discovery search completed in 12.8737 seconds
[2017.04.02-10.43.42:851][  3]LogCollectionManager: Rebuilt the object cache for 0 collections in 0.000006 seconds (found 0 objects)
[2017.04.02-10.43.42:851][  3]LogCollectionManager: Fixed up redirectors for 0 collections in 0.000017 seconds (updated 0 objects)
[2017.04.02-10.43.43:457][ 71]LogSlate: Took 0.000156 seconds to synchronously load lazily loaded font '../../../Engine/Content/Slate/Fonts/Roboto-Light.ttf' (159K)
[2017.04.02-11.10.42:089][230]LogSlate: Took 0.000136 seconds to synchronously load lazily loaded font '../../../Engine/Content/Slate/Fonts/Roboto-Light.ttf' (159K)
[2017.04.02-11.10.42:409][230]LogLinker:Warning: Asset '../../../Engine/Plugins/Marketplace/LowEntryExtStdLib/Content/Blueprints/LowEntryExtendedStandardLibraryMacros.uasset' has been saved with empty engine version. The asset will be loaded but may be incompatible.
[2017.04.02-11.10.42:542][230]LogContentBrowser: Native class hierarchy updated for 'BlueprintGraph' in 0.0007 seconds. Added 112 classes and 0 folders.
[2017.04.02-11.10.43:100][230]LogSlate: Took 0.000193 seconds to synchronously load lazily loaded font '../../../Engine/Content/Slate/Fonts/Roboto-Regular.ttf' (155K)
[2017.04.02-11.10.43:206][230]LogSlate: Took 0.003351 seconds to synchronously load lazily loaded font '../../../Engine/Content/Editor/Slate/Fonts/Roboto-BoldCondensed.ttf' (158K)
[2017.04.02-11.10.43:407][231]LogSlate: Took 0.003209 seconds to synchronously load lazily loaded font '../../../Engine/Content/Editor/Slate/Fonts/Roboto-Italic.ttf' (157K)
[2017.04.02-11.23.01:351][566]LogTemp: Repeting last play command: New Editor Window (PIE)
[2017.04.02-11.23.01:375][566]LogBlueprintUserMessages: Early PlayInEditor Detection: Level '/Game/RTS_TowerDefense/Maps/RTS_TestMap.RTS_TestMap:PersistentLevel' has LevelScriptBlueprint '/Game/RTS_TowerDefense/Maps/RTS_TestMap.RTS_TestMap:PersistentLevel.RTS_TestMap' with GeneratedClass '/Game/RTS_TowerDefense/Maps/RTS_TestMap.RTS_TestMap_C' with ClassGeneratedBy '/Game/RTS_TowerDefense/Maps/RTS_TestMap.RTS_TestMap:PersistentLevel.RTS_TestMap'
[2017.04.02-11.23.01:375][566]LogPlayLevel: PlayLevel: No blueprints needed recompiling
[2017.04.02-11.23.01:376][566]PIE: New page: PIE session: RTS_TestMap (Apr 2, 2017, 3:23:01 PM)
[2017.04.02-11.23.01:376][566]LogPlayLevel: Creating play world package: /Game/RTS_TowerDefense/Maps/UEDPIE_0_RTS_TestMap
[2017.04.02-11.23.01:409][566]LogPlayLevel: PIE: StaticDuplicateObject took: (0.032464s)
[2017.04.02-11.23.01:410][566]LogAIModule: Creating AISystem for world RTS_TestMap
[2017.04.02-11.23.01:410][566]LogPlayLevel: PIE: World Init took: (0.001011s)
[2017.04.02-11.23.01:410][566]LogPlayLevel: PIE: Created PIE world by copying editor world from /Game/RTS_TowerDefense/Maps/RTS_TestMap.RTS_TestMap to /Game/RTS_TowerDefense/Maps/UEDPIE_0_RTS_TestMap.RTS_TestMap (0.034032s)
[2017.04.02-11.23.01:464][566]LogInit: XAudio2 using 'Haut-parleurs (Realtek High Definition Audio)' : 2 channels at 48 kHz using 32 bits per sample (channel mask 0x3)
[2017.04.02-11.23.01:472][566]LogInit: FAudioDevice initialized.
[2017.04.02-11.23.01:559][566]LogLoad: Game class is 'MyGameMod_C'
[2017.04.02-11.23.01:563][566]LogWorld: Bringing World /Game/RTS_TowerDefense/Maps/UEDPIE_0_RTS_TestMap.RTS_TestMap up for play (max tick rate 0) at 2017.04.02-13.23.01
[2017.04.02-11.23.01:565][566]LogWorld: Bringing up level for play took: 0.003974
[2017.04.02-11.23.01:598][566]LogContentBrowser: Native class hierarchy updated for 'MovieSceneCapture' in 0.0005 seconds. Added 11 classes and 0 folders.
[2017.04.02-11.23.01:598][566]LogGameMode:Display: Match State Changed from EnteringMap to WaitingToStart
[2017.04.02-11.23.01:599][566]LogGameState: Match State Changed from EnteringMap to WaitingToStart
[2017.04.02-11.23.01:599][566]LogGameMode:Display: Match State Changed from WaitingToStart to InProgress
[2017.04.02-11.23.01:606][566]LogGameState: Match State Changed from WaitingToStart to InProgress
[2017.04.02-11.23.01:614][566]PIE: Info Play in editor start time for /Game/RTS_TowerDefense/Maps/UEDPIE_0_RTS_TestMap -0.636
[2017.04.02-11.23.01:614][566]LogBlueprintUserMessages: Late PlayInEditor Detection: Level '/Game/RTS_TowerDefense/Maps/RTS_TestMap.RTS_TestMap:PersistentLevel' has LevelScriptBlueprint '/Game/RTS_TowerDefense/Maps/RTS_TestMap.RTS_TestMap:PersistentLevel.RTS_TestMap' with GeneratedClass '/Game/RTS_TowerDefense/Maps/RTS_TestMap.RTS_TestMap_C' with ClassGeneratedBy '/Game/RTS_TowerDefense/Maps/RTS_TestMap.RTS_TestMap:PersistentLevel.RTS_TestMap'
[2017.04.02-11.23.01:666][566]LogRenderer: Reallocating scene render targets to support 1292x756 NumSamples 1 (Frame:634).
[2017.04.02-11.23.08:860][931]LogRenderer: Reallocating scene render targets to support 1920x1016 NumSamples 1 (Frame:1001).
[2017.04.02-11.23.12:999][254]LogBlueprintUserMessages: Early EndPlayMap Detection: Level '/Game/RTS_TowerDefense/Maps/RTS_TestMap.RTS_TestMap:PersistentLevel' has LevelScriptBlueprint '/Game/RTS_TowerDefense/Maps/RTS_TestMap.RTS_TestMap:PersistentLevel.RTS_TestMap' with GeneratedClass '/Game/RTS_TowerDefense/Maps/RTS_TestMap.RTS_TestMap_C' with ClassGeneratedBy '/Game/RTS_TowerDefense/Maps/RTS_TestMap.RTS_TestMap:PersistentLevel.RTS_TestMap'
[2017.04.02-11.23.13:027][254]LogBlueprintUserMessages: Late EndPlayMap Detection: Level '/Game/RTS_TowerDefense/Maps/RTS_TestMap.RTS_TestMap:PersistentLevel' has LevelScriptBlueprint '/Game/RTS_TowerDefense/Maps/RTS_TestMap.RTS_TestMap:PersistentLevel.RTS_TestMap' with GeneratedClass '/Game/RTS_TowerDefense/Maps/RTS_TestMap.RTS_TestMap_C' with ClassGeneratedBy '/Game/RTS_TowerDefense/Maps/RTS_TestMap.RTS_TestMap:PersistentLevel.RTS_TestMap'
[2017.04.02-11.25.36:270][850]LogEditorViewport: Clicking on Actor (LMB): DefendedInstallation_C (DefendedInstallation)
[2017.04.02-11.26.26:821][348]LogWindowsTextInputMethodSystem:Display: IME system now deactivated.
[2017.04.02-11.26.27:014][349]Cmd: QUIT_EDITOR
[2017.04.02-11.26.27:673][349]LogExit: Preparing to exit.
[2017.04.02-11.26.28:877][349]LogExit: Editor shut down
[2017.04.02-11.26.28:877][349]LogExit: Transaction tracking system shut down
[2017.04.02-11.26.28:977][349]LogObj: Freed 0b from 0 cluster array pools.
[2017.04.02-11.26.28:978][349]LogExit: Object subsystem successfully closed.
[2017.04.02-11.26.29:002][349]LogD3D11RHI: Shutdown
[2017.04.02-11.26.29:002][349]LogD3D11RHI: CleanupD3DDevice
[2017.04.02-11.26.29:095][349]LogD3D11RHI: ~FD3D11DynamicRHI
[2017.04.02-11.26.29:112][349]LogModuleManager: Shutting down and abandoning module MovieSceneCapture (508)
[2017.04.02-11.26.29:112][349]LogModuleManager: Shutting down and abandoning module BlueprintGraph (506)
[2017.04.02-11.26.29:112][349]LogModuleManager: Shutting down and abandoning module BlueprintProfiler (504)
[2017.04.02-11.26.29:112][349]LogModuleManager: Shutting down and abandoning module HierarchicalLODOutliner (502)
[2017.04.02-11.26.29:112][349]LogModuleManager: Shutting down and abandoning module CrashTracker (500)
[2017.04.02-11.26.29:112][349]LogModuleManager: Shutting down and abandoning module SceneOutliner (498)
[2017.04.02-11.26.29:112][349]LogModuleManager: Shutting down and abandoning module AddContentDialog (496)
[2017.04.02-11.26.29:112][349]LogDirectoryWatcher: A directory notification for 'C:/Program Files/Epic Games/UE_4.15/FeaturePacks/' was aborted.
[2017.04.02-11.26.29:114][349]LogModuleManager: Shutting down and abandoning module WidgetCarousel (495)
[2017.04.02-11.26.29:114][349]LogModuleManager: Shutting down and abandoning module EditorWidgets (492)
[2017.04.02-11.26.29:114][349]LogModuleManager: Shutting down and abandoning module CollectionManager (490)
[2017.04.02-11.26.29:114][349]LogDirectoryWatcher: A directory notification for 'D:/User/Documents/Tower-Defence/Content/Collections/' was aborted.
[2017.04.02-11.26.29:114][349]LogDirectoryWatcher: A directory notification for 'D:/User/Documents/Tower-Defence/Content/Developers/Meuleman/Collections/' was aborted.
[2017.04.02-11.26.29:114][349]LogDirectoryWatcher: A directory notification for 'D:/User/Documents/Tower-Defence/Saved/Collections/' was aborted.
[2017.04.02-11.26.29:114][349]LogModuleManager: Shutting down and abandoning module StatsViewer (488)
[2017.04.02-11.26.29:114][349]LogModuleManager: Shutting down and abandoning module FoliageEdit (486)
[2017.04.02-11.26.29:114][349]LogModuleManager: Shutting down and abandoning module LandscapeEditor (484)
[2017.04.02-11.26.29:114][349]LogModuleManager: Shutting down and abandoning module SceneDepthPickerMode (482)
[2017.04.02-11.26.29:114][349]LogModuleManager: Shutting down and abandoning module ActorPickerMode (480)
[2017.04.02-11.26.29:114][349]LogModuleManager: Shutting down and abandoning module GeometryMode (478)
[2017.04.02-11.26.29:114][349]LogModuleManager: Shutting down and abandoning module TextureAlignMode (476)
[2017.04.02-11.26.29:114][349]LogModuleManager: Shutting down and abandoning module BspMode (474)
[2017.04.02-11.26.29:114][349]LogModuleManager: Shutting down and abandoning module HardwareSurvey (472)
[2017.04.02-11.26.29:114][349]LogModuleManager: Shutting down and abandoning module SequenceRecorderSections (470)
[2017.04.02-11.26.29:114][349]LogModuleManager: Shutting down and abandoning module AutomationWorker (468)
[2017.04.02-11.26.29:114][349]LogModuleManager: Shutting down and abandoning module MatineeToLevelSequence (466)
[2017.04.02-11.26.29:114][349]LogModuleManager: Shutting down and abandoning module LevelSequenceEditor (464)
[2017.04.02-11.26.29:114][349]LogModuleManager: Shutting down and abandoning module PlacementMode (463)
[2017.04.02-11.26.29:114][349]LogModuleManager: Shutting down and abandoning module WmfMediaFactory (460)
[2017.04.02-11.26.29:114][349]LogModuleManager: Shutting down and abandoning module WmfMediaEditor (458)
[2017.04.02-11.26.29:114][349]LogModuleManager: Shutting down and abandoning module MfMediaFactory (456)
[2017.04.02-11.26.29:114][349]LogModuleManager: Shutting down and abandoning module MfMediaEditor (454)
[2017.04.02-11.26.29:114][349]LogModuleManager: Shutting down and abandoning module AvfMediaFactory (452)
[2017.04.02-11.26.29:114][349]LogModuleManager: Shutting down and abandoning module AvfMediaEditor (450)
[2017.04.02-11.26.29:114][349]LogModuleManager: Shutting down and abandoning module AndroidMediaFactory (448)
[2017.04.02-11.26.29:114][349]LogModuleManager: Shutting down and abandoning module Media (447)
[2017.04.02-11.26.29:114][349]LogModuleManager: Shutting down and abandoning module AndroidMediaEditor (444)
[2017.04.02-11.26.29:114][349]LogModuleManager: Shutting down and abandoning module CharacterAI (442)
[2017.04.02-11.26.29:114][349]LogModuleManager: Shutting down and abandoning module AudioCapture (440)
[2017.04.02-11.26.29:114][349]LogModuleManager: Shutting down and abandoning module SequenceRecorder (439)
[2017.04.02-11.26.29:114][349]LogModuleManager: Shutting down and abandoning module SmartSnapping (436)
[2017.04.02-11.26.29:114][349]LogModuleManager: Shutting down and abandoning module SessionServices (434)
[2017.04.02-11.26.29:114][349]LogModuleManager: Shutting down and abandoning module ViewportSnapping (432)
[2017.04.02-11.26.29:114][349]LogModuleManager: Shutting down and abandoning module ViewportInteraction (430)
[2017.04.02-11.26.29:114][349]LogModuleManager: Shutting down and abandoning module LogVisualizer (428)
[2017.04.02-11.26.29:114][349]LogModuleManager: Shutting down and abandoning module IntroTutorials (426)
[2017.04.02-11.26.29:114][349]LogModuleManager: Shutting down and abandoning module GameProjectGeneration (425)
[2017.04.02-11.26.29:114][349]LogModuleManager: Shutting down and abandoning module EditorLiveStreaming (422)
[2017.04.02-11.26.29:114][349]LogModuleManager: Shutting down and abandoning module IOSPlatformEditor (420)
[2017.04.02-11.26.29:114][349]LogModuleManager: Shutting down and abandoning module HTML5PlatformEditor (418)
[2017.04.02-11.26.29:114][349]LogModuleManager: Shutting down and abandoning module AndroidPlatformEditor (416)
[2017.04.02-11.26.29:115][349]LogModuleManager: Shutting down and abandoning module AndroidDeviceDetection (415)
[2017.04.02-11.26.29:905][349]LogModuleManager: Shutting down and abandoning module IOSRuntimeSettings (412)
[2017.04.02-11.26.29:905][349]LogModuleManager: Shutting down and abandoning module AndroidRuntimeSettings (410)
[2017.04.02-11.26.29:905][349]LogModuleManager: Shutting down and abandoning module InputBindingEditor (408)
[2017.04.02-11.26.29:905][349]LogModuleManager: Shutting down and abandoning module NiagaraEditor (406)
[2017.04.02-11.26.29:905][349]LogModuleManager: Shutting down and abandoning module MergeActors (404)
[2017.04.02-11.26.29:905][349]LogModuleManager: Shutting down and abandoning module SizeMap (402)
[2017.04.02-11.26.29:905][349]LogModuleManager: Shutting down and abandoning module TreeMap (400)
[2017.04.02-11.26.29:905][349]LogModuleManager: Shutting down and abandoning module ReferenceViewer (398)
[2017.04.02-11.26.29:905][349]LogModuleManager: Shutting down and abandoning module LocalizationDashboard (396)
[2017.04.02-11.26.29:905][349]LogModuleManager: Shutting down and abandoning module LocalizationService (395)
[2017.04.02-11.26.29:905][349]LogModuleManager: Shutting down and abandoning module HardwareTargeting (392)
[2017.04.02-11.26.29:906][349]LogModuleManager: Shutting down and abandoning module DeviceProfileEditor (390)
[2017.04.02-11.26.29:906][349]LogModuleManager: Shutting down and abandoning module UndoHistory (388)
[2017.04.02-11.26.29:906][349]LogModuleManager: Shutting down and abandoning module UserFeedback (386)
[2017.04.02-11.26.29:906][349]LogModuleManager: Shutting down and abandoning module XmlParser (384)
[2017.04.02-11.26.29:906][349]LogModuleManager: Shutting down and abandoning module Blutility (382)
[2017.04.02-11.26.29:906][349]LogModuleManager: Shutting down and abandoning module ProjectSettingsViewer (380)
[2017.04.02-11.26.29:906][349]LogModuleManager: Shutting down and abandoning module ProjectTargetPlatformEditor (379)
[2017.04.02-11.26.29:906][349]LogModuleManager: Shutting down and abandoning module EditorSettingsViewer (376)
[2017.04.02-11.26.29:906][349]LogModuleManager: Shutting down and abandoning module SettingsEditor (374)
[2017.04.02-11.26.29:906][349]LogModuleManager: Shutting down and abandoning module ProjectLauncher (372)
[2017.04.02-11.26.29:906][349]LogModuleManager: Shutting down and abandoning module SessionFrontend (370)
[2017.04.02-11.26.29:907][349]LogModuleManager: Shutting down and abandoning module ProfilerClient (368)
[2017.04.02-11.26.29:907][349]LogModuleManager: Shutting down and abandoning module DeviceManager (366)
[2017.04.02-11.26.29:907][349]LogModuleManager: Shutting down and abandoning module TargetDeviceServices (365)
[2017.04.02-11.26.29:950][349]LogModuleManager: Shutting down and abandoning module AutomationController (362)
[2017.04.02-11.26.29:950][349]LogModuleManager: Shutting down and abandoning module AutomationWindow (360)
[2017.04.02-11.26.29:950][349]LogModuleManager: Shutting down and abandoning module Layers (358)
[2017.04.02-11.26.29:950][349]LogModuleManager: Shutting down and abandoning module ComponentVisualizers (356)
[2017.04.02-11.26.29:950][349]LogModuleManager: Shutting down and abandoning module DetailCustomizations (354)
[2017.04.02-11.26.29:950][349]LogModuleManager: Shutting down and abandoning module PackagesDialog (352)
[2017.04.02-11.26.29:950][349]LogModuleManager: Shutting down and abandoning module Persona (350)
[2017.04.02-11.26.29:950][349]LogModuleManager: Shutting down and abandoning module AnimGraph (349)
[2017.04.02-11.26.29:950][349]LogModuleManager: Shutting down and abandoning module Kismet (346)
[2017.04.02-11.26.29:972][349]LogModuleManager: Shutting down and abandoning module GraphEditor (344)
[2017.04.02-11.26.29:972][349]LogModuleManager: Shutting down and abandoning module ClassViewer (342)
[2017.04.02-11.26.29:972][349]LogModuleManager: Shutting down and abandoning module Toolbox (340)
[2017.04.02-11.26.29:972][349]LogModuleManager: Shutting down and abandoning module ModuleUI (338)
[2017.04.02-11.26.29:972][349]LogModuleManager: Shutting down and abandoning module MovieSceneTools (336)
[2017.04.02-11.26.29:972][349]LogModuleManager: Shutting down and abandoning module OutputLog (334)
[2017.04.02-11.26.29:972][349]LogModuleManager: Shutting down and abandoning module GammaUI (332)
[2017.04.02-11.26.29:972][349]LogModuleManager: Shutting down and abandoning module Documentation (330)
[2017.04.02-11.26.29:972][349]LogModuleManager: Shutting down and abandoning module Niagara (328)
[2017.04.02-11.26.29:972][349]LogModuleManager: Shutting down and abandoning module StreamingPauseRendering (326)
[2017.04.02-11.26.29:972][349]LogModuleManager: Shutting down and abandoning module AnalyticsET (324)
[2017.04.02-11.26.29:972][349]LogModuleManager: Shutting down and abandoning module PortalServices (322)
[2017.04.02-11.26.29:972][349]LogModuleManager: Shutting down and abandoning module PortalRpc (320)
[2017.04.02-11.26.29:972][349]LogModuleManager: Shutting down and abandoning module MessagingRpc (318)
[2017.04.02-11.26.29:973][349]LogModuleManager: Shutting down and abandoning module AIModule (316)
[2017.04.02-11.26.29:973][349]LogModuleManager: Shutting down and abandoning module GameplayDebugger (315)
[2017.04.02-11.26.29:973][349]LogModuleManager: Shutting down and abandoning module AITestSuite (313)
[2017.04.02-11.26.29:973][349]LogModuleManager: Shutting down and abandoning module ProfilerService (310)
[2017.04.02-11.26.30:087][349]LogModuleManager: Shutting down and abandoning module TaskGraph (308)
[2017.04.02-11.26.30:088][349]LogModuleManager: Shutting down and abandoning module SteamVRController (306)
[2017.04.02-11.26.30:088][349]LogModuleManager: Shutting down and abandoning module SteamVR (304)
[2017.04.02-11.26.30:088][349]LogModuleManager: Shutting down and abandoning module ProceduralMeshComponentEditor (302)
[2017.04.02-11.26.30:088][349]LogModuleManager: Shutting down and abandoning module ProceduralMeshComponent (300)
[2017.04.02-11.26.30:088][349]LogModuleManager: Shutting down and abandoning module OculusLibrary (298)
[2017.04.02-11.26.30:088][349]LogModuleManager: Shutting down and abandoning module OculusInput (296)
[2017.04.02-11.26.30:088][349]LogModuleManager: Shutting down and abandoning module MobilePatchingUtils (294)
[2017.04.02-11.26.30:088][349]LogModuleManager: Shutting down and abandoning module CustomMeshComponent (292)
[2017.04.02-11.26.30:088][349]LogModuleManager: Shutting down and abandoning module CableComponent (290)
[2017.04.02-11.26.30:088][349]LogModuleManager: Shutting down and abandoning module ArchVisCharacter (288)
[2017.04.02-11.26.30:088][349]LogModuleManager: Shutting down and abandoning module MediaPlayerEditor (284)
[2017.04.02-11.26.30:088][349]LogModuleManager: Shutting down and abandoning module LowEntryExtendedStandardLibraryEditor (282)
[2017.04.02-11.26.30:088][349]LogModuleManager: Shutting down and abandoning module HTML5Networking (280)
[2017.04.02-11.26.30:088][349]LogModuleManager: Shutting down and abandoning module AlembicImporter (278)
[2017.04.02-11.26.30:088][349]LogModuleManager: Shutting down and abandoning module AlembicLibrary (277)
[2017.04.02-11.26.30:088][349]LogModuleManager: Shutting down and abandoning module GeometryCache (276)
[2017.04.02-11.26.30:088][349]LogModuleManager: Shutting down and abandoning module GeometryCacheEd (275)
[2017.04.02-11.26.30:088][349]LogModuleManager: Shutting down and abandoning module SuperSearchEditor (270)
[2017.04.02-11.26.30:088][349]LogModuleManager: Shutting down and abandoning module SuperSearch (269)
[2017.04.02-11.26.30:088][349]LogModuleManager: Shutting down and abandoning module SpeedTreeImporter (266)
[2017.04.02-11.26.30:088][349]LogModuleManager: Shutting down and abandoning module PluginBrowser (264)
[2017.04.02-11.26.30:088][349]LogModuleManager: Shutting down and abandoning module MobileLauncherProfileWizard (262)
[2017.04.02-11.26.30:088][349]LogModuleManager: Shutting down and abandoning module EpicSurvey (260)
[2017.04.02-11.26.30:089][349]LogModuleManager: Shutting down and abandoning module VisualStudioSourceCodeAccess (258)
[2017.04.02-11.26.30:089][349]LogModuleManager: Shutting down and abandoning module DesktopPlatform (257)
[2017.04.02-11.26.30:089][349]LogModuleManager: Shutting down and abandoning module UObjectPlugin (254)
[2017.04.02-11.26.30:089][349]LogModuleManager: Shutting down and abandoning module SubversionSourceControl (252)
[2017.04.02-11.26.30:089][349]LogModuleManager: Shutting down and abandoning module PerforceSourceControl (250)
[2017.04.02-11.26.30:089][349]LogModuleManager: Shutting down and abandoning module GitSourceControl (248)
[2017.04.02-11.26.30:089][349]LogModuleManager: Shutting down and abandoning module SourceControl (247)
[2017.04.02-11.26.30:089][349]LogModuleManager: Shutting down and abandoning module LightPropagationVolumeEditor (244)
[2017.04.02-11.26.30:089][349]LogModuleManager: Shutting down and abandoning module PaperTiledImporter (242)
[2017.04.02-11.26.30:089][349]LogModuleManager: Shutting down and abandoning module PaperSpriteSheetImporter (240)
[2017.04.02-11.26.30:089][349]LogModuleManager: Shutting down and abandoning module Paper2DEditor (238)
[2017.04.02-11.26.30:089][349]LogModuleManager: Shutting down and abandoning module MeshPaint (237)
[2017.04.02-11.26.30:089][349]LogModuleManager: Shutting down and abandoning module LevelEditor (235)
[2017.04.02-11.26.30:091][349]LogModuleManager: Shutting down and abandoning module PixelInspectorModule (234)
[2017.04.02-11.26.30:091][349]LogModuleManager: Shutting down and abandoning module MainFrame (232)
[2017.04.02-11.26.30:091][349]LogModuleManager: Shutting down and abandoning module HotReload (231)
[2017.04.02-11.26.30:092][349]LogModuleManager: Shutting down and abandoning module ContentBrowser (227)
[2017.04.02-11.26.30:095][349]LogModuleManager: Shutting down and abandoning module PhysXVehiclesEditor (224)
[2017.04.02-11.26.30:095][349]LogModuleManager: Shutting down and abandoning module PhysXVehicles (222)
[2017.04.02-11.26.30:095][349]LogModuleManager: Shutting down and abandoning module LocationServicesBPLibrary (220)
[2017.04.02-11.26.30:095][349]LogModuleManager: Shutting down and abandoning module UdpMessaging (218)
[2017.04.02-11.26.30:197][349]LogModuleManager: Shutting down and abandoning module TcpMessaging (216)
[2017.04.02-11.26.30:298][349]LogModuleManager: Shutting down and abandoning module LowEntryExtendedStandardLibrary (214)
[2017.04.02-11.26.30:298][349]LogModuleManager: Shutting down and abandoning module GameplayTagsEditor (212)
[2017.04.02-11.26.30:298][349]LogModuleManager: Shutting down and abandoning module FacialAnimationEditor (210)
[2017.04.02-11.26.30:298][349]LogModuleManager: Shutting down and abandoning module FacialAnimation (208)
[2017.04.02-11.26.30:298][349]LogModuleManager: Shutting down and abandoning module LightPropagationVolumeRuntime (206)
[2017.04.02-11.26.30:298][349]LogModuleManager: Shutting down and abandoning module Paper2D (204)
[2017.04.02-11.26.30:298][349]LogModuleManager: Shutting down and abandoning module WindowsMoviePlayer (202)
[2017.04.02-11.26.30:298][349]LogModuleManager: Shutting down and abandoning module WmfMedia (200)
[2017.04.02-11.26.30:298][349]LogModuleManager: Shutting down and abandoning module MfMedia (198)
[2017.04.02-11.26.30:298][349]LogModuleManager: Shutting down and abandoning module MediaAssets (196)
[2017.04.02-11.26.30:298][349]LogModuleManager: Shutting down and abandoning module GameLiveStreaming (194)
[2017.04.02-11.26.30:299][349]LogModuleManager: Shutting down and abandoning module VREditor (192)
[2017.04.02-11.26.30:299][349]LogModuleManager: Shutting down and abandoning module GameplayTasksEditor (190)
[2017.04.02-11.26.30:299][349]LogModuleManager: Shutting down and abandoning module BehaviorTreeEditor (188)
[2017.04.02-11.26.30:299][349]LogModuleManager: Shutting down and abandoning module FunctionalTesting (186)
[2017.04.02-11.26.30:299][349]LogModuleManager: Shutting down and abandoning module CollisionAnalyzer (184)
[2017.04.02-11.26.30:299][349]LogModuleManager: Shutting down and abandoning module UMG (182)
[2017.04.02-11.26.30:299][349]LogModuleManager: Shutting down and abandoning module UMGEditor (181)
[2017.04.02-11.26.30:299][349]LogModuleManager: Shutting down and abandoning module Sequencer (180)
[2017.04.02-11.26.30:299][349]LogModuleManager: Shutting down and abandoning module AssetTools (178)
[2017.04.02-11.26.30:299][349]LogModuleManager: Shutting down and abandoning module MessageLog (177)
[2017.04.02-11.26.30:299][349]LogModuleManager: Shutting down and abandoning module WorkspaceMenuStructure (176)
[2017.04.02-11.26.30:299][349]LogModuleManager: Shutting down and abandoning module SlateReflector (170)
[2017.04.02-11.26.30:300][349]LogModuleManager: Shutting down and abandoning module Slate (168)
[2017.04.02-11.26.30:300][349]LogModuleManager: Shutting down and abandoning module EditorStyle (166)
[2017.04.02-11.26.30:307][349]LogModuleManager: Shutting down and abandoning module SourceCodeAccess (164)
[2017.04.02-11.26.30:307][349]LogModuleManager: Shutting down and abandoning module HeadMountedDisplay (162)
[2017.04.02-11.26.30:307][349]LogModuleManager: Shutting down and abandoning module XAudio2 (160)
[2017.04.02-11.26.30:307][349]LogModuleManager: Shutting down and abandoning module Networking (158)
[2017.04.02-11.26.30:307][349]LogModuleManager: Shutting down and abandoning module Core (154)
[2017.04.02-11.26.30:307][349]LogModuleManager: Shutting down and abandoning module AssetRegistry (152)
[2017.04.02-11.26.30:546][349]LogDirectoryWatcher: A directory notification for '../../../Engine/Content/' was aborted.
[2017.04.02-11.26.30:546][349]LogDirectoryWatcher: A directory notification for 'D:/User/Documents/Tower-Defence/Content/' was aborted.
[2017.04.02-11.26.30:546][349]LogDirectoryWatcher: A directory notification for '../../../Engine/Plugins/2D/Paper2D/Content/' was aborted.
[2017.04.02-11.26.30:546][349]LogDirectoryWatcher: A directory notification for '../../../Engine/Plugins/Marketplace/LowEntryExtStdLib/Content/' was aborted.
[2017.04.02-11.26.30:546][349]LogModuleManager: Shutting down and abandoning module DirectoryWatcher (151)
[2017.04.02-11.26.30:547][349]LogModuleManager: Shutting down and abandoning module KismetCompiler (148)
[2017.04.02-11.26.30:547][349]LogModuleManager: Shutting down and abandoning module PhysXFormats (146)
[2017.04.02-11.26.30:547][349]LogModuleManager: Shutting down and abandoning module MeshUtilities (144)
[2017.04.02-11.26.30:547][349]LogModuleManager: Shutting down and abandoning module SimplygonSwarm (143)
[2017.04.02-11.26.30:547][349]LogModuleManager: Shutting down and abandoning module SimplygonMeshReduction (141)
[2017.04.02-11.26.30:547][349]LogModuleManager: Shutting down and abandoning module QuadricMeshReduction (139)
[2017.04.02-11.26.30:547][349]LogModuleManager: Shutting down and abandoning module PropertyEditor (137)
[2017.04.02-11.26.30:547][349]LogModuleManager: Shutting down and abandoning module DerivedDataCache (134)
[2017.04.02-11.26.30:640][349]LogDerivedDataCache: Shutdown
[2017.04.02-11.26.30:640][349]LogModuleManager: Shutting down and abandoning module TargetPlatform (132)
[2017.04.02-11.26.30:640][349]LogModuleManager: Shutting down and abandoning module VulkanShaderFormat (131)
[2017.04.02-11.26.30:640][349]LogModuleManager: Shutting down and abandoning module ShaderFormatOpenGL (129)
[2017.04.02-11.26.30:640][349]LogModuleManager: Shutting down and abandoning module ShaderFormatD3D (127)
[2017.04.02-11.26.30:640][349]LogModuleManager: Shutting down and abandoning module MetalShaderFormat (125)
[2017.04.02-11.26.30:640][349]LogModuleManager: Shutting down and abandoning module TextureFormatUncompressed (123)
[2017.04.02-11.26.30:640][349]LogModuleManager: Shutting down and abandoning module TextureFormatPVR (121)
[2017.04.02-11.26.30:640][349]LogModuleManager: Shutting down and abandoning module TextureFormatDXT (119)
[2017.04.02-11.26.30:640][349]LogModuleManager: Shutting down and abandoning module TextureFormatIntelISPCTexComp (117)
[2017.04.02-11.26.30:640][349]LogModuleManager: Shutting down and abandoning module TextureFormatASTC (115)
[2017.04.02-11.26.30:640][349]LogModuleManager: Shutting down and abandoning module ImageWrapper (114)
[2017.04.02-11.26.30:640][349]LogModuleManager: Shutting down and abandoning module TextureFormatAndroid (111)
[2017.04.02-11.26.30:640][349]LogModuleManager: Shutting down and abandoning module AudioFormatOpus (109)
[2017.04.02-11.26.30:640][349]LogModuleManager: Shutting down and abandoning module AudioFormatOgg (107)
[2017.04.02-11.26.30:640][349]LogModuleManager: Shutting down and abandoning module AudioFormatADPCM (105)
[2017.04.02-11.26.30:640][349]LogModuleManager: Shutting down and abandoning module LinuxTargetPlatform (103)
[2017.04.02-11.26.30:640][349]LogModuleManager: Shutting down and abandoning module LinuxServerTargetPlatform (101)
[2017.04.02-11.26.30:640][349]LogModuleManager: Shutting down and abandoning module LinuxNoEditorTargetPlatform (99)
[2017.04.02-11.26.30:641][349]LogModuleManager: Shutting down and abandoning module LinuxClientTargetPlatform (97)
[2017.04.02-11.26.30:641][349]LogModuleManager: Shutting down and abandoning module TVOSTargetPlatform (95)
[2017.04.02-11.26.30:641][349]LogModuleManager: Shutting down and abandoning module Messaging (93)
[2017.04.02-11.26.30:641][349]LogModuleManager: Shutting down and abandoning module IOSTargetPlatform (91)
[2017.04.02-11.26.30:641][349]LogModuleManager: Shutting down and abandoning module HTML5TargetPlatform (89)
[2017.04.02-11.26.30:641][349]LogModuleManager: Shutting down and abandoning module Android_PVRTCTargetPlatform (87)
[2017.04.02-11.26.30:641][349]LogModuleManager: Shutting down and abandoning module Android_MultiTargetPlatform (85)
[2017.04.02-11.26.30:641][349]LogModuleManager: Shutting down and abandoning module Android_ETC2TargetPlatform (83)
[2017.04.02-11.26.30:641][349]LogModuleManager: Shutting down and abandoning module Android_ETC1TargetPlatform (81)
[2017.04.02-11.26.30:641][349]LogModuleManager: Shutting down and abandoning module Android_DXTTargetPlatform (79)
[2017.04.02-11.26.30:641][349]LogModuleManager: Shutting down and abandoning module Android_ATCTargetPlatform (77)
[2017.04.02-11.26.30:641][349]LogModuleManager: Shutting down and abandoning module Android_ASTCTargetPlatform (75)
[2017.04.02-11.26.30:641][349]LogModuleManager: Shutting down and abandoning module AndroidTargetPlatform (73)
[2017.04.02-11.26.30:641][349]LogModuleManager: Shutting down and abandoning module WindowsTargetPlatform (71)
[2017.04.02-11.26.30:641][349]LogModuleManager: Shutting down and abandoning module WindowsServerTargetPlatform (69)
[2017.04.02-11.26.30:641][349]LogModuleManager: Shutting down and abandoning module WindowsNoEditorTargetPlatform (67)
[2017.04.02-11.26.30:641][349]LogModuleManager: Shutting down and abandoning module WindowsClientTargetPlatform (65)
[2017.04.02-11.26.30:641][349]LogModuleManager: Shutting down and abandoning module MacTargetPlatform (63)
[2017.04.02-11.26.30:641][349]LogModuleManager: Shutting down and abandoning module MacServerTargetPlatform (61)
[2017.04.02-11.26.30:641][349]LogModuleManager: Shutting down and abandoning module MacNoEditorTargetPlatform (59)
[2017.04.02-11.26.30:641][349]LogModuleManager: Shutting down and abandoning module MacClientTargetPlatform (57)
[2017.04.02-11.26.30:641][349]LogModuleManager: Shutting down and abandoning module AllDesktopTargetPlatform (55)
[2017.04.02-11.26.30:641][349]LogModuleManager: Shutting down and abandoning module InputCore (52)
[2017.04.02-11.26.30:641][349]LogModuleManager: Shutting down and abandoning module Settings (50)
[2017.04.02-11.26.30:641][349]LogModuleManager: Shutting down and abandoning module OculusRift (48)
[2017.04.02-11.26.30:641][349]LogModuleManager: Shutting down and abandoning module GearVR (46)
[2017.04.02-11.26.30:641][349]LogModuleManager: Shutting down and abandoning module ExampleDeviceProfileSelector (44)
[2017.04.02-11.26.30:641][349]LogModuleManager: Shutting down and abandoning module OnlineBlueprintSupport (42)
[2017.04.02-11.26.30:641][349]LogModuleManager: Shutting down and abandoning module OnlineSubsystem (38)
[2017.04.02-11.26.30:641][349]LogOnline:Display: Unloading online subsystem: NULL
[2017.04.02-11.26.30:641][349]LogModuleManager: Shutting down and abandoning module XMPP (37)
[2017.04.02-11.26.30:642][349]LogModuleManager: Shutting down and abandoning module HTTP (35)
[2017.04.02-11.26.30:642][349]LogHttp:Display: Http module shutting down, but needs to wait on 1 outstanding Http requests:
[2017.04.02-11.26.30:642][349]LogHttp:Display: 	verb=[POST] url=[https://datarouter.ol.epicgames.com/datarouter/api/v1/public/data?SessionID=%7BB3A19E29-44B9-80F9-E9C0-9AA30A13CFA3%7D&AppID=UEEditor.Rocket.Release&AppVersion=4.15.1-3348071%2B%2B%2BUE4%2BRelease-4.15&UserID=37a79b574f7bf5a5e3ee2f951a352b48%7Cecb1a0bea2164e2d8ab1996a8c11891e%7Cf7af2c44-be3f-455e-ab21-9728a7f7ab41&AppEnvironment=datacollector-binary&UploadType=eteventstream] status=Processing
[2017.04.02-11.26.30:645][349]LogModuleManager: Shutting down and abandoning module SSL (34)
[2017.04.02-11.26.30:649][349]LogModuleManager: Shutting down and abandoning module AudioEditor (30)
[2017.04.02-11.26.30:649][349]LogModuleManager: Shutting down and abandoning module TextureCompressor (28)
[2017.04.02-11.26.30:649][349]LogModuleManager: Shutting down and abandoning module ShaderCore (26)
[2017.04.02-11.26.30:649][349]LogModuleManager: Shutting down and abandoning module Landscape (24)
[2017.04.02-11.26.30:649][349]LogModuleManager: Shutting down and abandoning module SlateRHIRenderer (22)
[2017.04.02-11.26.30:655][349]LogModuleManager: Shutting down and abandoning module OpenGLDrv (20)
[2017.04.02-11.26.30:655][349]LogModuleManager: Shutting down and abandoning module D3D11RHI (18)
[2017.04.02-11.26.30:655][349]LogModuleManager: Shutting down and abandoning module AnimGraphRuntime (16)
[2017.04.02-11.26.30:655][349]LogModuleManager: Shutting down and abandoning module Renderer (14)
[2017.04.02-11.26.30:655][349]LogModuleManager: Shutting down and abandoning module Engine (12)
[2017.04.02-11.26.30:655][349]LogModuleManager: Shutting down and abandoning module CoreUObject (10)
[2017.04.02-11.26.30:655][349]LogModuleManager: Shutting down and abandoning module NetworkFile (8)
[2017.04.02-11.26.30:655][349]LogModuleManager: Shutting down and abandoning module StreamingFile (6)
[2017.04.02-11.26.30:655][349]LogModuleManager: Shutting down and abandoning module SandboxFile (4)
[2017.04.02-11.26.30:655][349]LogModuleManager: Shutting down and abandoning module PakFile (2)
[2017.04.02-11.26.30:659][349]LogExit: Exiting.
[2017.04.02-11.26.30:663][349]Log file closed, 04/02/17 13:26:30
