Log file open, 04/01/17 13:17:34
LogInit:Display: Running engine for game: RTS_TowerDefense
LogPlatformFile: Not using cached read wrapper
LogInit:Display: RandInit(-1149732726) SRandInit(-1149732726).
LogTaskGraph: Started task graph with 5 named threads and 8 total threads with 1 sets of task threads.
LogStats: Stats thread started at 0.069279
LogInit: Using libcurl 7.47.1
LogInit:  - built for x86_64-pc-win32
LogInit:  - supports SSL with OpenSSL/1.0.2g
LogInit:  - supports HTTP deflate (compression) using libz 1.2.8
LogInit:  - other features:
LogInit:      CURL_VERSION_SSL
LogInit:      CURL_VERSION_LIBZ
LogInit:      CURL_VERSION_IPV6
LogInit:      CURL_VERSION_ASYNCHDNS
LogInit:      CURL_VERSION_LARGEFILE
LogInit:      CURL_VERSION_IDN
LogInit:  CurlRequestOptions (configurable via config and command line):
LogInit:  - bVerifyPeer = false  - Libcurl will NOT verify peer certificate
LogInit:  - bUseHttpProxy = false  - Libcurl will NOT use HTTP proxy
LogInit:  - bDontReuseConnections = false  - Libcurl will reuse connections
LogInit:  - CertBundlePath = nullptr  - Libcurl will use whatever was configured at build time.
LogInit: Build: ++UE4+Release-4.15-CL-3348071
LogInit: Engine Version: 4.15.1-3348071+++UE4+Release-4.15
LogInit: Compatible Engine Version: 4.15.0-3299760+++UE4+Release-4.15
LogInit: Net CL: 3299760
LogDevObjectVersion: Number of dev versions registered: 14
LogDevObjectVersion:   Dev-Blueprints (B0D832E4-1F89-4F0D-ACCF-7EB736FD4AA2): 8
LogDevObjectVersion:   Dev-Build (E1C64328-A22C-4D53-A36C-8E866417BD8C): 0
LogDevObjectVersion:   Dev-Core (375EC13C-06E4-48FB-B500-84F0262A717E): 2
LogDevObjectVersion:   Dev-Editor (E4B068ED-F494-42E9-A231-DA0B2E46BB41): 14
LogDevObjectVersion:   Dev-Framework (CFFC743F-43B0-4480-9391-14DF171D2073): 22
LogDevObjectVersion:   Dev-Mobile (B02B49B5-BB20-44E9-A304-32B752E40360): 0
LogDevObjectVersion:   Dev-Networking (A4E4105C-59A1-49B5-A7C5-40C4547EDFEE): 0
LogDevObjectVersion:   Dev-Online (39C831C9-5AE6-47DC-9A44-9C173E1C8E7C): 0
LogDevObjectVersion:   Dev-Physics (78F01B33-EBEA-4F98-B9B4-84EACCB95AA2): 0
LogDevObjectVersion:   Dev-Platform (6631380F-2D4D-43E0-8009-CF276956A95A): 0
LogDevObjectVersion:   Dev-Rendering (12F88B9F-8875-4AFC-A67C-D90C383ABD29): 12
LogDevObjectVersion:   Dev-Sequencer (7B5AE74C-D270-4C10-A958-57980B212A5A): 3
LogDevObjectVersion:   Dev-VR (D7296918-1DD6-4BDD-9DE2-64A83CC13884): 0
LogDevObjectVersion:   Dev-LoadTimes (C2A15278-BFE7-4AFE-6C17-90FF531DF755): 1
LogInit: Compiled (64-bit): Mar 15 2017 16:52:47
LogInit: Compiled with Visual C++: 19.00.23026.00
LogInit: Build Configuration: Development
LogInit: Branch Name: ++UE4+Release-4.15
LogInit: Command line: -EpicPortal 
LogInit: Base directory: C:/Program Files/Epic Games/UE_4.15/Engine/Binaries/Win64/
LogInit: Installed Engine Build: 1
LogInit: Presizing for max 8388607 objects, including 0 objects not considered by GC, pre-allocating 0 bytes for permanent pool.
LogInit: Object subsystem initialized
[2017.04.01-11.17.35:699][  0]LogInit: Selected Device Profile: [Windows]
[2017.04.01-11.17.35:699][  0]LogInit: Applying CVar settings loaded from the selected device profile: [Windows]
[2017.04.01-11.17.35:708][  0]LogInit: Computer: DESKTOP-9FJ45NO
[2017.04.01-11.17.35:708][  0]LogInit: User: Meuleman
[2017.04.01-11.17.35:708][  0]LogInit: CPU Page size=65536, Cores=4
[2017.04.01-11.17.35:708][  0]LogInit: High frequency timer resolution =3.519817 MHz
[2017.04.01-11.17.35:708][  0]LogMemory: Memory total: Physical=15.9GB (16GB approx)
[2017.04.01-11.17.35:708][  0]LogMemory: Platform Memory Stats for Windows
[2017.04.01-11.17.35:708][  0]LogMemory: Process Physical Memory: 261.95 MB used, 261.95 MB peak
[2017.04.01-11.17.35:708][  0]LogMemory: Process Virtual Memory: 262.50 MB used, 262.50 MB peak
[2017.04.01-11.17.35:708][  0]LogMemory: Physical Memory: 5344.53 MB used,  10981.63 MB free, 16326.16 MB total
[2017.04.01-11.17.35:708][  0]LogMemory: Virtual Memory: 644.40 MB used,  10981.63 MB free, 134217728.00 MB total
[2017.04.01-11.17.35:774][  0]LogTextLocalizationManager: No translations for ('fr-FR') exist, falling back to 'en' for localization and internationalization data.
[2017.04.01-11.17.36:316][  0]LogD3D11RHI: D3D11 adapters:
[2017.04.01-11.17.36:847][  0]LogD3D11RHI:    0. 'NVIDIA GeForce GTX 970' (Feature Level 11_0)
[2017.04.01-11.17.36:847][  0]LogD3D11RHI:       4059/0/8163 MB DedicatedVideo/DedicatedSystem/SharedSystem, Outputs:2, VendorId:0x10de
[2017.04.01-11.17.36:848][  0]LogD3D11RHI:    1. 'Microsoft Basic Render Driver' (Feature Level 11_0)
[2017.04.01-11.17.36:848][  0]LogD3D11RHI:       0/0/8163 MB DedicatedVideo/DedicatedSystem/SharedSystem, Outputs:0, VendorId:0x1414
[2017.04.01-11.17.36:848][  0]LogD3D11RHI: Chosen D3D11 Adapter: 0
[2017.04.01-11.17.36:851][  0]LogD3D11RHI: Creating new Direct3DDevice
[2017.04.01-11.17.36:851][  0]LogD3D11RHI:     GPU DeviceId: 0x13c2 (for the marketing name, search the web for "GPU Device Id")
[2017.04.01-11.17.36:851][  0]LogWindows: EnumDisplayDevices:
[2017.04.01-11.17.36:851][  0]LogWindows:    0. 'NVIDIA GeForce GTX 970' (P:1 D:1)
[2017.04.01-11.17.36:851][  0]LogWindows:    1. 'NVIDIA GeForce GTX 970' (P:0 D:0)
[2017.04.01-11.17.36:851][  0]LogWindows:    2. 'NVIDIA GeForce GTX 970' (P:0 D:1)
[2017.04.01-11.17.36:851][  0]LogWindows:    3. 'NVIDIA GeForce GTX 970' (P:0 D:0)
[2017.04.01-11.17.36:851][  0]LogWindows: DebugString: FoundDriverCount:4 
[2017.04.01-11.17.36:851][  0]LogD3D11RHI:     Adapter Name: NVIDIA GeForce GTX 970
[2017.04.01-11.17.36:851][  0]LogD3D11RHI:   Driver Version: 378.66 (internal:21.21.13.7866, unified:378.66)
[2017.04.01-11.17.36:851][  0]LogD3D11RHI:      Driver Date: 2-9-2017
[2017.04.01-11.17.36:851][  0]LogRHI: Texture pool is 1361 MB (70% of 1945 MB)
[2017.04.01-11.17.37:295][  0]LogD3D11RHI: Async texture creation enabled
[2017.04.01-11.17.37:432][  0]LogD3D11RHI: GPU Timing Frequency: 1000.000000 (Debug: 2 1)
[2017.04.01-11.17.37:528][  0]LogShaderCompilers: Guid format shader working directory is 18 characters bigger than the processId version (D:/User/Documents/Tower-Defence/Intermediate/Shaders/WorkingDirectory/7044/).
[2017.04.01-11.17.37:528][  0]LogShaderCompilers: Cleaned the shader compiler working directory 'C:/Users/Meuleman/AppData/Local/Temp/UnrealShaderWorkingDir/99E9CB564DE3B8AC57CE469EA634CB0D/'.
[2017.04.01-11.17.37:528][  0]LogShaderCompilers:Display: Using Local Shader Compiler.
[2017.04.01-11.17.38:437][  0]LogTemp:Display: Loaded TP AllDesktopTargetPlatform
[2017.04.01-11.17.38:484][  0]LogTemp:Display: Loaded TP MacClientTargetPlatform
[2017.04.01-11.17.38:533][  0]LogTemp:Display: Loaded TP MacNoEditorTargetPlatform
[2017.04.01-11.17.38:580][  0]LogTemp:Display: Loaded TP MacServerTargetPlatform
[2017.04.01-11.17.38:623][  0]LogTemp:Display: Loaded TP MacTargetPlatform
[2017.04.01-11.17.38:670][  0]LogTemp:Display: Loaded TP WindowsClientTargetPlatform
[2017.04.01-11.17.38:713][  0]LogTemp:Display: Loaded TP WindowsNoEditorTargetPlatform
[2017.04.01-11.17.38:760][  0]LogTemp:Display: Loaded TP WindowsServerTargetPlatform
[2017.04.01-11.17.38:795][  0]LogTemp:Display: Loaded TP WindowsTargetPlatform
[2017.04.01-11.17.38:838][  0]LogTemp:Display: Loaded TP AndroidTargetPlatform
[2017.04.01-11.17.38:883][  0]LogTemp:Display: Loaded TP Android_ASTCTargetPlatform
[2017.04.01-11.17.38:925][  0]LogTemp:Display: Loaded TP Android_ATCTargetPlatform
[2017.04.01-11.17.38:971][  0]LogTemp:Display: Loaded TP Android_DXTTargetPlatform
[2017.04.01-11.17.39:015][  0]LogTemp:Display: Loaded TP Android_ETC1TargetPlatform
[2017.04.01-11.17.39:064][  0]LogTemp:Display: Loaded TP Android_ETC2TargetPlatform
[2017.04.01-11.17.39:153][  0]LogTemp:Display: Loaded TP Android_MultiTargetPlatform
[2017.04.01-11.17.39:153][  0]LogTemp:Display: Loaded TP Android_PVRTCTargetPlatform
[2017.04.01-11.17.39:183][  0]LogTemp:Display: Loaded TP HTML5TargetPlatform
[2017.04.01-11.17.39:265][  0]LogTemp:Display: Loaded TP IOSTargetPlatform
[2017.04.01-11.17.39:294][  0]LogTemp:Display: Loaded TP TVOSTargetPlatform
[2017.04.01-11.17.39:339][  0]LogTemp:Display: Loaded TP LinuxClientTargetPlatform
[2017.04.01-11.17.39:383][  0]LogTemp:Display: Loaded TP LinuxNoEditorTargetPlatform
[2017.04.01-11.17.39:425][  0]LogTemp:Display: Loaded TP LinuxServerTargetPlatform
[2017.04.01-11.17.39:492][  0]LogTemp:Display: Loaded TP LinuxTargetPlatform
[2017.04.01-11.17.39:492][  0]LogTargetPlatformManager:Display: Building Assets For Windows
[2017.04.01-11.17.39:845][  0]LogDerivedDataCache:Display: Max Cache Size: 512 MB
[2017.04.01-11.17.39:885][  0]LogDerivedDataCache: Loaded boot cache 0.04s 50MB C:/Users/Meuleman/AppData/Local/UnrealEngine/4.15/DerivedDataCache/Boot.ddc.
[2017.04.01-11.17.39:885][  0]LogDerivedDataCache:Display: Loaded Boot cache: C:/Users/Meuleman/AppData/Local/UnrealEngine/4.15/DerivedDataCache/Boot.ddc
[2017.04.01-11.17.39:885][  0]LogDerivedDataCache: FDerivedDataBackendGraph:  Pak pak cache file D:/User/Documents/Tower-Defence/DerivedDataCache/DDC.ddp not found, will not use a pak cache.
[2017.04.01-11.17.39:885][  0]LogDerivedDataCache: Unable to find inner node Pak for hierarchical cache Hierarchy.
[2017.04.01-11.17.39:885][  0]LogDerivedDataCache: FDerivedDataBackendGraph:  CompressedPak pak cache file D:/User/Documents/Tower-Defence/DerivedDataCache/Compressed.ddp not found, will not use a pak cache.
[2017.04.01-11.17.39:885][  0]LogDerivedDataCache: Unable to find inner node CompressedPak for hierarchical cache Hierarchy.
[2017.04.01-11.17.39:901][  0]LogDerivedDataCache:Display: Pak cache opened for reading ../../../Engine/DerivedDataCache/Compressed.ddp.
[2017.04.01-11.17.39:912][  0]LogDerivedDataCache: Using Local data cache path C:/Users/Meuleman/AppData/Local/UnrealEngine/Common/DerivedDataCache: Writable
[2017.04.01-11.17.39:919][  0]LogSlate: Using Freetype 2.6.0
[2017.04.01-11.17.39:920][  0]LogSlate: SlateFontCache - WITH_FREETYPE: 1, WITH_HARFBUZZ: 1
[2017.04.01-11.17.39:920][  0]LogSlate: SlateFontCache - WITH_FREETYPE: 1, WITH_HARFBUZZ: 1
[2017.04.01-11.17.40:125][  0]LogInit: Selected Device Profile: [Windows]
[2017.04.01-11.17.40:127][  0]LogContentStreaming: Texture pool size is 0.00 MB
[2017.04.01-11.17.40:302][  0]LogMeshUtilities: Using QuadricMeshReduction for automatic static mesh reduction
[2017.04.01-11.17.40:337][  0]LogSimplygon: Simplygon DLL not present - disabling.
[2017.04.01-11.17.40:375][  0]LogMeshUtilities: Using SimplygonSwarm for distributed automatic mesh merging
[2017.04.01-11.17.40:375][  0]LogMeshUtilities: No automatic skeletal mesh reduction module available
[2017.04.01-11.17.40:375][  0]LogMeshUtilities: No automatic mesh merging module available
[2017.04.01-11.17.40:822][  0]LogNetVersion: GetLocalNetworkVersion: CL: 3299760, ProjectName: rts_towerdefense, ProjectVersion: , EngineNetworkVersion: 2, GameNetworkVersion: 0, NetworkChecksum: 4106176920
[2017.04.01-11.17.40:865][  0]LogAssetRegistry: FAssetRegistry took 0.0210 seconds to start up
[2017.04.01-11.17.40:892][  0]LogPackageLocalizationCache: Processed 4 localized package path(s) for 1 prioritized culture(s) in 0.010342 seconds
[2017.04.01-11.17.40:897][  0]LogUObjectArray: 32493 objects as part of root set at end of initial load.
[2017.04.01-11.17.40:897][  0]LogUObjectAllocator: 7077024 out of 0 bytes used by permanent object pool.
[2017.04.01-11.17.40:897][  0]LogUObjectArray: CloseDisregardForGC: 0/0 objects in disregard for GC pool
[2017.04.01-11.17.40:948][  0]LogInit: WinSock: version 1.1 (2.2), MaxSocks=32767, MaxUdp=65467
[2017.04.01-11.17.42:580][  0]LogTcpMessaging: Initializing TcpMessaging bridge
[2017.04.01-11.17.42:614][  0]LogUdpMessaging: Initializing bridge on interface 0.0.0.0:0 to multicast group 230.0.0.1:6666.
[2017.04.01-11.17.42:996][  0]LogMaterial: Uniform references updated for custom material expression Custom.
[2017.04.01-11.17.43:289][  0]SourceControl: Info Source control is disabled
[2017.04.01-11.17.43:307][  0]SourceControl: Info Source control is disabled
[2017.04.01-11.17.43:344][  0]SourceControl: Info Source control is disabled
[2017.04.01-11.17.43:379][  0]SourceControl: Info Source control is disabled
[2017.04.01-11.17.44:390][  0]LogEngine: Initializing Engine...
[2017.04.01-11.17.44:391][  0]LogHMD: Failed to initialize OpenVR with code 110
[2017.04.01-11.17.44:573][  0]LogAIModule: Creating AISystem for world Untitled
[2017.04.01-11.17.44:585][  0]LogInit: XAudio2 using 'Haut-parleurs (Realtek High Definition Audio)' : 2 channels at 48 kHz using 32 bits per sample (channel mask 0x3)
[2017.04.01-11.17.44:595][  0]LogInit: FAudioDevice initialized.
[2017.04.01-11.17.44:614][  0]LogDerivedDataCache: Saved boot cache 0.02s 50MB C:/Users/Meuleman/AppData/Local/UnrealEngine/4.15/DerivedDataCache/Boot.ddc.
[2017.04.01-11.17.44:619][  0]LogInit: Texture streaming: Enabled
[2017.04.01-11.17.44:695][  0]LogEngineSessionManager: EngineSessionManager initialized
[2017.04.01-11.17.44:765][  0]LogInit: Transaction tracking system initialized
[2017.04.01-11.17.45:032][  0]BlueprintLog: New page: Editor Load
[2017.04.01-11.17.45:713][  0]LocalizationService: Info Localization service is disabled
[2017.04.01-11.17.46:235][  0]LogConsoleResponse:Display: 
[2017.04.01-11.17.46:336][  0]LogCook:Display: Max memory allowance for cook 16384mb min free memory 0mb
[2017.04.01-11.17.46:336][  0]LogCook:Display: Mobile HDR setting 1
[2017.04.01-11.17.46:385][  0]LogFileCache: Scanning file cache for directory 'D:/User/Documents/Tower-Defence/Content/' took 0.03s
[2017.04.01-11.17.47:133][  0]SourceControl: Info Source control is disabled
[2017.04.01-11.17.47:133][  0]Cmd: MAP LOAD FILE="D:/User/Documents/Tower-Defence/Content/RTS_TowerDefense/Maps/RTS_TestMap.umap" TEMPLATE=0 SHOWPROGRESS=1 FEATURELEVEL=3
[2017.04.01-11.17.47:134][  0]LightingResults: New page: Lighting Build
[2017.04.01-11.17.47:166][  0]MapCheck: New page: Map Check
[2017.04.01-11.17.47:166][  0]LightingResults: New page: Lighting Build
[2017.04.01-11.17.47:593][  0]LogClass:Warning: Enum '/Game/RTS_TowerDefense/Enums/GameSpeed_Enum.GameSpeed_ENUM' was upgraded to use FText to store its display name data. Please re-save this asset to avoid issues with localization and determinstic cooking.
[2017.04.01-11.17.47:888][  0]LogBlueprint:Warning: [Compiler CameraPawnController] Warning  Set Input Mode Game And UI (Deprecated)  is deprecated; Use the new version of Set Input Mode Game And UI instead
[2017.04.01-11.17.47:903][  0]LogBlueprint:Warning: [Compiler CameraPawnController] Warning [0013.70] Compile of CameraPawnController successful, but with 1 Warning(s) [in 58 ms] (/Game/RTS_TowerDefense/Blueprints/CameraPawnController.CameraPawnController)
[2017.04.01-11.17.47:905][  0]LogBlueprint:Warning: [Compiler CameraPawnController] Warning [0013.71] Compile of CameraPawnController successful, but with 2 Warning(s) [in 2 ms] (/Game/RTS_TowerDefense/Blueprints/CameraPawnController.CameraPawnController)
[2017.04.01-11.17.47:905][  0]LogBlueprint:Warning: [Compiler CameraPawnController] Warning [0013.71] Compile of CameraPawnController successful, but with 3 Warning(s) [in 0 ms] (/Game/RTS_TowerDefense/Blueprints/CameraPawnController.CameraPawnController)
[2017.04.01-11.17.48:073][  0]LogBlueprint:Warning: [Compiler CameraPawnController] Warning  Set Input Mode Game And UI (Deprecated)  is deprecated; Use the new version of Set Input Mode Game And UI instead
[2017.04.01-11.17.48:087][  0]LogBlueprint:Warning: [Compiler CameraPawnController] Warning [0013.89] Compile of CameraPawnController successful, but with 1 Warning(s) [in 59 ms] (/Game/RTS_TowerDefense/Blueprints/CameraPawnController.CameraPawnController)
[2017.04.01-11.17.48:087][  0]LogBlueprint:Warning: [Compiler CameraPawnController] Warning [0013.89] Compile of CameraPawnController successful, but with 2 Warning(s) [in 0 ms] (/Game/RTS_TowerDefense/Blueprints/CameraPawnController.CameraPawnController)
[2017.04.01-11.17.48:090][  0]LogBlueprint:Warning: [Compiler CameraPawnController] Warning [0013.89] Compile of CameraPawnController successful, but with 3 Warning(s) [in 2 ms] (/Game/RTS_TowerDefense/Blueprints/CameraPawnController.CameraPawnController)
[2017.04.01-11.17.48:664][  0]LogClass:Warning: Enum '/Game/RTS_TowerDefense/Enums/NPCSexType_ENUM.NPCSexType_ENUM' was upgraded to use FText to store its display name data. Please re-save this asset to avoid issues with localization and determinstic cooking.
[2017.04.01-11.17.48:684][  0]LogClass:Warning: Enum '/Game/RTS_TowerDefense/Enums/MonthNames_ENUM.MonthNames_ENUM' was upgraded to use FText to store its display name data. Please re-save this asset to avoid issues with localization and determinstic cooking.
[2017.04.01-11.17.48:755][  0]LogClass:Warning: Enum '/Game/RTS_TowerDefense/Enums/NPCNameFemale_ENUM.NPCNameFemale_ENUM' was upgraded to use FText to store its display name data. Please re-save this asset to avoid issues with localization and determinstic cooking.
[2017.04.01-11.17.48:775][  0]LogClass:Warning: Enum '/Game/RTS_TowerDefense/Enums/NPCNameMale_ENUM.NPCNameMale_ENUM' was upgraded to use FText to store its display name data. Please re-save this asset to avoid issues with localization and determinstic cooking.
[2017.04.01-11.17.48:788][  0]LogAIModule: Creating AISystem for world RTS_TestMap
[2017.04.01-11.17.48:826][  0]LogEditorServer: Finished looking for orphan Actors (0.000 secs)
[2017.04.01-11.17.48:836][  0]Cmd: MAP CHECKDEP NOCLEARLOG
[2017.04.01-11.17.48:878][  0]MapCheck: Info Map check complete: 0 Error(s), 0 Warning(s), took 42.116ms to complete.
[2017.04.01-11.17.48:878][  0]LogFileHelpers: Loading map 'RTS_TestMap' took 1.744
[2017.04.01-11.17.48:985][  0]LogWindowsTextInputMethodSystem:Display: IME system now deactivated.
[2017.04.01-11.17.49:087][  0]LogCollectionManager: Loaded 0 collections in 0.001160 seconds
[2017.04.01-11.17.49:212][  0]LogFileCache: Scanning file cache for directory 'D:/User/Documents/Tower-Defence/Saved/Collections/' took 0.01s
[2017.04.01-11.17.49:212][  0]LogFileCache: Scanning file cache for directory 'D:/User/Documents/Tower-Defence/Content/Developers/Meuleman/Collections/' took 0.01s
[2017.04.01-11.17.49:212][  0]LogFileCache: Scanning file cache for directory 'D:/User/Documents/Tower-Defence/Content/Collections/' took 0.01s
[2017.04.01-11.17.49:212][  0]LogCollectionManager: Rebuilt the GUID cache for 0 collections in 0.000001 seconds
[2017.04.01-11.17.49:220][  0]LogContentBrowser: Native class hierarchy populated in 0.0081 seconds. Added 2270 classes and 462 folders.
[2017.04.01-11.17.49:223][  0]LogStats: UGameplayTagsManager::ConstructGameplayTagTree: Construct from data asset -  0.000 s
[2017.04.01-11.17.49:223][  0]LogStats: UGameplayTagsManager::ConstructGameplayTagTree: GameplayTagTreeChangedEvent.Broadcast -  0.000 s
[2017.04.01-11.17.49:273][  0]LogContentBrowser: Native class hierarchy updated for 'WidgetCarousel' in 0.0004 seconds. Added 0 classes and 0 folders.
[2017.04.01-11.17.49:304][  0]LogContentBrowser: Native class hierarchy updated for 'AddContentDialog' in 0.0004 seconds. Added 0 classes and 0 folders.
[2017.04.01-11.17.49:338][  0]LogContentBrowser: Native class hierarchy updated for 'SceneOutliner' in 0.0004 seconds. Added 1 classes and 2 folders.
[2017.04.01-11.17.49:440][  0]LogCrashTracker: Crashtracker disabled due to settings.
[2017.04.01-11.17.49:444][  0]LogUObjectGlobals:Warning: Failed to find object 'Class None.'
[2017.04.01-11.17.49:499][  0]LogContentBrowser: Native class hierarchy updated for 'HierarchicalLODOutliner' in 0.0005 seconds. Added 1 classes and 2 folders.
[2017.04.01-11.17.49:499][  0]LogLoad: (Engine Initialization) Total time: 15.30 seconds
[2017.04.01-11.17.49:499][  0]LogLoad: (Engine Initialization) Total Blueprint compile time: 0.73 seconds
[2017.04.01-11.17.49:499][  0]LogExternalProfiler: Found external profiler: VSPerf
[2017.04.01-11.17.49:499][  0]LogExternalProfiler: Using external profiler: VSPerf
[2017.04.01-11.17.49:507][  0]LogOcInput: OculusInput pre-init called
[2017.04.01-11.17.49:528][  0]LogContentStreaming: Texture pool size now 1000 MB
[2017.04.01-11.17.49:529][  0]LogSlate: Took 0.000236 seconds to synchronously load lazily loaded font '../../../Engine/Content/Slate/Fonts/Roboto-Regular.ttf' (155K)
[2017.04.01-11.17.49:532][  0]LogSlate: Took 0.000208 seconds to synchronously load lazily loaded font '../../../Engine/Content/Slate/Fonts/Roboto-Bold.ttf' (160K)
[2017.04.01-11.17.49:536][  0]LogSlate: Took 0.000194 seconds to synchronously load lazily loaded font '../../../Engine/Content/Editor/Slate/Fonts/FontAwesome.ttf' (139K)
[2017.04.01-11.17.49:662][  0]LogSlate: Took 0.000144 seconds to synchronously load lazily loaded font '../../../Engine/Content/Slate/Fonts/Roboto-Light.ttf' (159K)
[2017.04.01-11.17.49:704][  0]LogRenderer: Reallocating scene render targets to support 1208x576 NumSamples 1 (Frame:2).
[2017.04.01-11.17.49:812][  3]LogAssetRegistry: Asset discovery search completed in 8.9689 seconds
[2017.04.01-11.17.49:812][  3]LogCollectionManager: Rebuilt the object cache for 0 collections in 0.000006 seconds (found 0 objects)
[2017.04.01-11.17.49:812][  3]LogCollectionManager: Fixed up redirectors for 0 collections in 0.000021 seconds (updated 0 objects)
[2017.04.01-11.17.50:536][ 82]LogSlate: Took 0.000153 seconds to synchronously load lazily loaded font '../../../Engine/Content/Slate/Fonts/Roboto-Light.ttf' (159K)
[2017.04.01-11.17.54:695][452]LogEditorViewport: Clicking on Actor (double click): Mine_C (Mine)
[2017.04.01-11.17.55:920][594]LogEditorViewport: Clicking on Actor (LMB): DefenseInstallation_C (DefenseInstallation)
[2017.04.01-11.17.56:934][711]LogEditorViewport: Clicking on Actor (LMB): Mine_C (Mine)
[2017.04.01-11.17.58:404][883]LogEditorViewport: Clicking on Actor (LMB): Mine_C (Mine)
[2017.04.01-11.17.58:476][890]LogEditorViewport: Clicking on Component (LMB): StaticMeshComponent (StaticMesh)
[2017.04.01-11.18.00:713][150]LogEditorViewport: Clicking on Actor (LMB): Landscape (Landscape)
[2017.04.01-11.18.01:229][205]LogEditorViewport: Clicking on Actor (LMB): Mine_C (Mine)
[2017.04.01-11.18.03:211][438]LogEditorViewport: Clicking on Actor (LMB): Landscape (Landscape)
[2017.04.01-11.18.03:852][509]LogEditorViewport: Clicking on Actor (LMB): Mine_C (Mine)
[2017.04.01-11.18.05:031][644]LogSlate: Took 0.000168 seconds to synchronously load lazily loaded font '../../../Engine/Content/Slate/Fonts/Roboto-Light.ttf' (159K)
[2017.04.01-11.18.05:326][644]LogLinker:Warning: Asset '../../../Engine/Plugins/Marketplace/LowEntryExtStdLib/Content/Blueprints/LowEntryExtendedStandardLibraryMacros.uasset' has been saved with empty engine version. The asset will be loaded but may be incompatible.
[2017.04.01-11.18.05:429][644]LogContentBrowser: Native class hierarchy updated for 'BlueprintGraph' in 0.0008 seconds. Added 112 classes and 0 folders.
[2017.04.01-11.18.06:040][644]LogScript:Warning: Accessed None trying to read property CameraPawnControllerRef
	Mine_C /Engine/Transient.World_6:PersistentLevel.Mine_C_0
	Function /Game/RTS_TowerDefense/Blueprints/Mine.Mine_C:ExecuteUbergraph_Mine:00AC
[2017.04.01-11.18.06:040][644]LogScript:Warning: Accessed None
	Mine_C /Engine/Transient.World_6:PersistentLevel.Mine_C_0
	Function /Game/RTS_TowerDefense/Blueprints/Mine.Mine_C:ExecuteUbergraph_Mine:00C1
[2017.04.01-11.18.06:041][644]LogScript:Warning: Accessed None trying to read property CameraPawnControllerRef
	Mine_C /Engine/Transient.World_6:PersistentLevel.Mine_C_0
	Function /Game/RTS_TowerDefense/Blueprints/Mine.Mine_C:ExecuteUbergraph_Mine:00F1
[2017.04.01-11.18.06:041][644]LogScript:Warning: Accessed None
	Mine_C /Engine/Transient.World_6:PersistentLevel.Mine_C_0
	Function /Game/RTS_TowerDefense/Blueprints/Mine.Mine_C:ExecuteUbergraph_Mine:0106
[2017.04.01-11.18.06:041][644]LogScript:Warning: Attempted to assign to None
	Mine_C /Engine/Transient.World_6:PersistentLevel.Mine_C_0
	Function /Game/RTS_TowerDefense/Blueprints/Mine.Mine_C:ExecuteUbergraph_Mine:011B
[2017.04.01-11.18.06:045][644]LogSlate: Took 0.000206 seconds to synchronously load lazily loaded font '../../../Engine/Content/Editor/Slate/Fonts/Roboto-BoldCondensed.ttf' (158K)
[2017.04.01-11.18.06:724][690]LogScript:Warning: Accessed None trying to read property CameraPawnControllerRef
	Mine_C /Engine/Transient.World_6:PersistentLevel.Mine_C_0
	Function /Game/RTS_TowerDefense/Blueprints/Mine.Mine_C:ExecuteUbergraph_Mine:00AC
[2017.04.01-11.18.06:724][690]LogScript:Warning: Accessed None
	Mine_C /Engine/Transient.World_6:PersistentLevel.Mine_C_0
	Function /Game/RTS_TowerDefense/Blueprints/Mine.Mine_C:ExecuteUbergraph_Mine:00C1
[2017.04.01-11.18.06:724][690]LogScript:Warning: Accessed None trying to read property CameraPawnControllerRef
	Mine_C /Engine/Transient.World_6:PersistentLevel.Mine_C_0
	Function /Game/RTS_TowerDefense/Blueprints/Mine.Mine_C:ExecuteUbergraph_Mine:00F1
[2017.04.01-11.18.06:724][690]LogScript:Warning: Accessed None
	Mine_C /Engine/Transient.World_6:PersistentLevel.Mine_C_0
	Function /Game/RTS_TowerDefense/Blueprints/Mine.Mine_C:ExecuteUbergraph_Mine:0106
[2017.04.01-11.18.06:724][690]LogScript:Warning: Attempted to assign to None
	Mine_C /Engine/Transient.World_6:PersistentLevel.Mine_C_0
	Function /Game/RTS_TowerDefense/Blueprints/Mine.Mine_C:ExecuteUbergraph_Mine:011B
[2017.04.01-11.18.07:729][770]LogScript:Warning: Accessed None trying to read property CameraPawnControllerRef
	Mine_C /Engine/Transient.World_6:PersistentLevel.Mine_C_0
	Function /Game/RTS_TowerDefense/Blueprints/Mine.Mine_C:ExecuteUbergraph_Mine:00AC
[2017.04.01-11.18.07:729][770]LogScript:Warning: Accessed None
	Mine_C /Engine/Transient.World_6:PersistentLevel.Mine_C_0
	Function /Game/RTS_TowerDefense/Blueprints/Mine.Mine_C:ExecuteUbergraph_Mine:00C1
[2017.04.01-11.18.07:729][770]LogScript:Warning: Accessed None trying to read property CameraPawnControllerRef
	Mine_C /Engine/Transient.World_6:PersistentLevel.Mine_C_0
	Function /Game/RTS_TowerDefense/Blueprints/Mine.Mine_C:ExecuteUbergraph_Mine:00F1
[2017.04.01-11.18.07:729][770]LogScript:Warning: Accessed None
	Mine_C /Engine/Transient.World_6:PersistentLevel.Mine_C_0
	Function /Game/RTS_TowerDefense/Blueprints/Mine.Mine_C:ExecuteUbergraph_Mine:0106
[2017.04.01-11.18.07:729][770]LogScript:Warning: Attempted to assign to None
	Mine_C /Engine/Transient.World_6:PersistentLevel.Mine_C_0
	Function /Game/RTS_TowerDefense/Blueprints/Mine.Mine_C:ExecuteUbergraph_Mine:011B
[2017.04.01-11.18.09:152][875]LogScript:Warning: Accessed None trying to read property CameraPawnControllerRef
	Mine_C /Engine/Transient.World_6:PersistentLevel.Mine_C_0
	Function /Game/RTS_TowerDefense/Blueprints/Mine.Mine_C:ExecuteUbergraph_Mine:00AC
[2017.04.01-11.18.09:152][875]LogScript:Warning: Accessed None
	Mine_C /Engine/Transient.World_6:PersistentLevel.Mine_C_0
	Function /Game/RTS_TowerDefense/Blueprints/Mine.Mine_C:ExecuteUbergraph_Mine:00C1
[2017.04.01-11.18.21:510][904]LogSlate: Took 0.000197 seconds to synchronously load lazily loaded font '../../../Engine/Content/Editor/Slate/Fonts/Roboto-Italic.ttf' (157K)
[2017.04.01-11.18.22:154][951]LogRenderer: Reallocating scene render targets to support 1208x712 NumSamples 1 (Frame:2935).
[2017.04.01-11.19.25:010][941]LogEditorViewport: Clicking on Actor (LMB): DefenseInstallation_C (DefenseInstallation)
[2017.04.01-11.20.05:409][469]LogRenderer: Reallocating scene render targets to support 1432x924 NumSamples 1 (Frame:19878).
[2017.04.01-11.20.21:001][116]LogEditorViewport: Clicking on Actor (LMB): Mine_C (Mine)
[2017.04.01-11.21.48:462][ 22]LogEditorTransaction: Undo Move Node
[2017.04.01-11.21.48:691][ 44]LogEditorTransaction: Undo Comment Bubble Visibility
[2017.04.01-11.21.49:079][ 86]LogEditorTransaction: Undo Move Node
[2017.04.01-11.21.49:594][144]LogEditorTransaction: Undo Comment Bubble Pin
[2017.04.01-11.21.49:994][188]LogEditorTransaction: Undo Comment Bubble Visibility
[2017.04.01-11.21.54:244][694]BlueprintLog: New page: Compile BuildingMaster_BP
[2017.04.01-11.23.17:366][428]LogEditorViewport: Clicking on Actor (LMB): DefenseInstallation_C (DefenseInstallation)
[2017.04.01-11.24.07:696][770]LogActorComponent: UnregisterComponent: (/Engine/Transient.EditorFloorComp) Not registered. Aborting.
[2017.04.01-11.24.09:160][770]LogObjectTools:Warning: ForceReplaceReferences replaced references for a transient object 'DEADCLASS_AttackedIsntallation_C_0' or package '/Engine/Transient'.
[2017.04.01-11.24.09:160][770]LogObjectTools:Warning: ForceReplaceReferences replaced references for a transient object 'SimpleConstructionScript_0' or package '/Engine/Transient'.
[2017.04.01-11.24.09:160][770]LogObjectTools:Warning: ForceReplaceReferences replaced references for a transient object 'InheritableComponentHandler' or package '/Engine/Transient'.
[2017.04.01-11.24.09:160][770]LogObjectTools:Warning: ForceReplaceReferences replaced references for a transient object 'StaticMesh_GEN_VARIABLE' or package '/Engine/Transient'.
[2017.04.01-11.24.09:160][770]LogObjectTools:Warning: ForceReplaceReferences replaced references for a transient object 'DefaultSceneRoot_GEN_VARIABLE' or package '/Engine/Transient'.
[2017.04.01-11.24.09:160][770]LogObjectTools:Warning: ForceReplaceReferences replaced references for a transient object 'DEADCLASS_AttackedIsntallation_C_1' or package '/Engine/Transient'.
[2017.04.01-11.24.09:160][770]LogObjectTools:Warning: ForceReplaceReferences replaced references for a transient object 'UserConstructionScript' or package '/Engine/Transient'.
[2017.04.01-11.24.09:160][770]LogObjectTools:Warning: ForceReplaceReferences replaced references for a transient object 'REINST_SKEL_AttackedIsntallation_C_268' or package '/Engine/Transient'.
[2017.04.01-11.24.09:160][770]LogObjectTools:Warning: ForceReplaceReferences replaced references for a transient object 'REINST_AttackedIsntallation_C_267' or package '/Engine/Transient'.
[2017.04.01-11.24.25:396][647]LogMetaData: Removing '/Game/RTS_TowerDefense/Blueprints/Buildings/AttackedInstallation/AttackedInstallation.SKEL_AttackedInstallation_C' ref from Metadata '/Game/RTS_TowerDefense/Blueprints/Buildings/AttackedInstallation/Mine.PackageMetaData'
[2017.04.01-11.24.25:396][647]LogMetaData: Removing '/Game/RTS_TowerDefense/Blueprints/Buildings/AttackedInstallation/AttackedInstallation.AttackedInstallation_C' ref from Metadata '/Game/RTS_TowerDefense/Blueprints/Buildings/AttackedInstallation/Mine.PackageMetaData'
[2017.04.01-11.24.25:448][647]LogSavePackage: Save=21.93ms
[2017.04.01-11.24.25:448][647]LogSavePackage: Moving 'D:/User/Documents/Tower-Defence/Saved/AttackedInstallation295F2A9C4372DCD41EB728B7DC44424C.tmp' to 'D:/User/Documents/Tower-Defence/Content/RTS_TowerDefense/Blueprints/Buildings/AttackedInstallation/AttackedInstallation.uasset'
[2017.04.01-11.24.25:449][647]LogSavePackage:Display: Finished SavePackage D:/User/Documents/Tower-Defence/Content/RTS_TowerDefense/Blueprints/Buildings/AttackedInstallation/AttackedInstallation.uasset
[2017.04.01-11.24.42:272][620]LogScript:Warning: Accessed None trying to read property CameraPawnControllerRef
	AttackedInstallation_C /Engine/Transient.World_22:PersistentLevel.AttackedInstallation_C_0
	Function /Game/RTS_TowerDefense/Blueprints/Buildings/AttackedInstallation/AttackedInstallation.AttackedInstallation_C:ExecuteUbergraph_AttackedInstallation:00AC
[2017.04.01-11.24.42:272][620]LogScript:Warning: Accessed None
	AttackedInstallation_C /Engine/Transient.World_22:PersistentLevel.AttackedInstallation_C_0
	Function /Game/RTS_TowerDefense/Blueprints/Buildings/AttackedInstallation/AttackedInstallation.AttackedInstallation_C:ExecuteUbergraph_AttackedInstallation:00C1
[2017.04.01-11.24.42:272][620]LogScript:Warning: Accessed None trying to read property CameraPawnControllerRef
	AttackedInstallation_C /Engine/Transient.World_22:PersistentLevel.AttackedInstallation_C_0
	Function /Game/RTS_TowerDefense/Blueprints/Buildings/AttackedInstallation/AttackedInstallation.AttackedInstallation_C:ExecuteUbergraph_AttackedInstallation:00F1
[2017.04.01-11.24.42:272][620]LogScript:Warning: Accessed None
	AttackedInstallation_C /Engine/Transient.World_22:PersistentLevel.AttackedInstallation_C_0
	Function /Game/RTS_TowerDefense/Blueprints/Buildings/AttackedInstallation/AttackedInstallation.AttackedInstallation_C:ExecuteUbergraph_AttackedInstallation:0106
[2017.04.01-11.24.42:272][620]LogScript:Warning: Attempted to assign to None
	AttackedInstallation_C /Engine/Transient.World_22:PersistentLevel.AttackedInstallation_C_0
	Function /Game/RTS_TowerDefense/Blueprints/Buildings/AttackedInstallation/AttackedInstallation.AttackedInstallation_C:ExecuteUbergraph_AttackedInstallation:011B
[2017.04.01-11.24.43:004][675]LogScript:Warning: Accessed None trying to read property CameraPawnControllerRef
	AttackedInstallation_C /Engine/Transient.World_22:PersistentLevel.AttackedInstallation_C_0
	Function /Game/RTS_TowerDefense/Blueprints/Buildings/AttackedInstallation/AttackedInstallation.AttackedInstallation_C:ExecuteUbergraph_AttackedInstallation:00AC
[2017.04.01-11.24.43:005][675]LogScript:Warning: Accessed None
	AttackedInstallation_C /Engine/Transient.World_22:PersistentLevel.AttackedInstallation_C_0
	Function /Game/RTS_TowerDefense/Blueprints/Buildings/AttackedInstallation/AttackedInstallation.AttackedInstallation_C:ExecuteUbergraph_AttackedInstallation:00C1
[2017.04.01-11.24.43:005][675]LogScript:Warning: Accessed None trying to read property CameraPawnControllerRef
	AttackedInstallation_C /Engine/Transient.World_22:PersistentLevel.AttackedInstallation_C_0
	Function /Game/RTS_TowerDefense/Blueprints/Buildings/AttackedInstallation/AttackedInstallation.AttackedInstallation_C:ExecuteUbergraph_AttackedInstallation:00F1
[2017.04.01-11.24.43:005][675]LogScript:Warning: Accessed None
	AttackedInstallation_C /Engine/Transient.World_22:PersistentLevel.AttackedInstallation_C_0
	Function /Game/RTS_TowerDefense/Blueprints/Buildings/AttackedInstallation/AttackedInstallation.AttackedInstallation_C:ExecuteUbergraph_AttackedInstallation:0106
[2017.04.01-11.24.43:005][675]LogScript:Warning: Attempted to assign to None
	AttackedInstallation_C /Engine/Transient.World_22:PersistentLevel.AttackedInstallation_C_0
	Function /Game/RTS_TowerDefense/Blueprints/Buildings/AttackedInstallation/AttackedInstallation.AttackedInstallation_C:ExecuteUbergraph_AttackedInstallation:011B
[2017.04.01-11.24.44:013][762]LogScript:Warning: Accessed None trying to read property CameraPawnControllerRef
	AttackedInstallation_C /Engine/Transient.World_22:PersistentLevel.AttackedInstallation_C_0
	Function /Game/RTS_TowerDefense/Blueprints/Buildings/AttackedInstallation/AttackedInstallation.AttackedInstallation_C:ExecuteUbergraph_AttackedInstallation:00AC
[2017.04.01-11.24.44:013][762]LogScript:Warning: Accessed None
	AttackedInstallation_C /Engine/Transient.World_22:PersistentLevel.AttackedInstallation_C_0
	Function /Game/RTS_TowerDefense/Blueprints/Buildings/AttackedInstallation/AttackedInstallation.AttackedInstallation_C:ExecuteUbergraph_AttackedInstallation:00C1
[2017.04.01-11.24.44:013][762]LogScript:Warning: Accessed None trying to read property CameraPawnControllerRef
	AttackedInstallation_C /Engine/Transient.World_22:PersistentLevel.AttackedInstallation_C_0
	Function /Game/RTS_TowerDefense/Blueprints/Buildings/AttackedInstallation/AttackedInstallation.AttackedInstallation_C:ExecuteUbergraph_AttackedInstallation:00F1
[2017.04.01-11.24.44:013][762]LogScript:Warning: Accessed None
	AttackedInstallation_C /Engine/Transient.World_22:PersistentLevel.AttackedInstallation_C_0
	Function /Game/RTS_TowerDefense/Blueprints/Buildings/AttackedInstallation/AttackedInstallation.AttackedInstallation_C:ExecuteUbergraph_AttackedInstallation:0106
[2017.04.01-11.24.44:013][762]LogScript:Warning: Attempted to assign to None
	AttackedInstallation_C /Engine/Transient.World_22:PersistentLevel.AttackedInstallation_C_0
	Function /Game/RTS_TowerDefense/Blueprints/Buildings/AttackedInstallation/AttackedInstallation.AttackedInstallation_C:ExecuteUbergraph_AttackedInstallation:011B
[2017.04.01-11.24.45:020][857]LogScript:Warning: Accessed None trying to read property CameraPawnControllerRef
	AttackedInstallation_C /Engine/Transient.World_22:PersistentLevel.AttackedInstallation_C_0
	Function /Game/RTS_TowerDefense/Blueprints/Buildings/AttackedInstallation/AttackedInstallation.AttackedInstallation_C:ExecuteUbergraph_AttackedInstallation:00AC
[2017.04.01-11.24.45:020][857]LogScript:Warning: Accessed None
	AttackedInstallation_C /Engine/Transient.World_22:PersistentLevel.AttackedInstallation_C_0
	Function /Game/RTS_TowerDefense/Blueprints/Buildings/AttackedInstallation/AttackedInstallation.AttackedInstallation_C:ExecuteUbergraph_AttackedInstallation:00C1
[2017.04.01-11.28.29:377][374]LogTemp: Repeting last play command: New Editor Window (PIE)
[2017.04.01-11.28.29:397][374]LogBlueprintUserMessages: Early PlayInEditor Detection: Level '/Game/RTS_TowerDefense/Maps/RTS_TestMap.RTS_TestMap:PersistentLevel' has LevelScriptBlueprint '/Game/RTS_TowerDefense/Maps/RTS_TestMap.RTS_TestMap:PersistentLevel.RTS_TestMap' with GeneratedClass '/Game/RTS_TowerDefense/Maps/RTS_TestMap.RTS_TestMap_C' with ClassGeneratedBy '/Game/RTS_TowerDefense/Maps/RTS_TestMap.RTS_TestMap:PersistentLevel.RTS_TestMap'
[2017.04.01-11.28.29:397][374]BlueprintLog: New page: Pre-Play auto-recompile
[2017.04.01-11.28.29:397][374]LogPlayLevel: [PlayLevel] Compiling AttackedInstallation before play...
[2017.04.01-11.28.29:561][374]LogPlayLevel: PlayLevel: Blueprint regeneration took 164 ms (1 blueprints)
[2017.04.01-11.28.29:561][374]PIE: New page: PIE session: RTS_TestMap (Apr 1, 2017, 3:28:29 PM)
[2017.04.01-11.28.29:561][374]LogPlayLevel: Creating play world package: /Game/RTS_TowerDefense/Maps/UEDPIE_0_RTS_TestMap
[2017.04.01-11.28.29:586][374]LogPlayLevel: PIE: StaticDuplicateObject took: (0.023917s)
[2017.04.01-11.28.29:586][374]LogAIModule: Creating AISystem for world RTS_TestMap
[2017.04.01-11.28.29:587][374]LogPlayLevel: PIE: World Init took: (0.000967s)
[2017.04.01-11.28.29:587][374]LogPlayLevel: PIE: Created PIE world by copying editor world from /Game/RTS_TowerDefense/Maps/RTS_TestMap.RTS_TestMap to /Game/RTS_TowerDefense/Maps/UEDPIE_0_RTS_TestMap.RTS_TestMap (0.025138s)
[2017.04.01-11.28.29:611][374]LogInit: XAudio2 using 'Haut-parleurs (Realtek High Definition Audio)' : 2 channels at 48 kHz using 32 bits per sample (channel mask 0x3)
[2017.04.01-11.28.29:618][374]LogInit: FAudioDevice initialized.
[2017.04.01-11.28.29:702][374]LogLoad: Game class is 'MyGameMod_C'
[2017.04.01-11.28.29:705][374]LogWorld: Bringing World /Game/RTS_TowerDefense/Maps/UEDPIE_0_RTS_TestMap.RTS_TestMap up for play (max tick rate 0) at 2017.04.01-13.28.29
[2017.04.01-11.28.29:705][374]LogWorld: Bringing up level for play took: 0.002618
[2017.04.01-11.28.29:738][374]LogContentBrowser: Native class hierarchy updated for 'MovieSceneCapture' in 0.0005 seconds. Added 11 classes and 0 folders.
[2017.04.01-11.28.29:738][374]LogGameMode:Display: Match State Changed from EnteringMap to WaitingToStart
[2017.04.01-11.28.29:738][374]LogGameState: Match State Changed from EnteringMap to WaitingToStart
[2017.04.01-11.28.29:738][374]LogGameMode:Display: Match State Changed from WaitingToStart to InProgress
[2017.04.01-11.28.29:742][374]LogGameState: Match State Changed from WaitingToStart to InProgress
[2017.04.01-11.28.29:747][374]PIE: Info Play in editor start time for /Game/RTS_TowerDefense/Maps/UEDPIE_0_RTS_TestMap 1.004
[2017.04.01-11.28.29:748][374]LogBlueprintUserMessages: Late PlayInEditor Detection: Level '/Game/RTS_TowerDefense/Maps/RTS_TestMap.RTS_TestMap:PersistentLevel' has LevelScriptBlueprint '/Game/RTS_TowerDefense/Maps/RTS_TestMap.RTS_TestMap:PersistentLevel.RTS_TestMap' with GeneratedClass '/Game/RTS_TowerDefense/Maps/RTS_TestMap.RTS_TestMap_C' with ClassGeneratedBy '/Game/RTS_TowerDefense/Maps/RTS_TestMap.RTS_TestMap:PersistentLevel.RTS_TestMap'
[2017.04.01-11.32.53:683][820]LogBlueprintUserMessages: Early EndPlayMap Detection: Level '/Game/RTS_TowerDefense/Maps/RTS_TestMap.RTS_TestMap:PersistentLevel' has LevelScriptBlueprint '/Game/RTS_TowerDefense/Maps/RTS_TestMap.RTS_TestMap:PersistentLevel.RTS_TestMap' with GeneratedClass '/Game/RTS_TowerDefense/Maps/RTS_TestMap.RTS_TestMap_C' with ClassGeneratedBy '/Game/RTS_TowerDefense/Maps/RTS_TestMap.RTS_TestMap:PersistentLevel.RTS_TestMap'
[2017.04.01-11.32.53:736][820]LogBlueprintUserMessages: Late EndPlayMap Detection: Level '/Game/RTS_TowerDefense/Maps/RTS_TestMap.RTS_TestMap:PersistentLevel' has LevelScriptBlueprint '/Game/RTS_TowerDefense/Maps/RTS_TestMap.RTS_TestMap:PersistentLevel.RTS_TestMap' with GeneratedClass '/Game/RTS_TowerDefense/Maps/RTS_TestMap.RTS_TestMap_C' with ClassGeneratedBy '/Game/RTS_TowerDefense/Maps/RTS_TestMap.RTS_TestMap:PersistentLevel.RTS_TestMap'
[2017.04.01-11.33.04:693][977]LogEditorViewport: Clicking on Actor (LMB): DefenseInstallation_C (DefenseInstallation)
[2017.04.01-11.33.20:322][683]LogSavePackage: Save=16.72ms
[2017.04.01-11.33.20:322][683]LogSavePackage: Moving 'D:/User/Documents/Tower-Defence/Saved/AttackedInstallation386B84F24D3F6AEC56568186D577B210.tmp' to 'D:/User/Documents/Tower-Defence/Content/RTS_TowerDefense/Blueprints/Buildings/AttackedInstallation/AttackedInstallation.uasset'
[2017.04.01-11.33.20:323][683]LogSavePackage:Display: Finished SavePackage D:/User/Documents/Tower-Defence/Content/RTS_TowerDefense/Blueprints/Buildings/AttackedInstallation/AttackedInstallation.uasset
[2017.04.01-11.33.22:192][901]BlueprintLog: New page: Compile AttackedInstallation
[2017.04.01-11.34.38:600][306]LogTemp: Repeting last play command: New Editor Window (PIE)
[2017.04.01-11.34.38:612][306]LogBlueprintUserMessages: Early PlayInEditor Detection: Level '/Game/RTS_TowerDefense/Maps/RTS_TestMap.RTS_TestMap:PersistentLevel' has LevelScriptBlueprint '/Game/RTS_TowerDefense/Maps/RTS_TestMap.RTS_TestMap:PersistentLevel.RTS_TestMap' with GeneratedClass '/Game/RTS_TowerDefense/Maps/RTS_TestMap.RTS_TestMap_C' with ClassGeneratedBy '/Game/RTS_TowerDefense/Maps/RTS_TestMap.RTS_TestMap:PersistentLevel.RTS_TestMap'
[2017.04.01-11.34.38:612][306]LogPlayLevel: PlayLevel: No blueprints needed recompiling
[2017.04.01-11.34.38:612][306]PIE: New page: PIE session: RTS_TestMap (Apr 1, 2017, 3:34:38 PM)
[2017.04.01-11.34.38:612][306]LogPlayLevel: Creating play world package: /Game/RTS_TowerDefense/Maps/UEDPIE_0_RTS_TestMap
[2017.04.01-11.34.38:636][306]LogPlayLevel: PIE: StaticDuplicateObject took: (0.023606s)
[2017.04.01-11.34.38:636][306]LogAIModule: Creating AISystem for world RTS_TestMap
[2017.04.01-11.34.38:637][306]LogPlayLevel: PIE: World Init took: (0.000876s)
[2017.04.01-11.34.38:637][306]LogPlayLevel: PIE: Created PIE world by copying editor world from /Game/RTS_TowerDefense/Maps/RTS_TestMap.RTS_TestMap to /Game/RTS_TowerDefense/Maps/UEDPIE_0_RTS_TestMap.RTS_TestMap (0.024721s)
[2017.04.01-11.34.38:663][306]LogInit: XAudio2 using 'Haut-parleurs (Realtek High Definition Audio)' : 2 channels at 48 kHz using 32 bits per sample (channel mask 0x3)
[2017.04.01-11.34.38:670][306]LogInit: FAudioDevice initialized.
[2017.04.01-11.34.38:739][306]LogLoad: Game class is 'MyGameMod_C'
[2017.04.01-11.34.38:742][306]LogWorld: Bringing World /Game/RTS_TowerDefense/Maps/UEDPIE_0_RTS_TestMap.RTS_TestMap up for play (max tick rate 0) at 2017.04.01-13.34.38
[2017.04.01-11.34.38:742][306]LogWorld: Bringing up level for play took: 0.002746
[2017.04.01-11.34.38:743][306]LogGameMode:Display: Match State Changed from EnteringMap to WaitingToStart
[2017.04.01-11.34.38:743][306]LogGameState: Match State Changed from EnteringMap to WaitingToStart
[2017.04.01-11.34.38:743][306]LogGameMode:Display: Match State Changed from WaitingToStart to InProgress
[2017.04.01-11.34.38:745][306]LogGameState: Match State Changed from WaitingToStart to InProgress
[2017.04.01-11.34.38:750][306]PIE: Info Play in editor start time for /Game/RTS_TowerDefense/Maps/UEDPIE_0_RTS_TestMap 0.007
[2017.04.01-11.34.38:751][306]LogBlueprintUserMessages: Late PlayInEditor Detection: Level '/Game/RTS_TowerDefense/Maps/RTS_TestMap.RTS_TestMap:PersistentLevel' has LevelScriptBlueprint '/Game/RTS_TowerDefense/Maps/RTS_TestMap.RTS_TestMap:PersistentLevel.RTS_TestMap' with GeneratedClass '/Game/RTS_TowerDefense/Maps/RTS_TestMap.RTS_TestMap_C' with ClassGeneratedBy '/Game/RTS_TowerDefense/Maps/RTS_TestMap.RTS_TestMap:PersistentLevel.RTS_TestMap'
[2017.04.01-11.35.13:692][491]LogBlueprintUserMessages: Early EndPlayMap Detection: Level '/Game/RTS_TowerDefense/Maps/RTS_TestMap.RTS_TestMap:PersistentLevel' has LevelScriptBlueprint '/Game/RTS_TowerDefense/Maps/RTS_TestMap.RTS_TestMap:PersistentLevel.RTS_TestMap' with GeneratedClass '/Game/RTS_TowerDefense/Maps/RTS_TestMap.RTS_TestMap_C' with ClassGeneratedBy '/Game/RTS_TowerDefense/Maps/RTS_TestMap.RTS_TestMap:PersistentLevel.RTS_TestMap'
[2017.04.01-11.35.13:741][491]LogBlueprintUserMessages: Late EndPlayMap Detection: Level '/Game/RTS_TowerDefense/Maps/RTS_TestMap.RTS_TestMap:PersistentLevel' has LevelScriptBlueprint '/Game/RTS_TowerDefense/Maps/RTS_TestMap.RTS_TestMap:PersistentLevel.RTS_TestMap' with GeneratedClass '/Game/RTS_TowerDefense/Maps/RTS_TestMap.RTS_TestMap_C' with ClassGeneratedBy '/Game/RTS_TowerDefense/Maps/RTS_TestMap.RTS_TestMap:PersistentLevel.RTS_TestMap'
[2017.04.01-11.35.16:631][759]LogEditorViewport: Clicking on Actor (LMB): AttackedInstallation_C (AttackedInstallation)
[2017.04.01-11.35.20:296][108]LogTemp: Repeting last play command: New Editor Window (PIE)
[2017.04.01-11.35.20:305][108]LogBlueprintUserMessages: Early PlayInEditor Detection: Level '/Game/RTS_TowerDefense/Maps/RTS_TestMap.RTS_TestMap:PersistentLevel' has LevelScriptBlueprint '/Game/RTS_TowerDefense/Maps/RTS_TestMap.RTS_TestMap:PersistentLevel.RTS_TestMap' with GeneratedClass '/Game/RTS_TowerDefense/Maps/RTS_TestMap.RTS_TestMap_C' with ClassGeneratedBy '/Game/RTS_TowerDefense/Maps/RTS_TestMap.RTS_TestMap:PersistentLevel.RTS_TestMap'
[2017.04.01-11.35.20:305][108]LogPlayLevel: PlayLevel: No blueprints needed recompiling
[2017.04.01-11.35.20:305][108]PIE: New page: PIE session: RTS_TestMap (Apr 1, 2017, 3:35:20 PM)
[2017.04.01-11.35.20:305][108]LogPlayLevel: Creating play world package: /Game/RTS_TowerDefense/Maps/UEDPIE_0_RTS_TestMap
[2017.04.01-11.35.20:325][108]LogPlayLevel: PIE: StaticDuplicateObject took: (0.018830s)
[2017.04.01-11.35.20:325][108]LogAIModule: Creating AISystem for world RTS_TestMap
[2017.04.01-11.35.20:325][108]LogPlayLevel: PIE: World Init took: (0.000702s)
[2017.04.01-11.35.20:326][108]LogPlayLevel: PIE: Created PIE world by copying editor world from /Game/RTS_TowerDefense/Maps/RTS_TestMap.RTS_TestMap to /Game/RTS_TowerDefense/Maps/UEDPIE_0_RTS_TestMap.RTS_TestMap (0.019761s)
[2017.04.01-11.35.20:349][108]LogInit: XAudio2 using 'Haut-parleurs (Realtek High Definition Audio)' : 2 channels at 48 kHz using 32 bits per sample (channel mask 0x3)
[2017.04.01-11.35.20:356][108]LogInit: FAudioDevice initialized.
[2017.04.01-11.35.20:418][108]LogLoad: Game class is 'MyGameMod_C'
[2017.04.01-11.35.20:421][108]LogWorld: Bringing World /Game/RTS_TowerDefense/Maps/UEDPIE_0_RTS_TestMap.RTS_TestMap up for play (max tick rate 0) at 2017.04.01-13.35.20
[2017.04.01-11.35.20:421][108]LogWorld: Bringing up level for play took: 0.002399
[2017.04.01-11.35.20:422][108]LogGameMode:Display: Match State Changed from EnteringMap to WaitingToStart
[2017.04.01-11.35.20:422][108]LogGameState: Match State Changed from EnteringMap to WaitingToStart
[2017.04.01-11.35.20:422][108]LogGameMode:Display: Match State Changed from WaitingToStart to InProgress
[2017.04.01-11.35.20:424][108]LogGameState: Match State Changed from WaitingToStart to InProgress
[2017.04.01-11.35.20:429][108]PIE: Info Play in editor start time for /Game/RTS_TowerDefense/Maps/UEDPIE_0_RTS_TestMap -0.314
[2017.04.01-11.35.20:429][108]LogBlueprintUserMessages: Late PlayInEditor Detection: Level '/Game/RTS_TowerDefense/Maps/RTS_TestMap.RTS_TestMap:PersistentLevel' has LevelScriptBlueprint '/Game/RTS_TowerDefense/Maps/RTS_TestMap.RTS_TestMap:PersistentLevel.RTS_TestMap' with GeneratedClass '/Game/RTS_TowerDefense/Maps/RTS_TestMap.RTS_TestMap_C' with ClassGeneratedBy '/Game/RTS_TowerDefense/Maps/RTS_TestMap.RTS_TestMap:PersistentLevel.RTS_TestMap'
[2017.04.01-11.35.26:447][664]LogBlueprintUserMessages: Early EndPlayMap Detection: Level '/Game/RTS_TowerDefense/Maps/RTS_TestMap.RTS_TestMap:PersistentLevel' has LevelScriptBlueprint '/Game/RTS_TowerDefense/Maps/RTS_TestMap.RTS_TestMap:PersistentLevel.RTS_TestMap' with GeneratedClass '/Game/RTS_TowerDefense/Maps/RTS_TestMap.RTS_TestMap_C' with ClassGeneratedBy '/Game/RTS_TowerDefense/Maps/RTS_TestMap.RTS_TestMap:PersistentLevel.RTS_TestMap'
[2017.04.01-11.35.26:497][664]LogBlueprintUserMessages: Late EndPlayMap Detection: Level '/Game/RTS_TowerDefense/Maps/RTS_TestMap.RTS_TestMap:PersistentLevel' has LevelScriptBlueprint '/Game/RTS_TowerDefense/Maps/RTS_TestMap.RTS_TestMap:PersistentLevel.RTS_TestMap' with GeneratedClass '/Game/RTS_TowerDefense/Maps/RTS_TestMap.RTS_TestMap_C' with ClassGeneratedBy '/Game/RTS_TowerDefense/Maps/RTS_TestMap.RTS_TestMap:PersistentLevel.RTS_TestMap'
[2017.04.01-11.35.50:524][ 30]LogObjectTools:Warning: ForceReplaceReferences replaced references for a transient object 'DEADCLASS_DefenseInstallation_C_2' or package '/Engine/Transient'.
[2017.04.01-11.35.50:524][ 30]LogObjectTools:Warning: ForceReplaceReferences replaced references for a transient object 'SimpleConstructionScript_0' or package '/Engine/Transient'.
[2017.04.01-11.35.50:524][ 30]LogObjectTools:Warning: ForceReplaceReferences replaced references for a transient object 'InheritableComponentHandler' or package '/Engine/Transient'.
[2017.04.01-11.35.50:524][ 30]LogObjectTools:Warning: ForceReplaceReferences replaced references for a transient object 'StaticMesh_GEN_VARIABLE' or package '/Engine/Transient'.
[2017.04.01-11.35.50:524][ 30]LogObjectTools:Warning: ForceReplaceReferences replaced references for a transient object 'DefaultSceneRoot_GEN_VARIABLE' or package '/Engine/Transient'.
[2017.04.01-11.35.50:524][ 30]LogObjectTools:Warning: ForceReplaceReferences replaced references for a transient object 'DEADCLASS_DefenseInstallation_C_3' or package '/Engine/Transient'.
[2017.04.01-11.35.50:524][ 30]LogObjectTools:Warning: ForceReplaceReferences replaced references for a transient object 'REINST_SKEL_DefenseInstallation_C_302' or package '/Engine/Transient'.
[2017.04.01-11.35.50:524][ 30]LogObjectTools:Warning: ForceReplaceReferences replaced references for a transient object 'UserConstructionScript' or package '/Engine/Transient'.
[2017.04.01-11.35.50:524][ 30]LogObjectTools:Warning: ForceReplaceReferences replaced references for a transient object 'TRASHCLASS_DefenseInstallation_262' or package '/Engine/Transient'.
[2017.04.01-11.35.50:524][ 30]LogObjectTools:Warning: ForceReplaceReferences replaced references for a transient object 'REINST_DefenseInstallation_C_301' or package '/Engine/Transient'.
[2017.04.01-11.36.02:992][483]LogMetaData: Removing '/Game/RTS_TowerDefense/Blueprints/Buildings/DefenseInstallation/DefenceInstallation.SKEL_DefenceInstallation_C' ref from Metadata '/Game/RTS_TowerDefense/Blueprints/Buildings/DefenseInstallation/AttackedInstallation.PackageMetaData'
[2017.04.01-11.36.02:992][483]LogMetaData: Removing '/Game/RTS_TowerDefense/Blueprints/Buildings/DefenseInstallation/DefenceInstallation.DefenceInstallation_C' ref from Metadata '/Game/RTS_TowerDefense/Blueprints/Buildings/DefenseInstallation/AttackedInstallation.PackageMetaData'
[2017.04.01-11.36.03:030][483]LogSavePackage: Save=13.93ms
[2017.04.01-11.36.03:030][483]LogSavePackage: Moving 'D:/User/Documents/Tower-Defence/Saved/DefenceInstallationBAE7BD9B4E195121D6624FA668704E7F.tmp' to 'D:/User/Documents/Tower-Defence/Content/RTS_TowerDefense/Blueprints/Buildings/DefenseInstallation/DefenceInstallation.uasset'
[2017.04.01-11.36.03:031][483]LogSavePackage:Display: Finished SavePackage D:/User/Documents/Tower-Defence/Content/RTS_TowerDefense/Blueprints/Buildings/DefenseInstallation/DefenceInstallation.uasset
[2017.04.01-11.36.32:535][974]LogEditorViewport: Clicking on Actor (context menu): Landscape (Landscape)
[2017.04.01-11.36.33:339][ 62]LogEditorViewport: Clicking on Actor (LMB): Landscape (Landscape)
[2017.04.01-11.36.34:116][154]LogEditorViewport: Clicking on Actor (LMB): DefenceInstallation_C (DefenceInstallation)
[2017.04.01-11.36.35:180][278]LogEditorViewport: Clicking on Actor (LMB): Landscape (Landscape)
[2017.04.01-11.36.43:198][213]LogEditorViewport: Clicking on Actor (LMB): DefenceInstallation_C (DefenceInstallation)
[2017.04.01-11.37.09:214][291]LogSavePackage: Save=189.21ms
[2017.04.01-11.37.09:214][291]LogSavePackage: Moving 'D:/User/Documents/Tower-Defence/Saved/RTS_TestMap_Auto1DBA803B144AEEBAC3747A4A82396D7CE.tmp' to 'D:/User/Documents/Tower-Defence/Saved/Autosaves/Game/RTS_TowerDefense/Maps/RTS_TestMap_Auto1.umap'
[2017.04.01-11.37.09:215][291]LogSavePackage:Display: Finished SavePackage D:/User/Documents/Tower-Defence/Saved/Autosaves/Game/RTS_TowerDefense/Maps/RTS_TestMap_Auto1.umap
[2017.04.01-11.37.09:216][291]LogFileHelpers: Editor autosave (incl. sublevels) for '/Game/RTS_TowerDefense/Maps/RTS_TestMap' took 0.216
[2017.04.01-11.37.09:216][291]LogFileHelpers: Editor autosave (incl. sublevels) for all levels took 0.216
[2017.04.01-11.37.09:220][291]LogSavePackage: Save=2.67ms
[2017.04.01-11.37.09:220][291]LogSavePackage: Moving 'D:/User/Documents/Tower-Defence/Saved/Mine_Auto1EECC01B647254C2140388F8B7FCFECA6.tmp' to 'D:/User/Documents/Tower-Defence/Saved/Autosaves/Game/RTS_TowerDefense/Blueprints/Buildings/AttackedInstallation/Mine_Auto1.uasset'
[2017.04.01-11.37.09:221][291]LogSavePackage:Display: Finished SavePackage D:/User/Documents/Tower-Defence/Saved/Autosaves/Game/RTS_TowerDefense/Blueprints/Buildings/AttackedInstallation/Mine_Auto1.uasset
[2017.04.01-11.37.09:221][291]OBJ SavePackage: Generating thumbnails for [0] asset(s) in package [/Game/RTS_TowerDefense/Blueprints/Buildings/BuildingMaster_BP] ([1] browsable assets)...
[2017.04.01-11.37.09:221][291]OBJ SavePackage: Finished generating thumbnails for package [/Game/RTS_TowerDefense/Blueprints/Buildings/BuildingMaster_BP]
[2017.04.01-11.37.09:258][291]LogSavePackage: Save=13.43ms
[2017.04.01-11.37.09:258][291]LogSavePackage: Moving 'D:/User/Documents/Tower-Defence/Saved/BuildingMaster_BP_Auto1C5D2DC6C4C50EFF171CA1B89975F6FF7.tmp' to 'D:/User/Documents/Tower-Defence/Saved/Autosaves/Game/RTS_TowerDefense/Blueprints/Buildings/BuildingMaster_BP_Auto1.uasset'
[2017.04.01-11.37.09:258][291]LogSavePackage:Display: Finished SavePackage D:/User/Documents/Tower-Defence/Saved/Autosaves/Game/RTS_TowerDefense/Blueprints/Buildings/BuildingMaster_BP_Auto1.uasset
[2017.04.01-11.37.09:262][291]LogSavePackage: Save=2.62ms
[2017.04.01-11.37.09:262][291]LogSavePackage: Moving 'D:/User/Documents/Tower-Defence/Saved/AttackedInstallation_Auto1635406E043AA7F8342C61A976F3C9C8D.tmp' to 'D:/User/Documents/Tower-Defence/Saved/Autosaves/Game/RTS_TowerDefense/Blueprints/Buildings/DefenseInstallation/AttackedInstallation_Auto1.uasset'
[2017.04.01-11.37.09:262][291]LogSavePackage:Display: Finished SavePackage D:/User/Documents/Tower-Defence/Saved/Autosaves/Game/RTS_TowerDefense/Blueprints/Buildings/DefenseInstallation/AttackedInstallation_Auto1.uasset
[2017.04.01-11.37.09:262][291]LogFileHelpers: Auto-saving content packages took 0.046
